[2026-04-16T21:32:33Z] === ENRICH ITERATION 3 START | repo=antlr/antlr4 sha=44d87bc1 ===
[2026-04-16T21:32:33Z] [iter=3] PHASE START: enrich repo=antlr/antlr4 sha=44d87bc1 runlog=/home/runner/work/forx/forx/storage/aggregate/lsp/logs/44d87bc1-enrich-iter-003.log output=/home/runner/work/forx/forx/storage/aggregate/lsp/44d87bc1d130c88aa452894aa5f7e2f710f68253.nq.gz
[2026-04-16T21:32:33Z] [iter=3] Step 1: Loading AST into disk-backed store mem_mb=77 MB
[2026-04-16T21:33:45Z] [iter=3] AST store loaded triples=7456134 load_secs=69 mem_mb=1028 MB
[2026-04-16T21:33:45Z] [iter=3] Step 2: Finding LSP targets mem_mb=1028 MB
[2026-04-16T21:34:11Z] [iter=3] LSP targets found call_sites=45453 imports=6428 extends=1157 implements=0 secs=26
[2026-04-16T21:34:13Z] [iter=3] Loaded checkpoint partial graph triples=75170
[2026-04-16T21:34:38Z] [iter=3] Step 2.7: Building position index (one-shot, shared across resolvers) mem_mb=1028 MB
[2026-04-16T21:35:19Z] [iter=3] Position index built positions=505368 nodes_with_types=613235 secs=41 mem_mb=1503 MB
[2026-04-16T21:35:19Z] [iter=3] Step 3: Starting LSP resolution mem_mb=1503 MB already_completed_types=[] already_completed_files=108
[2026-04-16T21:35:19Z] [iter=3] Resolving target type target_type=call_site count=45453
[2026-04-16T21:35:38Z] [iter=3] HEARTBEAT target_type=call_site elapsed_min=3.1 files_done=0 resolved=0 errors=0 current=tool/src/org/antlr/v4/tool/GrammarTransformPipeline.java
[2026-04-16T21:46:04Z] [iter=3] HEARTBEAT target_type=call_site elapsed_min=13.5 files_done=1 resolved=2 errors=204 current=tool/src/org/antlr/v4/gui/TreeLayoutAdaptor.java
[2026-04-16T21:46:37Z] [iter=3] HEARTBEAT target_type=call_site elapsed_min=14.1 files_done=2 resolved=2 errors=215 current=tool/src/org/antlr/v4/analysis/AnalysisPipeline.java
[2026-04-16T21:47:54Z] [iter=3] HEARTBEAT target_type=call_site elapsed_min=15.3 files_done=3 resolved=3 errors=240 current=tool-testsuite/test/org/antlr/v4/test/tool/TestBufferedTokenStream.java
[2026-04-16T21:49:46Z] [iter=3] HEARTBEAT target_type=call_site elapsed_min=17.2 files_done=4 resolved=11 errors=277 current=runtime/Java/src/org/antlr/v4/runtime/BufferedTokenStream.java
[2026-04-16T21:54:57Z] [iter=3] HEARTBEAT target_type=call_site elapsed_min=22.4 files_done=5 resolved=11 errors=380 current=tool-testsuite/test/org/antlr/v4/test/tool/TestParserProfiler.java
[2026-04-16T21:56:32Z] [iter=3] HEARTBEAT target_type=call_site elapsed_min=24.0 files_done=6 resolved=35 errors=411 current=tool-testsuite/test/org/antlr/v4/test/tool/TestCharSupport.java
[2026-04-16T21:58:20Z] [iter=3] HEARTBEAT target_type=call_site elapsed_min=25.8 files_done=7 resolved=71 errors=447 current=tool-testsuite/test/org/antlr/v4/test/tool/TestCodeGeneration.java
[2026-04-16T22:00:00Z] [iter=3] HEARTBEAT target_type=call_site elapsed_min=27.5 files_done=8 resolved=79 errors=480 current=tool/src/org/antlr/v4/tool/AttributeDict.java
[2026-04-16T22:00:49Z] [iter=3] HEARTBEAT target_type=call_site elapsed_min=28.3 files_done=9 resolved=80 errors=496 current=tool-testsuite/test/org/antlr/v4/test/tool/TestUnbufferedTokenStream.java
[2026-04-16T22:05:18Z] [iter=3] HEARTBEAT target_type=call_site elapsed_min=32.7 files_done=10 resolved=115 errors=585 current=runtime/Java/src/org/antlr/v4/runtime/atn/SemanticContext.java
[2026-04-16T22:07:55Z] [iter=3] HEARTBEAT target_type=call_site elapsed_min=35.4 files_done=11 resolved=130 errors=636 current=tool/src/org/antlr/v4/codegen/model/decl/AltLabelStructDecl.java
[2026-04-16T22:08:25Z] [iter=3] HEARTBEAT target_type=call_site elapsed_min=35.9 files_done=12 resolved=130 errors=646 current=runtime/Java/src/org/antlr/v4/runtime/dfa/DFAState.java
[2026-04-16T22:09:04Z] [iter=3] HEARTBEAT target_type=call_site elapsed_min=36.5 files_done=13 resolved=131 errors=659 current=tool-testsuite/test/org/antlr/v4/test/tool/TestFastQueue.java
[2026-04-16T22:11:29Z] [iter=3] HEARTBEAT target_type=call_site elapsed_min=38.9 files_done=14 resolved=139 errors=707 current=tool-testsuite/test/org/antlr/v4/test/tool/TestTokenPositionOptions.java
[2026-04-16T22:12:26Z] [iter=3] HEARTBEAT target_type=call_site elapsed_min=39.9 files_done=15 resolved=145 errors=726 current=runtime/Java/src/org/antlr/v4/runtime/atn/ATNConfigSet.java
[2026-04-16T22:14:30Z] [iter=3] HEARTBEAT target_type=call_site elapsed_min=42.0 files_done=16 resolved=146 errors=767 current=tool/src/org/antlr/v4/codegen/model/decl/CodeBlock.java
[2026-04-16T22:22:47Z] [iter=3] HEARTBEAT target_type=call_site elapsed_min=50.2 files_done=18 resolved=153 errors=931 current=runtime/Java/src/org/antlr/v4/runtime/misc/OrderedHashSet.java
[2026-04-16T22:23:21Z] [iter=3] HEARTBEAT target_type=call_site elapsed_min=50.8 files_done=19 resolved=159 errors=942 current=tool/src/org/antlr/v4/analysis/LeftRecursiveRuleTransformer.java
[2026-04-16T22:26:31Z] [iter=3] HEARTBEAT target_type=call_site elapsed_min=54.0 files_done=20 resolved=159 errors=1005 current=runtime-testsuite/test/org/antlr/v4/test/runtime/BaseRuntimeTestSupport.java
[2026-04-16T22:28:55Z] [iter=3] HEARTBEAT target_type=call_site elapsed_min=56.4 files_done=21 resolved=178 errors=1052 current=tool-testsuite/test/org/antlr/v4/test/tool/TestXPath.java
[2026-04-16T22:30:20Z] [iter=3] HEARTBEAT target_type=call_site elapsed_min=57.8 files_done=22 resolved=188 errors=1080 current=runtime/Java/src/org/antlr/v4/runtime/atn/ATN.java
[2026-04-16T22:31:36Z] [iter=3] HEARTBEAT target_type=call_site elapsed_min=59.1 files_done=23 resolved=188 errors=1105 current=tool-testsuite/test/org/antlr/v4/test/tool/TestLookaheadTrees.java
[2026-04-16T22:32:31Z] [iter=3] HEARTBEAT target_type=call_site elapsed_min=60.0 files_done=24 resolved=190 errors=1123 current=runtime/Java/src/org/antlr/v4/runtime/UnbufferedTokenStream.java
[2026-04-16T22:33:53Z] [iter=3] HEARTBEAT target_type=call_site elapsed_min=61.3 files_done=25 resolved=193 errors=1150 current=runtime/Java/src/org/antlr/v4/runtime/Lexer.java
[2026-04-16T22:37:08Z] [iter=3] HEARTBEAT target_type=call_site elapsed_min=64.6 files_done=26 resolved=196 errors=1215 current=runtime-testsuite/test/org/antlr/v4/test/runtime/dart/BaseDartTest.java
[2026-04-16T22:42:49Z] [iter=3] HEARTBEAT target_type=call_site elapsed_min=70.3 files_done=27 resolved=213 errors=1328 current=runtime/Java/src/org/antlr/v4/runtime/CharStreams.java
[2026-04-16T22:45:26Z] [iter=3] HEARTBEAT target_type=call_site elapsed_min=72.9 files_done=28 resolved=223 errors=1380 current=tool-testsuite/test/org/antlr/v4/test/tool/TestLexerActions.java
[2026-04-16T22:46:11Z] [iter=3] HEARTBEAT target_type=call_site elapsed_min=73.6 files_done=29 resolved=237 errors=1395 current=runtime/Java/src/org/antlr/v4/runtime/CommonTokenStream.java
[2026-04-16T22:46:50Z] [iter=3] HEARTBEAT target_type=call_site elapsed_min=74.3 files_done=30 resolved=237 errors=1408 current=runtime/Java/src/org/antlr/v4/runtime/dfa/LexerDFASerializer.java
[2026-04-16T22:51:08Z] [iter=3] HEARTBEAT target_type=call_site elapsed_min=78.6 files_done=32 resolved=246 errors=1482 current=runtime/Java/src/org/antlr/v4/runtime/CommonToken.java
[2026-04-16T22:52:33Z] [iter=3] HEARTBEAT target_type=call_site elapsed_min=80.0 files_done=33 resolved=247 errors=1507 current=runtime-testsuite/test/org/antlr/v4/test/runtime/go/BaseGoTest.java
[2026-04-16T22:58:23Z] [iter=3] HEARTBEAT target_type=call_site elapsed_min=85.8 files_done=34 resolved=272 errors=1623 current=runtime/Java/src/org/antlr/v4/runtime/atn/ATNConfig.java
[2026-04-16T22:59:36Z] [iter=3] HEARTBEAT target_type=call_site elapsed_min=87.0 files_done=35 resolved=272 errors=1647 current=tool-testsuite/test/org/antlr/v4/test/tool/ParserInterpreterForTesting.java
[2026-04-16T23:00:06Z] [iter=3] HEARTBEAT target_type=call_site elapsed_min=87.6 files_done=36 resolved=272 errors=1657 current=tool/src/org/antlr/v4/codegen/target/CppTarget.java
[2026-04-16T23:01:28Z] [iter=3] HEARTBEAT target_type=call_site elapsed_min=88.9 files_done=37 resolved=286 errors=1684 current=tool/src/org/antlr/v4/tool/GrammarParserInterpreter.java
[2026-04-16T23:05:21Z] [iter=3] HEARTBEAT target_type=call_site elapsed_min=92.8 files_done=38 resolved=288 errors=1761 current=runtime-testsuite/test/org/antlr/v4/test/runtime/cpp/TestLeftRecursion.java
[2026-04-16T23:11:03Z] [iter=3] HEARTBEAT target_type=call_site elapsed_min=98.5 files_done=40 resolved=313 errors=1874 current=runtime/Java/src/org/antlr/v4/runtime/tree/pattern/ParseTreePatternMatcher.java
[2026-04-16T23:17:39Z] [iter=3] HEARTBEAT target_type=call_site elapsed_min=105.1 files_done=41 resolved=316 errors=2005 current=runtime-testsuite/test/org/antlr/v4/test/runtime/java/api/perf/TimeLexerSpeed.java
[2026-04-16T23:22:43Z] [iter=3] HEARTBEAT target_type=call_site elapsed_min=110.2 files_done=42 resolved=367 errors=2105 current=runtime/Java/src/org/antlr/v4/runtime/BailErrorStrategy.java
[2026-04-16T23:23:37Z] [iter=3] HEARTBEAT target_type=call_site elapsed_min=111.1 files_done=44 resolved=368 errors=2123 current=runtime/Java/src/org/antlr/v4/runtime/misc/LogManager.java
[2026-04-16T23:24:49Z] [iter=3] HEARTBEAT target_type=call_site elapsed_min=112.3 files_done=45 resolved=371 errors=2147 current=tool-testsuite/test/org/antlr/v4/test/tool/TestEscapeSequenceParsing.java
[2026-04-16T23:25:50Z] [iter=3] HEARTBEAT target_type=call_site elapsed_min=113.3 files_done=46 resolved=388 errors=2167 current=tool-testsuite/test/org/antlr/v4/test/tool/BaseJavaToolTest.java
[2026-04-16T23:26:38Z] [iter=3] HEARTBEAT target_type=call_site elapsed_min=114.1 files_done=47 resolved=389 errors=2183 current=runtime/Java/src/org/antlr/v4/runtime/tree/IterativeParseTreeWalker.java
[2026-04-16T23:27:17Z] [iter=3] HEARTBEAT target_type=call_site elapsed_min=114.7 files_done=48 resolved=389 errors=2196 current=tool/src/org/antlr/v4/misc/EscapeSequenceParsing.java
[2026-04-16T23:28:54Z] [iter=3] HEARTBEAT target_type=call_site elapsed_min=116.4 files_done=49 resolved=397 errors=2228 current=runtime-testsuite/test/org/antlr/v4/test/runtime/python2/BasePython2Test.java
[2026-04-16T23:29:37Z] [iter=3] HEARTBEAT target_type=call_site elapsed_min=117.1 files_done=50 resolved=398 errors=2242 current=runtime/Java/src/org/antlr/v4/runtime/dfa/DFA.java
[2026-04-16T23:33:21Z] [iter=3] HEARTBEAT target_type=call_site elapsed_min=120.8 files_done=53 resolved=400 errors=2316 current=tool/src/org/antlr/v4/gui/Trees.java
[2026-04-16T23:34:52Z] [iter=3] HEARTBEAT target_type=call_site elapsed_min=122.3 files_done=54 resolved=403 errors=2346 current=runtime/Java/src/org/antlr/v4/runtime/atn/Transition.java
[2026-04-16T23:38:58Z] [iter=3] HEARTBEAT target_type=call_site elapsed_min=126.4 files_done=57 resolved=456 errors=2427 current=tool/src/org/antlr/v4/gui/GraphicsSupport.java
[2026-04-16T23:40:26Z] [iter=3] HEARTBEAT target_type=call_site elapsed_min=127.9 files_done=58 resolved=462 errors=2456 current=tool/src/org/antlr/v4/misc/Graph.java
[2026-04-16T23:41:17Z] [iter=3] HEARTBEAT target_type=call_site elapsed_min=128.7 files_done=59 resolved=462 errors=2473 current=tool/src/org/antlr/v4/codegen/model/SerializedJavaATN.java
[2026-04-16T23:41:59Z] [iter=3] HEARTBEAT target_type=call_site elapsed_min=129.4 files_done=61 resolved=464 errors=2487 current=tool/src/org/antlr/v4/parse/GrammarASTAdaptor.java
[2026-04-16T23:43:39Z] [iter=3] HEARTBEAT target_type=call_site elapsed_min=131.1 files_done=63 resolved=469 errors=2520 current=tool/src/org/antlr/v4/codegen/model/Recognizer.java
[2026-04-16T23:44:58Z] [iter=3] HEARTBEAT target_type=call_site elapsed_min=132.4 files_done=64 resolved=471 errors=2546 current=runtime-testsuite/test/org/antlr/v4/test/runtime/csharp/TestLexerErrors.java
[2026-04-16T23:45:49Z] [iter=3] HEARTBEAT target_type=call_site elapsed_min=133.3 files_done=67 resolved=472 errors=2563 current=tool/src/org/antlr/v4/semantics/RuleCollector.java
[2026-04-16T23:47:38Z] [iter=3] HEARTBEAT target_type=call_site elapsed_min=135.1 files_done=68 resolved=473 errors=2599 current=runtime/Java/src/org/antlr/v4/runtime/misc/InterpreterDataReader.java
[2026-04-16T23:49:30Z] [iter=3] HEARTBEAT target_type=call_site elapsed_min=137.0 files_done=69 resolved=474 errors=2636 current=tool/src/org/antlr/v4/misc/OrderedHashMap.java
[2026-04-16T23:52:17Z] [iter=3] HEARTBEAT target_type=call_site elapsed_min=139.7 files_done=71 resolved=479 errors=2691 current=tool/src/org/antlr/v4/semantics/ActionSniffer.java
[2026-04-16T23:53:33Z] [iter=3] HEARTBEAT target_type=call_site elapsed_min=141.0 files_done=72 resolved=479 errors=2716 current=tool/src/org/antlr/v4/codegen/model/StarBlock.java
[2026-04-16T23:55:52Z] [iter=3] HEARTBEAT target_type=call_site elapsed_min=143.3 files_done=74 resolved=480 errors=2762 current=runtime-testsuite/test/org/antlr/v4/test/runtime/cpp/TestParserErrors.java
[2026-04-16T23:56:58Z] [iter=3] HEARTBEAT target_type=call_site elapsed_min=144.4 files_done=76 resolved=487 errors=2784 current=runtime/Java/src/org/antlr/v4/runtime/ParserRuleContext.java
[2026-04-16T23:58:56Z] [iter=3] HEARTBEAT target_type=call_site elapsed_min=146.4 files_done=77 resolved=492 errors=2823 current=tool/src/org/antlr/v4/parse/GrammarToken.java
[2026-04-16T23:59:38Z] [iter=3] HEARTBEAT target_type=call_site elapsed_min=147.1 files_done=78 resolved=499 errors=2837 current=runtime-testsuite/test/org/antlr/v4/test/runtime/java/TestLeftRecursion.java
[2026-04-17T00:00:18Z] [iter=3] HEARTBEAT target_type=call_site elapsed_min=147.8 files_done=80 resolved=516 errors=2850 current=tool/src/org/antlr/v4/codegen/target/DartTarget.java
[2026-04-17T00:01:19Z] [iter=3] HEARTBEAT target_type=call_site elapsed_min=148.8 files_done=82 resolved=529 errors=2870 current=tool-testsuite/test/org/antlr/v4/test/tool/TestAmbigParseTrees.java
[2026-04-17T00:03:12Z] [iter=3] HEARTBEAT target_type=call_site elapsed_min=150.7 files_done=83 resolved=536 errors=2907 current=runtime/Java/src/org/antlr/v4/runtime/tree/xpath/XPath.java
[2026-04-17T00:04:41Z] [iter=3] HEARTBEAT target_type=call_site elapsed_min=152.1 files_done=84 resolved=538 errors=2936 current=runtime/Java/src/org/antlr/v4/runtime/atn/AtomTransition.java
[2026-04-17T00:06:06Z] [iter=3] HEARTBEAT target_type=call_site elapsed_min=153.5 files_done=86 resolved=539 errors=2964 current=tool/src/org/antlr/v4/codegen/target/SwiftTarget.java
[2026-04-17T00:07:55Z] [iter=3] HEARTBEAT target_type=call_site elapsed_min=155.4 files_done=88 resolved=545 errors=3000 current=tool-testsuite/test/org/antlr/v4/test/tool/TestToolSyntaxErrors.java
[2026-04-17T00:10:17Z] [iter=3] HEARTBEAT target_type=call_site elapsed_min=157.7 files_done=89 resolved=546 errors=3047 current=tool/src/org/antlr/v4/codegen/model/Action.java
[2026-04-17T00:11:12Z] [iter=3] HEARTBEAT target_type=call_site elapsed_min=158.7 files_done=91 resolved=547 errors=3065 current=runtime-testsuite/test/org/antlr/v4/test/runtime/java/TestParserErrors.java
[2026-04-17T00:12:03Z] [iter=3] HEARTBEAT target_type=call_site elapsed_min=159.5 files_done=94 resolved=549 errors=3082 current=tool/src/org/antlr/v4/codegen/model/SemPred.java
[2026-04-17T00:12:52Z] [iter=3] HEARTBEAT target_type=call_site elapsed_min=160.3 files_done=95 resolved=549 errors=3098 current=tool/src/org/antlr/v4/misc/CharSupport.java
[2026-04-17T00:14:55Z] [iter=3] HEARTBEAT target_type=call_site elapsed_min=162.4 files_done=96 resolved=558 errors=3139 current=tool-testsuite/test/org/antlr/v4/test/tool/TestActionTranslation.java
[2026-04-17T00:17:05Z] [iter=3] HEARTBEAT target_type=call_site elapsed_min=164.5 files_done=97 resolved=558 errors=3182 current=runtime/Java/src/org/antlr/v4/runtime/atn/LexerSkipAction.java
[2026-04-17T00:18:21Z] [iter=3] HEARTBEAT target_type=call_site elapsed_min=165.8 files_done=100 resolved=564 errors=3207 current=runtime-testsuite/test/org/antlr/v4/test/runtime/RuntimeTestUtils.java
[2026-04-17T00:19:17Z] [iter=3] HEARTBEAT target_type=call_site elapsed_min=166.7 files_done=101 resolved=566 errors=3225 current=runtime/Java/src/org/antlr/v4/runtime/tree/TerminalNodeImpl.java
[2026-04-17T00:19:47Z] [iter=3] HEARTBEAT target_type=call_site elapsed_min=167.2 files_done=103 resolved=566 errors=3235 current=runtime/Java/src/org/antlr/v4/runtime/misc/DoubleKeyMap.java
[2026-04-17T00:20:24Z] [iter=3] HEARTBEAT target_type=call_site elapsed_min=167.8 files_done=104 resolved=566 errors=3247 current=runtime-testsuite/test/org/antlr/v4/test/runtime/cpp/TestLexerErrors.java
[2026-04-17T00:21:06Z] [iter=3] HEARTBEAT target_type=call_site elapsed_min=168.6 files_done=108 resolved=568 errors=3261 current=runtime-testsuite/test/org/antlr/v4/test/runtime/StreamVacuum.java
[2026-04-17T00:24:14Z] [iter=3] HEARTBEAT target_type=call_site elapsed_min=171.7 files_done=111 resolved=575 errors=3323 current=runtime-testsuite/test/org/antlr/v4/test/runtime/python2/TestParseTrees.java
[2026-04-17T00:26:22Z] [iter=3] HEARTBEAT target_type=call_site elapsed_min=173.8 files_done=114 resolved=582 errors=3365 current=tool/src/org/antlr/v4/semantics/SymbolCollector.java
[2026-04-17T00:28:03Z] [iter=3] HEARTBEAT target_type=call_site elapsed_min=175.5 files_done=115 resolved=582 errors=3398 current=runtime-testsuite/test/org/antlr/v4/test/runtime/dart/TestSemPredEvalLexer.java
[2026-04-17T00:28:42Z] [iter=3] HEARTBEAT target_type=call_site elapsed_min=176.2 files_done=118 resolved=589 errors=3411 current=runtime/Java/src/org/antlr/v4/runtime/atn/PredictionMode.java
[2026-04-17T00:30:37Z] [iter=3] HEARTBEAT target_type=call_site elapsed_min=178.1 files_done=119 resolved=589 errors=3449 current=runtime-testsuite/test/org/antlr/v4/test/runtime/php/TestCompositeLexers.java
[2026-04-17T00:31:14Z] [iter=3] HEARTBEAT target_type=call_site elapsed_min=178.7 files_done=122 resolved=589 errors=3461 current=runtime-testsuite/test/org/antlr/v4/test/runtime/TestContext.java
[2026-04-17T00:32:14Z] [iter=3] HEARTBEAT target_type=call_site elapsed_min=179.7 files_done=124 resolved=601 errors=3481 current=runtime-testsuite/test/org/antlr/v4/test/runtime/go/TestParseTrees.java
[2026-04-17T00:33:09Z] [iter=3] HEARTBEAT target_type=call_site elapsed_min=180.6 files_done=127 resolved=609 errors=3499 current=runtime-testsuite/test/org/antlr/v4/test/runtime/TestOutputReading.java
[2026-04-17T00:34:00Z] [iter=3] HEARTBEAT target_type=call_site elapsed_min=181.5 files_done=129 resolved=613 errors=3516 current=runtime/Java/src/org/antlr/v4/runtime/atn/LexerMoreAction.java
[2026-04-17T00:35:37Z] [iter=3] HEARTBEAT target_type=call_site elapsed_min=183.1 files_done=131 resolved=615 errors=3548 current=tool-testsuite/test/org/antlr/v4/test/tool/TestBasicSemanticErrors.java
[2026-04-17T00:37:26Z] [iter=3] HEARTBEAT target_type=call_site elapsed_min=184.9 files_done=133 resolved=621 errors=3584 current=tool/src/org/antlr/v4/tool/ast/GrammarASTWithOptions.java
[2026-04-17T00:38:02Z] [iter=3] HEARTBEAT target_type=call_site elapsed_min=185.5 files_done=134 resolved=622 errors=3596 current=tool/src/org/antlr/v4/codegen/target/Python3Target.java
[2026-04-17T00:38:35Z] [iter=3] HEARTBEAT target_type=call_site elapsed_min=186.0 files_done=135 resolved=625 errors=3607 current=runtime/Java/src/org/antlr/v4/runtime/tree/pattern/RuleTagToken.java
[2026-04-17T00:39:20Z] [iter=3] HEARTBEAT target_type=call_site elapsed_min=186.8 files_done=138 resolved=627 errors=3622 current=runtime-testsuite/test/org/antlr/v4/test/runtime/cpp/TestCompositeParsers.java
[2026-04-17T00:40:14Z] [iter=3] HEARTBEAT target_type=call_site elapsed_min=187.7 files_done=141 resolved=628 errors=3640 current=runtime-testsuite/test/org/antlr/v4/test/runtime/python3/BasePython3Test.java
[2026-04-17T00:40:57Z] [iter=3] HEARTBEAT target_type=call_site elapsed_min=188.4 files_done=142 resolved=629 errors=3654 current=tool/src/org/antlr/v4/codegen/model/Choice.java
[2026-04-17T00:41:33Z] [iter=3] HEARTBEAT target_type=call_site elapsed_min=189.0 files_done=143 resolved=629 errors=3666 current=runtime/Java/src/org/antlr/v4/runtime/DiagnosticErrorListener.java
[2026-04-17T00:42:31Z] [iter=3] HEARTBEAT target_type=call_site elapsed_min=190.0 files_done=144 resolved=635 errors=3685 current=runtime-testsuite/test/org/antlr/v4/test/runtime/swift/TestParseTrees.java
[2026-04-17T00:43:10Z] [iter=3] HEARTBEAT target_type=call_site elapsed_min=190.6 files_done=146 resolved=635 errors=3698 current=tool/src/org/antlr/v4/semantics/UseDefAnalyzer.java
[2026-04-17T00:44:05Z] [iter=3] HEARTBEAT target_type=call_site elapsed_min=191.5 files_done=147 resolved=635 errors=3716 current=tool/src/org/antlr/v4/automata/RangeBorderCharactersData.java
[2026-04-17T00:44:44Z] [iter=3] HEARTBEAT target_type=call_site elapsed_min=192.2 files_done=149 resolved=640 errors=3729 current=tool/src/org/antlr/v4/tool/ast/BlockAST.java
[2026-04-17T00:45:27Z] [iter=3] HEARTBEAT target_type=call_site elapsed_min=192.9 files_done=152 resolved=640 errors=3743 current=tool/src/org/antlr/v4/tool/ast/AltAST.java
[2026-04-17T00:46:28Z] [iter=3] HEARTBEAT target_type=call_site elapsed_min=193.9 files_done=155 resolved=641 errors=3763 current=tool/src/org/antlr/v4/tool/LeftRecursionCyclesMessage.java
[2026-04-17T00:47:08Z] [iter=3] HEARTBEAT target_type=call_site elapsed_min=194.6 files_done=159 resolved=641 errors=3776 current=runtime/Java/src/org/antlr/v4/runtime/atn/ATNState.java
[2026-04-17T00:48:02Z] [iter=3] HEARTBEAT target_type=call_site elapsed_min=195.5 files_done=160 resolved=646 errors=3794 current=runtime/Java/src/org/antlr/v4/runtime/tree/xpath/XPathWildcardElement.java
[2026-04-17T00:48:51Z] [iter=3] HEARTBEAT target_type=call_site elapsed_min=196.3 files_done=163 resolved=647 errors=3810 current=runtime-testsuite/test/org/antlr/v4/test/runtime/python2/TestListeners.java
[2026-04-17T00:49:21Z] [iter=3] HEARTBEAT target_type=call_site elapsed_min=196.8 files_done=166 resolved=647 errors=3820 current=antlr4-maven-plugin/src/main/java/org/antlr/mojo/antlr4/Antlr4ErrorLog.java
[2026-04-17T00:50:25Z] [iter=3] HEARTBEAT target_type=call_site elapsed_min=197.9 files_done=167 resolved=647 errors=3841 current=runtime-testsuite/test/org/antlr/v4/test/runtime/python2/TestCompositeLexers.java
[2026-04-17T00:51:08Z] [iter=3] HEARTBEAT target_type=call_site elapsed_min=198.6 files_done=169 resolved=647 errors=3855 current=runtime/Java/src/org/antlr/v4/runtime/misc/MurmurHash.java
[2026-04-17T00:51:56Z] [iter=3] HEARTBEAT target_type=call_site elapsed_min=199.4 files_done=172 resolved=647 errors=3871 current=runtime-testsuite/test/org/antlr/v4/test/runtime/cpp/TestListeners.java
[2026-04-17T00:52:26Z] [iter=3] HEARTBEAT target_type=call_site elapsed_min=199.9 files_done=174 resolved=647 errors=3881 current=tool-testsuite/test/org/antlr/v4/test/tool/TestTopologicalSort.java
[2026-04-17T00:54:21Z] [iter=3] HEARTBEAT target_type=call_site elapsed_min=201.8 files_done=175 resolved=652 errors=3919 current=runtime-testsuite/test/org/antlr/v4/test/runtime/cpp/TestPerformance.java
[2026-04-17T00:54:54Z] [iter=3] HEARTBEAT target_type=call_site elapsed_min=202.4 files_done=179 resolved=652 errors=3930 current=tool-testsuite/test/org/antlr/v4/test/tool/TestActionSplitter.java
[2026-04-17T00:56:13Z] [iter=3] HEARTBEAT target_type=call_site elapsed_min=203.7 files_done=181 resolved=658 errors=3956 current=tool/src/org/antlr/v4/analysis/LeftRecursionDetector.java
[2026-04-17T00:57:32Z] [iter=3] HEARTBEAT target_type=call_site elapsed_min=205.0 files_done=182 resolved=658 errors=3982 current=tool/src/org/antlr/v4/codegen/model/ListenerFile.java
[2026-04-17T00:58:17Z] [iter=3] HEARTBEAT target_type=call_site elapsed_min=205.7 files_done=183 resolved=658 errors=3997 current=tool/src/org/antlr/v4/codegen/model/SrcOp.java
[2026-04-17T00:58:54Z] [iter=3] HEARTBEAT target_type=call_site elapsed_min=206.4 files_done=187 resolved=658 errors=4009 current=tool/src/org/antlr/v4/tool/ast/RuleRefAST.java
[2026-04-17T00:59:50Z] [iter=3] HEARTBEAT target_type=call_site elapsed_min=207.3 files_done=194 resolved=666 errors=4027 current=runtime-testsuite/test/org/antlr/v4/test/runtime/go/TestFullContextParsing.java
[2026-04-17T01:00:20Z] [iter=3] HEARTBEAT target_type=call_site elapsed_min=207.8 files_done=200 resolved=667 errors=4037 current=tool/src/org/antlr/v4/tool/ast/GrammarASTErrorNode.java
[2026-04-17T01:00:54Z] [iter=3] HEARTBEAT target_type=call_site elapsed_min=208.3 files_done=203 resolved=667 errors=4048 current=runtime-testsuite/test/org/antlr/v4/test/runtime/java/TestCompositeParsers.java
[2026-04-17T01:01:24Z] [iter=3] HEARTBEAT target_type=call_site elapsed_min=208.9 files_done=205 resolved=667 errors=4058 current=runtime/Java/src/org/antlr/v4/runtime/atn/SetTransition.java
[2026-04-17T01:01:58Z] [iter=3] HEARTBEAT target_type=call_site elapsed_min=209.4 files_done=208 resolved=668 errors=4069 current=tool/src/org/antlr/v4/codegen/model/ParserFile.java
[2026-04-17T01:02:41Z] [iter=3] HEARTBEAT target_type=call_site elapsed_min=210.1 files_done=210 resolved=668 errors=4083 current=runtime/Java/src/org/antlr/v4/runtime/atn/ATNDeserializationOptions.java
[2026-04-17T01:03:33Z] [iter=3] HEARTBEAT target_type=call_site elapsed_min=211.0 files_done=212 resolved=668 errors=4100 current=tool/src/org/antlr/v4/codegen/model/Loop.java
[2026-04-17T01:04:04Z] [iter=3] HEARTBEAT target_type=call_site elapsed_min=211.5 files_done=219 resolved=668 errors=4110 current=tool/src/org/antlr/v4/automata/ATNVisitor.java
[2026-04-17T01:04:38Z] [iter=3] HEARTBEAT target_type=call_site elapsed_min=212.1 files_done=222 resolved=668 errors=4121 current=runtime-testsuite/test/org/antlr/v4/test/runtime/python3/TestCompositeParsers.java
[2026-04-17T01:05:12Z] [iter=3] HEARTBEAT target_type=call_site elapsed_min=212.6 files_done=227 resolved=677 errors=4132 current=runtime-testsuite/test/org/antlr/v4/test/runtime/csharp/TestLeftRecursion.java
[2026-04-17T01:05:42Z] [iter=3] HEARTBEAT target_type=call_site elapsed_min=213.2 files_done=231 resolved=678 errors=4142 current=tool/src/org/antlr/v4/codegen/model/decl/Decl.java
[2026-04-17T01:06:33Z] [iter=3] HEARTBEAT target_type=call_site elapsed_min=214.0 files_done=236 resolved=680 errors=4159 current=runtime-testsuite/test/org/antlr/v4/test/runtime/python3/TestCompositeLexers.java
[2026-04-17T01:07:07Z] [iter=3] HEARTBEAT target_type=call_site elapsed_min=214.6 files_done=240 resolved=680 errors=4170 current=runtime-testsuite/test/org/antlr/v4/test/runtime/python3/TestPerformance.java
[2026-04-17T01:07:47Z] [iter=3] HEARTBEAT target_type=call_site elapsed_min=215.2 files_done=247 resolved=683 errors=4183 current=runtime-testsuite/test/org/antlr/v4/test/runtime/cpp/TestSemPredEvalParser.java
[2026-04-17T01:08:18Z] [iter=3] HEARTBEAT target_type=call_site elapsed_min=215.7 files_done=249 resolved=684 errors=4193 current=runtime-testsuite/test/org/antlr/v4/test/runtime/javascript/TestLeftRecursion.java
[2026-04-17T01:08:54Z] [iter=3] HEARTBEAT target_type=call_site elapsed_min=216.4 files_done=253 resolved=685 errors=4205 current=runtime/Java/src/org/antlr/v4/runtime/atn/LexerPushModeAction.java
[2026-04-17T01:09:34Z] [iter=3] HEARTBEAT target_type=call_site elapsed_min=217.0 files_done=258 resolved=688 errors=4218 current=runtime/Java/src/org/antlr/v4/runtime/atn/LexerModeAction.java
[2026-04-17T01:10:04Z] [iter=3] HEARTBEAT target_type=call_site elapsed_min=217.5 files_done=261 resolved=693 errors=4228 current=tool/src/org/antlr/v4/tool/GrammarSemanticsMessage.java
[2026-04-17T01:10:55Z] [iter=3] HEARTBEAT target_type=call_site elapsed_min=218.4 files_done=266 resolved=693 errors=4245 current=runtime-testsuite/test/org/antlr/v4/test/runtime/dart/TestSemPredEvalParser.java
[2026-04-17T01:11:26Z] [iter=3] HEARTBEAT target_type=call_site elapsed_min=218.9 files_done=270 resolved=693 errors=4255 current=runtime-testsuite/test/org/antlr/v4/test/runtime/csharp/TestSemPredEvalLexer.java
[2026-04-17T01:11:56Z] [iter=3] HEARTBEAT target_type=call_site elapsed_min=219.4 files_done=278 resolved=693 errors=4265 current=runtime-testsuite/test/org/antlr/v4/test/runtime/swift/TestParserErrors.java
[2026-04-17T01:12:30Z] [iter=3] HEARTBEAT target_type=call_site elapsed_min=220.0 files_done=284 resolved=695 errors=4276 current=runtime-testsuite/test/org/antlr/v4/test/runtime/php/TestFullContextParsing.java
[2026-04-17T01:13:01Z] [iter=3] HEARTBEAT target_type=call_site elapsed_min=220.5 files_done=293 resolved=695 errors=4286 current=runtime/Java/src/org/antlr/v4/runtime/misc/ObjectEqualityComparator.java
[2026-04-17T01:13:31Z] [iter=3] HEARTBEAT target_type=call_site elapsed_min=221.0 files_done=296 resolved=697 errors=4296 current=runtime-testsuite/test/org/antlr/v4/test/runtime/swift/TestLexerErrors.java
[2026-04-17T01:14:02Z] [iter=3] HEARTBEAT target_type=call_site elapsed_min=221.5 files_done=303 resolved=697 errors=4306 current=runtime/Java/src/org/antlr/v4/runtime/tree/pattern/TagChunk.java
[2026-04-17T01:14:32Z] [iter=3] HEARTBEAT target_type=call_site elapsed_min=222.0 files_done=310 resolved=698 errors=4316 current=runtime-testsuite/test/org/antlr/v4/test/runtime/swift/TestSets.java
[2026-04-17T01:15:03Z] [iter=3] HEARTBEAT target_type=call_site elapsed_min=222.5 files_done=320 resolved=698 errors=4326 current=runtime-testsuite/test/org/antlr/v4/test/runtime/csharp/TestListeners.java
[2026-04-17T01:15:33Z] [iter=3] HEARTBEAT target_type=call_site elapsed_min=223.0 files_done=330 resolved=698 errors=4336 current=runtime-testsuite/test/org/antlr/v4/test/runtime/javascript/TestSets.java
[2026-04-17T01:16:04Z] [iter=3] HEARTBEAT target_type=call_site elapsed_min=223.5 files_done=339 resolved=699 errors=4346 current=tool/src/org/antlr/v4/tool/GrammarSyntaxMessage.java
[2026-04-17T01:16:35Z] [iter=3] HEARTBEAT target_type=call_site elapsed_min=224.0 files_done=345 resolved=699 errors=4356 current=tool/src/org/antlr/v4/tool/ast/PlusBlockAST.java
[2026-04-17T01:17:06Z] [iter=3] HEARTBEAT target_type=call_site elapsed_min=224.5 files_done=350 resolved=699 errors=4366 current=runtime-testsuite/test/org/antlr/v4/test/runtime/cpp/TestParseTrees.java
[2026-04-17T01:17:40Z] [iter=3] HEARTBEAT target_type=call_site elapsed_min=225.1 files_done=359 resolved=703 errors=4377 current=runtime-testsuite/test/org/antlr/v4/test/runtime/php/TestListeners.java
[2026-04-17T01:18:11Z] [iter=3] HEARTBEAT target_type=call_site elapsed_min=225.6 files_done=369 resolved=703 errors=4387 current=runtime/Java/src/org/antlr/v4/runtime/atn/OrderedATNConfigSet.java
[2026-04-17T01:22:51Z] [iter=3] HEARTBEAT target_type=call_site elapsed_min=230.3 files_done=376 resolved=706 errors=4478 current=runtime/Cpp/runtime/src/misc/IntervalSet.cpp
[2026-04-17T01:29:25Z] [iter=3] HEARTBEAT target_type=call_site elapsed_min=236.9 files_done=378 resolved=711 errors=4608 current=runtime/Cpp/runtime/src/atn/LexerATNConfig.cpp
[2026-04-17T01:30:49Z] [iter=3] HEARTBEAT target_type=call_site elapsed_min=238.3 files_done=382 resolved=711 errors=4636 current=runtime/Cpp/runtime/src/atn/LexerChannelAction.cpp
[2026-04-17T01:32:35Z] [iter=3] CHECKPOINT TRIGGERED elapsed_min=240.0 files_completed=491 new_files_this_iter=383 mem_mb=1548 MB
[2026-04-17T01:32:35Z] [iter=3] Writing partial enrichment graph path=/home/runner/work/forx/forx/storage/aggregate/lsp/44d87bc1d130c88aa452894aa5f7e2f710f68253.nq.gz triples=103277
[2026-04-17T01:32:38Z] [iter=3] Checkpoint written, exiting with code 7
[2026-04-17T01:32:38Z] [iter=3] PHASE END: enrich (checkpointed) elapsed_s=14402 elapsed_min=240.0 files_completed=491
