[2026-04-14T04:42:20Z] === ENRICH ITERATION 2 START | repo=antlr/antlr4 sha=5bd7f9ea ===
[2026-04-14T04:42:20Z] [iter=2] PHASE START: enrich repo=antlr/antlr4 sha=5bd7f9ea runlog=/home/runner/work/forx/forx/storage/aggregate/lsp/logs/5bd7f9ea-enrich-iter-002.log output=/home/runner/work/forx/forx/storage/aggregate/lsp/5bd7f9ea4822b231a93f8b34e8c91a2387a0e208.nq.gz
[2026-04-14T04:42:20Z] [iter=2] Step 1: Loading AST into disk-backed store mem_mb=77 MB
[2026-04-14T04:43:35Z] [iter=2] AST store loaded triples=7787748 load_secs=72 mem_mb=1056 MB
[2026-04-14T04:43:35Z] [iter=2] Step 2: Finding LSP targets mem_mb=1056 MB
[2026-04-14T04:44:00Z] [iter=2] LSP targets found call_sites=47446 imports=5854 extends=992 implements=0 secs=25
[2026-04-14T04:44:02Z] [iter=2] Loaded checkpoint partial graph triples=43579
[2026-04-14T04:44:25Z] [iter=2] Step 2.7: Building position index (one-shot, shared across resolvers) mem_mb=1056 MB
[2026-04-14T04:45:14Z] [iter=2] Position index built positions=526839 nodes_with_types=637997 secs=49 mem_mb=1438 MB
[2026-04-14T04:45:14Z] [iter=2] Step 3: Starting LSP resolution mem_mb=1438 MB already_completed_types=[] already_completed_files=16
[2026-04-14T04:45:14Z] [iter=2] Resolving target type target_type=call_site count=47446
[2026-04-14T04:45:15Z] [iter=2] HEARTBEAT target_type=call_site elapsed_min=2.9 files_done=0 resolved=0 errors=0 current=runtime/Python3/tests/parser/clexer.py
[2026-04-14T05:15:14Z] [iter=2] HEARTBEAT target_type=call_site elapsed_min=32.9 files_done=1 resolved=0 errors=589 current=runtime/Python3/src/antlr4/tree/Trees.py
[2026-04-14T05:17:04Z] [iter=2] HEARTBEAT target_type=call_site elapsed_min=34.7 files_done=2 resolved=14 errors=625 current=runtime/Swift/boot.py
[2026-04-14T05:18:08Z] [iter=2] HEARTBEAT target_type=call_site elapsed_min=35.8 files_done=3 resolved=52 errors=646 current=runtime/Python2/src/antlr4/atn/PredictionMode.py
[2026-04-14T05:19:07Z] [iter=2] HEARTBEAT target_type=call_site elapsed_min=36.8 files_done=4 resolved=74 errors=665 current=runtime/Python2/src/antlr4/atn/LexerATNSimulator.py
[2026-04-14T05:23:06Z] [iter=2] HEARTBEAT target_type=call_site elapsed_min=40.8 files_done=5 resolved=115 errors=743 current=runtime/Python2/src/antlr4/atn/ATNDeserializationOptions.py
[2026-04-14T05:23:36Z] [iter=2] HEARTBEAT target_type=call_site elapsed_min=41.3 files_done=7 resolved=135 errors=753 current=runtime/Python2/src/antlr4/IntervalSet.py
[2026-04-14T05:30:05Z] [iter=2] HEARTBEAT target_type=call_site elapsed_min=47.8 files_done=8 resolved=155 errors=880 current=runtime/Python3/src/antlr4/ParserInterpreter.py
[2026-04-14T05:32:01Z] [iter=2] HEARTBEAT target_type=call_site elapsed_min=49.7 files_done=9 resolved=166 errors=918 current=runtime/Python3/tests/expr/ExprParser.py
[2026-04-14T05:42:00Z] [iter=2] HEARTBEAT target_type=call_site elapsed_min=59.7 files_done=10 resolved=240 errors=1114 current=runtime/Python3/src/antlr4/error/ErrorStrategy.py
[2026-04-14T05:46:27Z] [iter=2] HEARTBEAT target_type=call_site elapsed_min=64.1 files_done=11 resolved=251 errors=1201 current=runtime/Python2/src/antlr4/atn/SemanticContext.py
[2026-04-14T05:48:05Z] [iter=2] HEARTBEAT target_type=call_site elapsed_min=65.8 files_done=12 resolved=282 errors=1233 current=runtime/Python3/src/antlr4/xpath/XPath.py
[2026-04-14T05:49:53Z] [iter=2] HEARTBEAT target_type=call_site elapsed_min=67.6 files_done=13 resolved=319 errors=1268 current=runtime/Python3/tests/TestInputStream.py
[2026-04-14T05:50:32Z] [iter=2] HEARTBEAT target_type=call_site elapsed_min=68.2 files_done=14 resolved=320 errors=1281 current=runtime/Python3/src/antlr4/atn/ParserATNSimulator.py
[2026-04-14T06:01:20Z] [iter=2] HEARTBEAT target_type=call_site elapsed_min=79.0 files_done=15 resolved=459 errors=1492 current=runtime/Python2/src/antlr4/tree/Trees.py
[2026-04-14T06:03:10Z] [iter=2] HEARTBEAT target_type=call_site elapsed_min=80.8 files_done=16 resolved=471 errors=1528 current=runtime/Python3/src/antlr4/Token.py
[2026-04-14T06:04:26Z] [iter=2] HEARTBEAT target_type=call_site elapsed_min=82.1 files_done=17 resolved=481 errors=1553 current=runtime/Python3/src/antlr4/atn/LexerATNSimulator.py
[2026-04-14T06:08:25Z] [iter=2] HEARTBEAT target_type=call_site elapsed_min=86.1 files_done=18 resolved=522 errors=1631 current=runtime/Python2/src/antlr4/tree/Chunk.py
[2026-04-14T06:09:20Z] [iter=2] HEARTBEAT target_type=call_site elapsed_min=87.0 files_done=20 resolved=549 errors=1649 current=runtime/Python2/src/antlr4/atn/ATNConfigSet.py
[2026-04-14T06:10:52Z] [iter=2] HEARTBEAT target_type=call_site elapsed_min=88.5 files_done=21 resolved=563 errors=1679 current=runtime/Python3/tests/TestIntervalSet.py
[2026-04-14T06:13:59Z] [iter=2] HEARTBEAT target_type=call_site elapsed_min=91.7 files_done=22 resolved=588 errors=1740 current=runtime/Python2/src/antlr4/Parser.py
[2026-04-14T06:18:29Z] [iter=2] HEARTBEAT target_type=call_site elapsed_min=96.2 files_done=23 resolved=614 errors=1828 current=runtime/Python2/src/antlr4/TokenStreamRewriter.py
[2026-04-14T06:20:44Z] [iter=2] HEARTBEAT target_type=call_site elapsed_min=98.4 files_done=24 resolved=663 errors=1872 current=runtime/Python2/src/antlr4/tree/ParseTreePatternMatcher.py
[2026-04-14T06:24:26Z] [iter=2] HEARTBEAT target_type=call_site elapsed_min=102.1 files_done=25 resolved=719 errors=1943 current=runtime/Python3/src/antlr4/error/Errors.py
[2026-04-14T06:24:56Z] [iter=2] HEARTBEAT target_type=call_site elapsed_min=102.6 files_done=26 resolved=736 errors=1953 current=runtime/Python3/src/antlr4/BufferedTokenStream.py
[2026-04-14T06:26:50Z] [iter=2] HEARTBEAT target_type=call_site elapsed_min=104.5 files_done=27 resolved=767 errors=1990 current=runtime/Python2/src/antlr4/CodePoints.py
[2026-04-14T06:27:42Z] [iter=2] HEARTBEAT target_type=call_site elapsed_min=105.4 files_done=29 resolved=777 errors=2007 current=runtime/Python3/src/antlr4/atn/LexerAction.py
[2026-04-14T06:28:13Z] [iter=2] HEARTBEAT target_type=call_site elapsed_min=105.9 files_done=30 resolved=812 errors=2017 current=scripts/deploy_to_website.py
[2026-04-14T06:29:05Z] [iter=2] HEARTBEAT target_type=call_site elapsed_min=106.8 files_done=31 resolved=841 errors=2034 current=runtime/Python2/src/antlr4/atn/ATNConfig.py
[2026-04-14T06:29:48Z] [iter=2] HEARTBEAT target_type=call_site elapsed_min=107.5 files_done=32 resolved=855 errors=2048 current=runtime/Python3/src/antlr4/TokenStreamRewriter.py
[2026-04-14T06:32:03Z] [iter=2] HEARTBEAT target_type=call_site elapsed_min=109.7 files_done=33 resolved=905 errors=2092 current=runtime/Python2/tests/mocks/TestLexer.py
[2026-04-14T06:33:26Z] [iter=2] HEARTBEAT target_type=call_site elapsed_min=111.1 files_done=34 resolved=913 errors=2119 current=runtime/Python2/src/antlr4/dfa/DFA.py
[2026-04-14T06:33:59Z] [iter=2] HEARTBEAT target_type=call_site elapsed_min=111.7 files_done=35 resolved=920 errors=2130 current=runtime/Python3/src/antlr4/Lexer.py
[2026-04-14T06:35:50Z] [iter=2] HEARTBEAT target_type=call_site elapsed_min=113.5 files_done=36 resolved=930 errors=2166 current=runtime/Python3/src/antlr4/tree/ParseTreePatternMatcher.py
[2026-04-14T06:39:27Z] [iter=2] HEARTBEAT target_type=call_site elapsed_min=117.1 files_done=37 resolved=986 errors=2237 current=runtime/Python2/src/antlr4/error/ErrorListener.py
[2026-04-14T06:40:56Z] [iter=2] HEARTBEAT target_type=call_site elapsed_min=118.6 files_done=39 resolved=999 errors=2266 current=runtime/Python2/src/antlr4/atn/LexerAction.py
[2026-04-14T06:41:27Z] [iter=2] HEARTBEAT target_type=call_site elapsed_min=119.1 files_done=40 resolved=1031 errors=2276 current=runtime/Python3/src/antlr4/Recognizer.py
[2026-04-14T06:42:31Z] [iter=2] HEARTBEAT target_type=call_site elapsed_min=120.2 files_done=41 resolved=1042 errors=2297 current=runtime/Python3/setup.py
[2026-04-14T06:43:18Z] [iter=2] HEARTBEAT target_type=call_site elapsed_min=121.0 files_done=43 resolved=1049 errors=2312 current=runtime/Python2/src/antlr4/Recognizer.py
[2026-04-14T06:44:22Z] [iter=2] HEARTBEAT target_type=call_site elapsed_min=122.0 files_done=44 resolved=1059 errors=2333 current=runtime/Python2/src/antlr4/atn/Transition.py
[2026-04-14T06:44:59Z] [iter=2] HEARTBEAT target_type=call_site elapsed_min=122.7 files_done=45 resolved=1091 errors=2345 current=runtime/Python3/src/antlr4/PredictionContext.py
[2026-04-14T06:48:03Z] [iter=2] HEARTBEAT target_type=call_site elapsed_min=125.7 files_done=46 resolved=1152 errors=2405 current=runtime/Python2/src/antlr4/tree/ParseTreePattern.py
[2026-04-14T06:52:57Z] [iter=2] HEARTBEAT target_type=call_site elapsed_min=130.6 files_done=48 resolved=1180 errors=2501 current=runtime/Python2/src/antlr4/error/ErrorStrategy.py
[2026-04-14T06:57:29Z] [iter=2] HEARTBEAT target_type=call_site elapsed_min=135.2 files_done=49 resolved=1189 errors=2590 current=runtime/Python3/src/antlr4/atn/Transition.py
[2026-04-14T06:58:00Z] [iter=2] HEARTBEAT target_type=call_site elapsed_min=135.7 files_done=50 resolved=1227 errors=2600 current=runtime/Python3/src/antlr4/LL1Analyzer.py
[2026-04-14T06:59:26Z] [iter=2] HEARTBEAT target_type=call_site elapsed_min=137.1 files_done=51 resolved=1243 errors=2628 current=runtime/Python3/tests/xpathtest.py
[2026-04-14T06:59:57Z] [iter=2] HEARTBEAT target_type=call_site elapsed_min=137.6 files_done=53 resolved=1252 errors=2638 current=runtime/Python2/src/antlr4/tree/ParseTreeMatch.py
[2026-04-14T07:01:10Z] [iter=2] HEARTBEAT target_type=call_site elapsed_min=138.8 files_done=55 resolved=1266 errors=2662 current=runtime/Python2/src/antlr4/ParserInterpreter.py
[2026-04-14T07:03:06Z] [iter=2] HEARTBEAT target_type=call_site elapsed_min=140.8 files_done=56 resolved=1277 errors=2700 current=scripts/update_antlr_version.py
[2026-04-14T07:04:19Z] [iter=2] HEARTBEAT target_type=call_site elapsed_min=142.0 files_done=57 resolved=1295 errors=2724 current=runtime/Python2/src/antlr4/dfa/DFAState.py
[2026-04-14T07:05:42Z] [iter=2] HEARTBEAT target_type=call_site elapsed_min=143.4 files_done=59 resolved=1305 errors=2751 current=runtime/Python3/src/antlr4/IntervalSet.py
[2026-04-14T07:06:53Z] [iter=2] HEARTBEAT target_type=call_site elapsed_min=144.6 files_done=60 resolved=1330 errors=2774 current=runtime/Python3/src/antlr4/dfa/DFAState.py
[2026-04-14T07:07:36Z] [iter=2] HEARTBEAT target_type=call_site elapsed_min=145.3 files_done=62 resolved=1346 errors=2788 current=runtime/Python2/src/antlr4/atn/ATNState.py
[2026-04-14T07:09:32Z] [iter=2] HEARTBEAT target_type=call_site elapsed_min=147.2 files_done=64 resolved=1386 errors=2826 current=runtime/Python2/src/antlr4/ParserRuleContext.py
[2026-04-14T07:10:21Z] [iter=2] HEARTBEAT target_type=call_site elapsed_min=148.0 files_done=65 resolved=1398 errors=2842 current=runtime/Python3/src/antlr4/Utils.py
[2026-04-14T07:10:54Z] [iter=2] HEARTBEAT target_type=call_site elapsed_min=148.6 files_done=66 resolved=1401 errors=2853 current=runtime/Python3/src/antlr4/ParserRuleContext.py
[2026-04-14T07:11:43Z] [iter=2] HEARTBEAT target_type=call_site elapsed_min=149.4 files_done=67 resolved=1413 errors=2869 current=runtime/Python2/src/antlr4/Token.py
[2026-04-14T07:13:00Z] [iter=2] HEARTBEAT target_type=call_site elapsed_min=150.7 files_done=68 resolved=1416 errors=2894 current=runtime/Python3/src/antlr4/ListTokenSource.py
[2026-04-14T07:13:55Z] [iter=2] HEARTBEAT target_type=call_site elapsed_min=151.6 files_done=70 resolved=1441 errors=2912 current=runtime/Python2/src/antlr4/error/DiagnosticErrorListener.py
[2026-04-14T07:15:42Z] [iter=2] HEARTBEAT target_type=call_site elapsed_min=153.4 files_done=71 resolved=1447 errors=2947 current=scripts/parse-extended-pictographic/parse.py
[2026-04-14T07:16:43Z] [iter=2] HEARTBEAT target_type=call_site elapsed_min=154.4 files_done=74 resolved=1468 errors=2967 current=runtime/Python3/src/antlr4/atn/LexerActionExecutor.py
[2026-04-14T07:19:00Z] [iter=2] HEARTBEAT target_type=call_site elapsed_min=156.7 files_done=76 resolved=1507 errors=3012 current=runtime/Python2/src/antlr4/LL1Analyzer.py
[2026-04-14T07:20:28Z] [iter=2] HEARTBEAT target_type=call_site elapsed_min=158.1 files_done=77 resolved=1522 errors=3041 current=runtime/Python3/tests/mocks/TestLexer.py
[2026-04-14T07:21:51Z] [iter=2] HEARTBEAT target_type=call_site elapsed_min=159.5 files_done=78 resolved=1530 errors=3068 current=runtime/Python3/src/antlr4/atn/ATNConfig.py
[2026-04-14T07:22:34Z] [iter=2] HEARTBEAT target_type=call_site elapsed_min=160.2 files_done=79 resolved=1549 errors=3082 current=runtime/Python2/src/antlr4/tree/RuleTagToken.py
[2026-04-14T07:24:08Z] [iter=2] HEARTBEAT target_type=call_site elapsed_min=161.8 files_done=82 resolved=1575 errors=3113 current=runtime/Python2/src/antlr4/Utils.py
[2026-04-14T07:24:48Z] [iter=2] HEARTBEAT target_type=call_site elapsed_min=162.5 files_done=83 resolved=1577 errors=3126 current=runtime/Python2/src/antlr4/xpath/XPathLexer.py
[2026-04-14T07:25:18Z] [iter=2] HEARTBEAT target_type=call_site elapsed_min=163.0 files_done=84 resolved=1583 errors=3136 current=runtime/Python2/src/antlr4/error/Errors.py
[2026-04-14T07:25:52Z] [iter=2] HEARTBEAT target_type=call_site elapsed_min=163.5 files_done=85 resolved=1600 errors=3147 current=runtime/Python2/src/antlr4/atn/LexerActionExecutor.py
[2026-04-14T07:27:30Z] [iter=2] HEARTBEAT target_type=call_site elapsed_min=165.2 files_done=87 resolved=1614 errors=3179 current=runtime/Python2/src/antlr4/CommonTokenStream.py
[2026-04-14T07:28:09Z] [iter=2] HEARTBEAT target_type=call_site elapsed_min=165.8 files_done=89 resolved=1619 errors=3192 current=runtime/Python3/tests/expr/ExprLexer.py
[2026-04-14T07:28:49Z] [iter=2] HEARTBEAT target_type=call_site elapsed_min=166.5 files_done=92 resolved=1626 errors=3205 current=runtime/Python3/src/antlr4/atn/ATNDeserializationOptions.py
[2026-04-14T07:29:29Z] [iter=2] HEARTBEAT target_type=call_site elapsed_min=167.1 files_done=96 resolved=1635 errors=3218 current=runtime/Python3/src/antlr4/xpath/XPathLexer.py
[2026-04-14T07:29:59Z] [iter=2] HEARTBEAT target_type=call_site elapsed_min=167.7 files_done=97 resolved=1641 errors=3228 current=runtime/Python2/src/antlr4/tree/TokenTagToken.py
[2026-04-14T07:30:39Z] [iter=2] HEARTBEAT target_type=call_site elapsed_min=168.3 files_done=105 resolved=1666 errors=3241 current=runtime/Python3/src/antlr4/tree/TokenTagToken.py
[2026-04-14T07:37:37Z] [iter=2] HEARTBEAT target_type=call_site elapsed_min=175.3 files_done=109 resolved=1678 errors=3370 current=tool/src/org/antlr/v4/gui/Interpreter.java
[2026-04-14T07:39:58Z] [iter=2] HEARTBEAT target_type=call_site elapsed_min=177.6 files_done=110 resolved=1702 errors=3416 current=tool-testsuite/test/org/antlr/v4/test/tool/TestUnbufferedCharStream.java
[2026-04-14T07:48:05Z] [iter=2] HEARTBEAT target_type=call_site elapsed_min=185.8 files_done=111 resolved=1778 errors=3574 current=runtime-testsuite/test/org/antlr/v4/test/runtime/java/api/TestTokenStreamRewriter.java
[2026-04-14T07:51:18Z] [iter=2] HEARTBEAT target_type=call_site elapsed_min=189.0 files_done=113 resolved=1778 errors=3637 current=antlr4-maven-plugin/src/main/java/org/antlr/mojo/antlr4/GrammarDependencies.java
[2026-04-14T07:55:33Z] [iter=2] HEARTBEAT target_type=call_site elapsed_min=193.2 files_done=114 resolved=1779 errors=3720 current=antlr4-maven-plugin/src/test/java/org/antlr/mojo/antlr4/Antlr4MojoTest.java
[2026-04-14T08:02:53Z] [iter=2] HEARTBEAT target_type=call_site elapsed_min=200.6 files_done=115 resolved=1896 errors=3863 current=tool/src/org/antlr/v4/semantics/AttributeChecks.java
[2026-04-14T08:07:29Z] [iter=2] HEARTBEAT target_type=call_site elapsed_min=205.2 files_done=116 resolved=1896 errors=3953 current=runtime-testsuite/test/org/antlr/v4/test/runtime/java/api/perf/TimeLexerSpeed.java
[2026-04-14T08:09:20Z] [iter=2] HEARTBEAT target_type=call_site elapsed_min=207.0 files_done=118 resolved=1897 errors=3989 current=tool-testsuite/test/org/antlr/v4/test/tool/TestATNSerialization.java
[2026-04-14T08:15:34Z] [iter=2] HEARTBEAT target_type=call_site elapsed_min=213.2 files_done=119 resolved=1952 errors=4111 current=runtime/Java/src/org/antlr/v4/runtime/DiagnosticErrorListener.java
[2026-04-14T08:16:32Z] [iter=2] HEARTBEAT target_type=call_site elapsed_min=214.2 files_done=120 resolved=1958 errors=4130 current=runtime-testsuite/test/org/antlr/v4/test/runtime/FileUtils.java
[2026-04-14T08:26:29Z] [iter=2] HEARTBEAT target_type=call_site elapsed_min=224.2 files_done=124 resolved=1961 errors=4324 current=tool/src/org/antlr/v4/codegen/OutputModelController.java
[2026-04-14T08:33:48Z] [iter=2] HEARTBEAT target_type=call_site elapsed_min=231.5 files_done=125 resolved=1961 errors=4467 current=tool/src/org/antlr/v4/semantics/UseDefAnalyzer.java
[2026-04-14T08:34:44Z] [iter=2] HEARTBEAT target_type=call_site elapsed_min=232.4 files_done=126 resolved=1961 errors=4485 current=runtime/Java/src/org/antlr/v4/runtime/misc/IntervalSet.java
[2026-04-14T08:42:04Z] [iter=2] HEARTBEAT target_type=call_site elapsed_min=239.7 files_done=127 resolved=1961 errors=4629 current=tool-testsuite/test/org/antlr/v4/test/tool/TestUnicodeData.java
[2026-04-14T08:42:33Z] [iter=2] CHECKPOINT TRIGGERED elapsed_min=240.2 files_completed=144 new_files_this_iter=128 mem_mb=1487 MB
[2026-04-14T08:42:33Z] [iter=2] Writing partial enrichment graph path=/home/runner/work/forx/forx/storage/aggregate/lsp/5bd7f9ea4822b231a93f8b34e8c91a2387a0e208.nq.gz triples=79111
[2026-04-14T08:42:35Z] [iter=2] Checkpoint written, exiting with code 7
[2026-04-14T08:42:35Z] [iter=2] PHASE END: enrich (checkpointed) elapsed_s=14413 elapsed_min=240.2 files_completed=144
