[2026-04-14T13:08:04Z] === ENRICH ITERATION 4 START | repo=antlr/antlr4 sha=5bd7f9ea ===
[2026-04-14T13:08:04Z] [iter=4] PHASE START: enrich repo=antlr/antlr4 sha=5bd7f9ea runlog=/home/runner/work/forx/forx/storage/aggregate/lsp/logs/5bd7f9ea-enrich-iter-004.log output=/home/runner/work/forx/forx/storage/aggregate/lsp/5bd7f9ea4822b231a93f8b34e8c91a2387a0e208.nq.gz
[2026-04-14T13:08:04Z] [iter=4] Step 1: Loading AST into disk-backed store mem_mb=77 MB
[2026-04-14T13:09:19Z] [iter=4] AST store loaded triples=7787748 load_secs=73 mem_mb=1066 MB
[2026-04-14T13:09:19Z] [iter=4] Step 2: Finding LSP targets mem_mb=1066 MB
[2026-04-14T13:09:44Z] [iter=4] LSP targets found call_sites=47446 imports=5854 extends=992 implements=0 secs=25
[2026-04-14T13:09:48Z] [iter=4] Loaded checkpoint partial graph triples=105075
[2026-04-14T13:10:11Z] [iter=4] Step 2.7: Building position index (one-shot, shared across resolvers) mem_mb=1066 MB
[2026-04-14T13:11:00Z] [iter=4] Position index built positions=526839 nodes_with_types=637997 secs=49 mem_mb=1770 MB
[2026-04-14T13:11:00Z] [iter=4] Step 3: Starting LSP resolution mem_mb=1770 MB already_completed_types=[] already_completed_files=192
[2026-04-14T13:11:00Z] [iter=4] Resolving target type target_type=call_site count=47446
[2026-04-14T13:11:21Z] [iter=4] HEARTBEAT target_type=call_site elapsed_min=3.3 files_done=0 resolved=0 errors=0 current=tool/src/org/antlr/v4/codegen/Target.java
[2026-04-14T13:20:05Z] [iter=4] HEARTBEAT target_type=call_site elapsed_min=12.0 files_done=1 resolved=8 errors=168 current=tool/src/org/antlr/v4/codegen/target/CppTarget.java
[2026-04-14T13:21:19Z] [iter=4] HEARTBEAT target_type=call_site elapsed_min=13.3 files_done=2 resolved=14 errors=192 current=runtime/Java/src/org/antlr/v4/runtime/CommonToken.java
[2026-04-14T13:22:37Z] [iter=4] HEARTBEAT target_type=call_site elapsed_min=14.6 files_done=3 resolved=15 errors=217 current=runtime/Java/src/org/antlr/v4/runtime/atn/DecisionInfo.java
[2026-04-14T13:27:58Z] [iter=4] HEARTBEAT target_type=call_site elapsed_min=19.9 files_done=5 resolved=79 errors=320 current=runtime-testsuite/test/org/antlr/v4/test/runtime/RuntimeTestUtils.java
[2026-04-14T13:28:28Z] [iter=4] HEARTBEAT target_type=call_site elapsed_min=20.4 files_done=8 resolved=84 errors=330 current=tool/src/org/antlr/v4/semantics/ActionSniffer.java
[2026-04-14T13:29:45Z] [iter=4] HEARTBEAT target_type=call_site elapsed_min=21.7 files_done=9 resolved=84 errors=355 current=tool/src/org/antlr/v4/tool/LabelElementPair.java
[2026-04-14T13:37:17Z] [iter=4] HEARTBEAT target_type=call_site elapsed_min=29.2 files_done=11 resolved=85 errors=503 current=runtime/Java/src/org/antlr/v4/runtime/tree/xpath/XPath.java
[2026-04-14T13:38:46Z] [iter=4] HEARTBEAT target_type=call_site elapsed_min=30.7 files_done=12 resolved=87 errors=532 current=runtime/Java/src/org/antlr/v4/runtime/atn/ATNSerializer.java
[2026-04-14T13:44:17Z] [iter=4] HEARTBEAT target_type=call_site elapsed_min=36.2 files_done=13 resolved=89 errors=640 current=tool-testsuite/test/org/antlr/v4/test/tool/TestAmbigParseTrees.java
[2026-04-14T13:46:11Z] [iter=4] HEARTBEAT target_type=call_site elapsed_min=38.1 files_done=14 resolved=96 errors=677 current=tool/src/org/antlr/v4/codegen/ParserFactory.java
[2026-04-14T13:52:27Z] [iter=4] HEARTBEAT target_type=call_site elapsed_min=44.4 files_done=15 resolved=97 errors=799 current=tool/src/org/antlr/v4/tool/DOTGenerator.java
[2026-04-14T13:59:44Z] [iter=4] HEARTBEAT target_type=call_site elapsed_min=51.7 files_done=16 resolved=100 errors=942 current=runtime/Java/src/org/antlr/v4/runtime/ListTokenSource.java
[2026-04-14T14:02:04Z] [iter=4] HEARTBEAT target_type=call_site elapsed_min=54.0 files_done=17 resolved=101 errors=988 current=tool/src/org/antlr/v4/tool/BuildDependencyGenerator.java
[2026-04-14T14:07:19Z] [iter=4] HEARTBEAT target_type=call_site elapsed_min=59.3 files_done=18 resolved=101 errors=1091 current=tool-testsuite/test/org/antlr/v4/test/tool/TestParseTreeMatcher.java
[2026-04-14T14:14:00Z] [iter=4] HEARTBEAT target_type=call_site elapsed_min=65.9 files_done=19 resolved=151 errors=1222 current=tool-testsuite/test/org/antlr/v4/test/tool/TestATNParserPrediction.java
[2026-04-14T14:17:46Z] [iter=4] HEARTBEAT target_type=call_site elapsed_min=69.7 files_done=20 resolved=170 errors=1295 current=tool-testsuite/test/org/antlr/v4/test/tool/TestUtils.java
[2026-04-14T14:19:46Z] [iter=4] HEARTBEAT target_type=call_site elapsed_min=71.7 files_done=21 resolved=191 errors=1334 current=tool/src/org/antlr/v4/misc/CharSupport.java
[2026-04-14T14:21:53Z] [iter=4] HEARTBEAT target_type=call_site elapsed_min=73.8 files_done=22 resolved=200 errors=1375 current=runtime/Java/src/org/antlr/v4/runtime/misc/Interval.java
[2026-04-14T14:23:13Z] [iter=4] HEARTBEAT target_type=call_site elapsed_min=75.2 files_done=24 resolved=214 errors=1401 current=tool/src/org/antlr/v4/gui/GraphicsSupport.java
[2026-04-14T14:24:41Z] [iter=4] HEARTBEAT target_type=call_site elapsed_min=76.6 files_done=25 resolved=220 errors=1430 current=runtime/Java/src/org/antlr/v4/runtime/RuntimeMetaData.java
[2026-04-14T14:25:21Z] [iter=4] HEARTBEAT target_type=call_site elapsed_min=77.3 files_done=26 resolved=224 errors=1443 current=runtime-testsuite/test/org/antlr/v4/test/runtime/java/TestCharStreams.java
[2026-04-14T14:25:58Z] [iter=4] HEARTBEAT target_type=call_site elapsed_min=77.9 files_done=28 resolved=225 errors=1455 current=tool-testsuite/test/org/antlr/v4/test/tool/ToolTestUtils.java
[2026-04-14T14:28:05Z] [iter=4] HEARTBEAT target_type=call_site elapsed_min=80.0 files_done=29 resolved=234 errors=1496 current=runtime/Java/src/org/antlr/v4/runtime/atn/ATNConfig.java
[2026-04-14T14:29:19Z] [iter=4] HEARTBEAT target_type=call_site elapsed_min=81.3 files_done=30 resolved=235 errors=1520 current=runtime/Java/src/org/antlr/v4/runtime/VocabularyImpl.java
[2026-04-14T14:30:55Z] [iter=4] HEARTBEAT target_type=call_site elapsed_min=82.9 files_done=32 resolved=241 errors=1551 current=tool/src/org/antlr/v4/semantics/SymbolCollector.java
[2026-04-14T14:32:36Z] [iter=4] HEARTBEAT target_type=call_site elapsed_min=84.5 files_done=33 resolved=241 errors=1584 current=runtime/Java/src/org/antlr/v4/runtime/CodePointBuffer.java
[2026-04-14T14:38:28Z] [iter=4] HEARTBEAT target_type=call_site elapsed_min=90.4 files_done=34 resolved=259 errors=1699 current=tool/src/org/antlr/v4/tool/Alternative.java
[2026-04-14T14:39:50Z] [iter=4] HEARTBEAT target_type=call_site elapsed_min=91.8 files_done=35 resolved=259 errors=1726 current=tool-testsuite/test/org/antlr/v4/test/tool/TestATNConstruction.java
[2026-04-14T14:41:47Z] [iter=4] HEARTBEAT target_type=call_site elapsed_min=93.7 files_done=36 resolved=271 errors=1764 current=tool-testsuite/test/org/antlr/v4/test/tool/TestParserInterpreter.java
[2026-04-14T14:45:55Z] [iter=4] HEARTBEAT target_type=call_site elapsed_min=97.9 files_done=37 resolved=286 errors=1845 current=runtime-testsuite/test/org/antlr/v4/test/runtime/StreamReader.java
[2026-04-14T14:48:06Z] [iter=4] HEARTBEAT target_type=call_site elapsed_min=100.0 files_done=41 resolved=287 errors=1888 current=tool/src/org/antlr/v4/codegen/model/ListenerFile.java
[2026-04-14T14:48:52Z] [iter=4] HEARTBEAT target_type=call_site elapsed_min=100.8 files_done=42 resolved=287 errors=1903 current=runtime/Java/src/org/antlr/v4/runtime/atn/OrderedATNConfigSet.java
[2026-04-14T14:52:36Z] [iter=4] HEARTBEAT target_type=call_site elapsed_min=104.5 files_done=44 resolved=289 errors=1976 current=tool/src/org/antlr/v4/codegen/model/Choice.java
[2026-04-14T14:53:22Z] [iter=4] HEARTBEAT target_type=call_site elapsed_min=105.3 files_done=45 resolved=289 errors=1991 current=runtime/Java/src/org/antlr/v4/runtime/atn/ATN.java
[2026-04-14T14:54:38Z] [iter=4] HEARTBEAT target_type=call_site elapsed_min=106.6 files_done=46 resolved=289 errors=2016 current=tool/src/org/antlr/v4/analysis/LeftRecursiveRuleAnalyzer.java
[2026-04-14T15:03:27Z] [iter=4] HEARTBEAT target_type=call_site elapsed_min=115.4 files_done=47 resolved=289 errors=2189 current=runtime/Java/src/org/antlr/v4/runtime/misc/Array2DHashSet.java
[2026-04-14T15:06:20Z] [iter=4] HEARTBEAT target_type=call_site elapsed_min=118.3 files_done=48 resolved=295 errors=2246 current=runtime-testsuite/test/org/antlr/v4/test/runtime/python/PythonRunner.java
[2026-04-14T15:13:00Z] [iter=4] HEARTBEAT target_type=call_site elapsed_min=124.9 files_done=50 resolved=298 errors=2377 current=antlr4-maven-plugin/src/main/java/org/antlr/mojo/antlr4/Antlr4ErrorLog.java
[2026-04-14T15:14:05Z] [iter=4] HEARTBEAT target_type=call_site elapsed_min=126.0 files_done=51 resolved=298 errors=2398 current=tool/src/org/antlr/v4/tool/GrammarParserInterpreter.java
[2026-04-14T15:18:00Z] [iter=4] HEARTBEAT target_type=call_site elapsed_min=129.9 files_done=52 resolved=300 errors=2475 current=runtime-testsuite/test/org/antlr/v4/test/runtime/Processor.java
[2026-04-14T15:23:09Z] [iter=4] HEARTBEAT target_type=call_site elapsed_min=135.1 files_done=54 resolved=307 errors=2576 current=runtime/Java/src/org/antlr/v4/runtime/atn/LL1Analyzer.java
[2026-04-14T15:25:20Z] [iter=4] HEARTBEAT target_type=call_site elapsed_min=137.3 files_done=55 resolved=307 errors=2619 current=tool/src/org/antlr/v4/codegen/model/decl/StructDecl.java
[2026-04-14T15:26:33Z] [iter=4] HEARTBEAT target_type=call_site elapsed_min=138.5 files_done=56 resolved=307 errors=2643 current=tool/src/org/antlr/v4/codegen/model/LL1AltBlock.java
[2026-04-14T15:27:28Z] [iter=4] HEARTBEAT target_type=call_site elapsed_min=139.4 files_done=58 resolved=309 errors=2661 current=runtime-testsuite/test/org/antlr/v4/test/runtime/ErrorQueue.java
[2026-04-14T15:28:07Z] [iter=4] HEARTBEAT target_type=call_site elapsed_min=140.1 files_done=60 resolved=322 errors=2674 current=tool/src/org/antlr/v4/misc/EscapeSequenceParsing.java
[2026-04-14T15:29:45Z] [iter=4] HEARTBEAT target_type=call_site elapsed_min=141.7 files_done=61 resolved=330 errors=2706 current=tool/src/org/antlr/v4/parse/ScopeParser.java
[2026-04-14T15:34:13Z] [iter=4] HEARTBEAT target_type=call_site elapsed_min=146.2 files_done=62 resolved=337 errors=2794 current=runtime-testsuite/test/org/antlr/v4/test/runtime/go/GoRunner.java
[2026-04-14T15:35:08Z] [iter=4] HEARTBEAT target_type=call_site elapsed_min=147.1 files_done=65 resolved=338 errors=2812 current=runtime-testsuite/test/org/antlr/v4/test/runtime/CustomDescriptors.java
[2026-04-14T15:37:10Z] [iter=4] HEARTBEAT target_type=call_site elapsed_min=149.1 files_done=67 resolved=345 errors=2852 current=runtime/Java/src/org/antlr/v4/runtime/UnbufferedCharStream.java
[2026-04-14T15:38:15Z] [iter=4] HEARTBEAT target_type=call_site elapsed_min=150.2 files_done=68 resolved=352 errors=2873 current=tool-testsuite/test/org/antlr/v4/test/tool/TestTopologicalSort.java
[2026-04-14T15:40:07Z] [iter=4] HEARTBEAT target_type=call_site elapsed_min=152.1 files_done=69 resolved=357 errors=2910 current=runtime/Java/src/org/antlr/v4/runtime/tree/pattern/ParseTreePattern.java
[2026-04-14T15:43:50Z] [iter=4] HEARTBEAT target_type=call_site elapsed_min=155.8 files_done=71 resolved=357 errors=2983 current=runtime/Java/src/org/antlr/v4/runtime/FailedPredicateException.java
[2026-04-14T15:45:33Z] [iter=4] HEARTBEAT target_type=call_site elapsed_min=157.5 files_done=73 resolved=362 errors=3017 current=tool-testsuite/test/org/antlr/v4/test/tool/TestATNInterpreter.java
[2026-04-14T15:49:53Z] [iter=4] HEARTBEAT target_type=call_site elapsed_min=161.8 files_done=74 resolved=375 errors=3102 current=antlr4-maven-plugin/src/main/java/org/antlr/mojo/antlr4/MojoUtils.java
[2026-04-14T15:50:27Z] [iter=4] HEARTBEAT target_type=call_site elapsed_min=162.4 files_done=75 resolved=376 errors=3113 current=tool/src/org/antlr/v4/codegen/model/decl/AltLabelStructDecl.java
[2026-04-14T15:50:58Z] [iter=4] HEARTBEAT target_type=call_site elapsed_min=162.9 files_done=76 resolved=376 errors=3123 current=tool-testsuite/test/org/antlr/v4/test/tool/TestCharSupport.java
[2026-04-14T15:52:48Z] [iter=4] HEARTBEAT target_type=call_site elapsed_min=164.7 files_done=77 resolved=412 errors=3159 current=runtime-testsuite/test/org/antlr/v4/test/runtime/states/GeneratedState.java
[2026-04-14T15:54:47Z] [iter=4] HEARTBEAT target_type=call_site elapsed_min=166.7 files_done=79 resolved=417 errors=3198 current=tool/src/org/antlr/v4/semantics/SemanticPipeline.java
[2026-04-14T15:59:12Z] [iter=4] HEARTBEAT target_type=call_site elapsed_min=171.1 files_done=80 resolved=417 errors=3285 current=runtime/Java/src/org/antlr/v4/runtime/Parser.java
[2026-04-14T16:07:33Z] [iter=4] HEARTBEAT target_type=call_site elapsed_min=179.5 files_done=81 resolved=421 errors=3449 current=runtime-testsuite/test/org/antlr/v4/test/runtime/csharp/CSharpRuntimeTests.java
[2026-04-14T16:09:39Z] [iter=4] HEARTBEAT target_type=call_site elapsed_min=181.6 files_done=83 resolved=422 errors=3490 current=tool/src/org/antlr/v4/semantics/BasicSemanticChecks.java
[2026-04-14T16:19:01Z] [iter=4] HEARTBEAT target_type=call_site elapsed_min=191.0 files_done=84 resolved=430 errors=3674 current=runtime/Java/src/org/antlr/v4/runtime/tree/xpath/XPathLexer.java
[2026-04-14T16:20:48Z] [iter=4] HEARTBEAT target_type=call_site elapsed_min=192.7 files_done=85 resolved=433 errors=3709 current=runtime-testsuite/test/org/antlr/v4/test/runtime/java/api/TestVisitors.java
[2026-04-14T16:21:25Z] [iter=4] HEARTBEAT target_type=call_site elapsed_min=193.4 files_done=87 resolved=433 errors=3721 current=tool/src/org/antlr/v4/analysis/AnalysisPipeline.java
[2026-04-14T16:22:42Z] [iter=4] HEARTBEAT target_type=call_site elapsed_min=194.6 files_done=88 resolved=434 errors=3746 current=tool-testsuite/test/org/antlr/v4/test/tool/MockIntTokenStream.java
[2026-04-14T16:25:09Z] [iter=4] HEARTBEAT target_type=call_site elapsed_min=197.1 files_done=90 resolved=452 errors=3794 current=runtime/Java/src/org/antlr/v4/runtime/BufferedTokenStream.java
[2026-04-14T16:30:23Z] [iter=4] HEARTBEAT target_type=call_site elapsed_min=202.3 files_done=91 resolved=452 errors=3897 current=tool-testsuite/test/org/antlr/v4/test/tool/TestBufferedTokenStream.java
[2026-04-14T16:32:14Z] [iter=4] HEARTBEAT target_type=call_site elapsed_min=204.2 files_done=92 resolved=460 errors=3933 current=tool/src/org/antlr/v4/gui/PostScriptDocument.java
[2026-04-14T16:34:46Z] [iter=4] HEARTBEAT target_type=call_site elapsed_min=206.7 files_done=93 resolved=466 errors=3983 current=tool/src/org/antlr/v4/tool/ErrorManager.java
[2026-04-14T16:38:32Z] [iter=4] HEARTBEAT target_type=call_site elapsed_min=210.5 files_done=94 resolved=474 errors=4057 current=runtime/Java/src/org/antlr/v4/runtime/tree/xpath/XPathWildcardElement.java
[2026-04-14T16:41:57Z] [iter=4] HEARTBEAT target_type=call_site elapsed_min=213.9 files_done=96 resolved=477 errors=4124 current=tool/src/org/antlr/v4/codegen/CodeGenPipeline.java
[2026-04-14T16:44:57Z] [iter=4] HEARTBEAT target_type=call_site elapsed_min=216.9 files_done=97 resolved=477 errors=4183 current=runtime/Java/src/org/antlr/v4/runtime/atn/ProfilingATNSimulator.java
[2026-04-14T16:46:19Z] [iter=4] HEARTBEAT target_type=call_site elapsed_min=218.3 files_done=98 resolved=481 errors=4210 current=runtime/Java/src/org/antlr/v4/runtime/misc/LogManager.java
[2026-04-14T16:47:33Z] [iter=4] HEARTBEAT target_type=call_site elapsed_min=219.5 files_done=99 resolved=484 errors=4234 current=runtime-testsuite/test/org/antlr/v4/test/runtime/java/TestIntegerList.java
[2026-04-14T16:48:28Z] [iter=4] HEARTBEAT target_type=call_site elapsed_min=220.4 files_done=101 resolved=486 errors=4252 current=runtime/Java/src/org/antlr/v4/runtime/atn/LexerActionExecutor.java
[2026-04-14T16:49:02Z] [iter=4] HEARTBEAT target_type=call_site elapsed_min=221.0 files_done=102 resolved=488 errors=4263 current=tool/src/org/antlr/v4/gui/TreePostScriptGenerator.java
[2026-04-14T16:51:11Z] [iter=4] HEARTBEAT target_type=call_site elapsed_min=223.1 files_done=103 resolved=488 errors=4305 current=runtime/Java/src/org/antlr/v4/runtime/atn/LexerPushModeAction.java
[2026-04-14T16:52:21Z] [iter=4] HEARTBEAT target_type=call_site elapsed_min=224.3 files_done=105 resolved=490 errors=4328 current=tool-testsuite/test/org/antlr/v4/test/tool/TestCodeGeneration.java
[2026-04-14T16:53:59Z] [iter=4] HEARTBEAT target_type=call_site elapsed_min=225.9 files_done=106 resolved=498 errors=4360 current=runtime/Java/src/org/antlr/v4/runtime/misc/FlexibleHashMap.java
[2026-04-14T16:56:23Z] [iter=4] HEARTBEAT target_type=call_site elapsed_min=228.3 files_done=107 resolved=502 errors=4407 current=tool-testsuite/test/org/antlr/v4/test/tool/TestParserProfiler.java
[2026-04-14T16:57:55Z] [iter=4] HEARTBEAT target_type=call_site elapsed_min=229.9 files_done=108 resolved=526 errors=4437 current=tool/src/org/antlr/v4/codegen/OutputModelWalker.java
[2026-04-14T16:59:33Z] [iter=4] HEARTBEAT target_type=call_site elapsed_min=231.5 files_done=109 resolved=527 errors=4469 current=runtime-testsuite/test/org/antlr/v4/test/runtime/java/JavaRunner.java
[2026-04-14T17:00:07Z] [iter=4] HEARTBEAT target_type=call_site elapsed_min=232.0 files_done=112 resolved=527 errors=4480 current=runtime/Java/src/org/antlr/v4/runtime/atn/ParseInfo.java
[2026-04-14T17:00:40Z] [iter=4] HEARTBEAT target_type=call_site elapsed_min=232.6 files_done=113 resolved=527 errors=4491 current=runtime/Java/src/org/antlr/v4/runtime/ProxyErrorListener.java
[2026-04-14T17:02:24Z] [iter=4] HEARTBEAT target_type=call_site elapsed_min=234.3 files_done=116 resolved=530 errors=4525 current=tool-testsuite/test/org/antlr/v4/test/tool/TestATNDeserialization.java
[2026-04-14T17:03:59Z] [iter=4] HEARTBEAT target_type=call_site elapsed_min=235.9 files_done=117 resolved=534 errors=4556 current=runtime/Java/src/org/antlr/v4/runtime/tree/ParseTreeProperty.java
[2026-04-14T17:04:35Z] [iter=4] HEARTBEAT target_type=call_site elapsed_min=236.5 files_done=119 resolved=534 errors=4568 current=tool/src/org/antlr/v4/automata/RangeBorderCharactersData.java
[2026-04-14T17:05:12Z] [iter=4] HEARTBEAT target_type=call_site elapsed_min=237.1 files_done=121 resolved=539 errors=4580 current=runtime/Java/src/org/antlr/v4/runtime/dfa/DFA.java
[2026-04-14T17:05:55Z] [iter=4] HEARTBEAT target_type=call_site elapsed_min=237.9 files_done=123 resolved=541 errors=4594 current=tool-testsuite/test/org/antlr/v4/test/tool/TestXPath.java
[2026-04-14T17:07:39Z] [iter=4] HEARTBEAT target_type=call_site elapsed_min=239.6 files_done=124 resolved=544 errors=4614 current=tool/src/org/antlr/v4/codegen/target/GoTarget.java
[2026-04-14T17:08:25Z] [iter=4] CHECKPOINT TRIGGERED elapsed_min=240.3 files_completed=317 new_files_this_iter=125 mem_mb=1770 MB
[2026-04-14T17:08:25Z] [iter=4] Writing partial enrichment graph path=/home/runner/work/forx/forx/storage/aggregate/lsp/5bd7f9ea4822b231a93f8b34e8c91a2387a0e208.nq.gz triples=131708
[2026-04-14T17:08:27Z] [iter=4] Checkpoint written, exiting with code 7
[2026-04-14T17:08:27Z] [iter=4] PHASE END: enrich (checkpointed) elapsed_s=14421 elapsed_min=240.3 files_completed=317
