[2026-04-14T17:13:16Z] === ENRICH ITERATION 5 START | repo=antlr/antlr4 sha=5bd7f9ea ===
[2026-04-14T17:13:16Z] [iter=5] PHASE START: enrich repo=antlr/antlr4 sha=5bd7f9ea runlog=/home/runner/work/forx/forx/storage/aggregate/lsp/logs/5bd7f9ea-enrich-iter-005.log output=/home/runner/work/forx/forx/storage/aggregate/lsp/5bd7f9ea4822b231a93f8b34e8c91a2387a0e208.nq.gz
[2026-04-14T17:13:16Z] [iter=5] Step 1: Loading AST into disk-backed store mem_mb=77 MB
[2026-04-14T17:14:34Z] [iter=5] AST store loaded triples=7787748 load_secs=75 mem_mb=1063 MB
[2026-04-14T17:14:34Z] [iter=5] Step 2: Finding LSP targets mem_mb=1063 MB
[2026-04-14T17:14:58Z] [iter=5] LSP targets found call_sites=47446 imports=5854 extends=992 implements=0 secs=24
[2026-04-14T17:15:03Z] [iter=5] Loaded checkpoint partial graph triples=131708
[2026-04-14T17:15:25Z] [iter=5] Step 2.7: Building position index (one-shot, shared across resolvers) mem_mb=1063 MB
[2026-04-14T17:16:10Z] [iter=5] Position index built positions=526839 nodes_with_types=637997 secs=45 mem_mb=1820 MB
[2026-04-14T17:16:10Z] [iter=5] Step 3: Starting LSP resolution mem_mb=1820 MB already_completed_types=[] already_completed_files=317
[2026-04-14T17:16:10Z] [iter=5] Resolving target type target_type=call_site count=47446
[2026-04-14T17:16:33Z] [iter=5] HEARTBEAT target_type=call_site elapsed_min=3.3 files_done=0 resolved=0 errors=0 current=tool/src/org/antlr/v4/parse/GrammarToken.java
[2026-04-14T17:17:17Z] [iter=5] HEARTBEAT target_type=call_site elapsed_min=4.0 files_done=1 resolved=4 errors=14 current=runtime/Java/src/org/antlr/v4/runtime/misc/OrderedHashSet.java
[2026-04-14T17:17:56Z] [iter=5] HEARTBEAT target_type=call_site elapsed_min=4.7 files_done=3 resolved=10 errors=29 current=tool/src/org/antlr/v4/codegen/target/Python3Target.java
[2026-04-14T17:19:10Z] [iter=5] HEARTBEAT target_type=call_site elapsed_min=5.9 files_done=5 resolved=13 errors=48 current=runtime/Java/src/org/antlr/v4/runtime/dfa/DFAState.java
[2026-04-14T17:20:21Z] [iter=5] HEARTBEAT target_type=call_site elapsed_min=7.1 files_done=6 resolved=14 errors=61 current=runtime-testsuite/test/org/antlr/v4/test/runtime/java/api/TestTokenStream.java
[2026-04-14T17:21:10Z] [iter=5] HEARTBEAT target_type=call_site elapsed_min=7.9 files_done=8 resolved=16 errors=70 current=tool/src/org/antlr/v4/codegen/target/SwiftTarget.java
[2026-04-14T17:21:49Z] [iter=5] HEARTBEAT target_type=call_site elapsed_min=8.5 files_done=12 resolved=19 errors=85 current=runtime/Java/src/org/antlr/v4/runtime/InputMismatchException.java
[2026-04-14T17:22:19Z] [iter=5] HEARTBEAT target_type=call_site elapsed_min=9.1 files_done=14 resolved=19 errors=97 current=tool-testsuite/test/org/antlr/v4/test/tool/TestParserExec.java
[2026-04-14T17:23:11Z] [iter=5] HEARTBEAT target_type=call_site elapsed_min=9.9 files_done=16 resolved=29 errors=117 current=runtime/Java/src/org/antlr/v4/runtime/misc/Triple.java
[2026-04-14T17:24:15Z] [iter=5] HEARTBEAT target_type=call_site elapsed_min=11.0 files_done=19 resolved=30 errors=126 current=tool/src/org/antlr/v4/gui/Trees.java
[2026-04-14T17:25:31Z] [iter=5] HEARTBEAT target_type=call_site elapsed_min=12.3 files_done=20 resolved=33 errors=156 current=tool/src/org/antlr/v4/automata/ATNOptimizer.java
[2026-04-14T17:27:20Z] [iter=5] HEARTBEAT target_type=call_site elapsed_min=14.1 files_done=21 resolved=34 errors=199 current=runtime-testsuite/test/org/antlr/v4/test/runtime/java/JavaRuntimeTests.java
[2026-04-14T17:28:06Z] [iter=5] HEARTBEAT target_type=call_site elapsed_min=14.8 files_done=24 resolved=35 errors=217 current=tool/src/org/antlr/v4/codegen/target/Python2Target.java
[2026-04-14T17:28:49Z] [iter=5] HEARTBEAT target_type=call_site elapsed_min=15.6 files_done=27 resolved=37 errors=234 current=tool/src/org/antlr/v4/codegen/model/decl/ContextGetterDecl.java
[2026-04-14T17:29:28Z] [iter=5] HEARTBEAT target_type=call_site elapsed_min=16.2 files_done=30 resolved=41 errors=249 current=runtime/Java/src/org/antlr/v4/runtime/misc/MurmurHash.java
[2026-04-14T17:30:09Z] [iter=5] HEARTBEAT target_type=call_site elapsed_min=16.9 files_done=33 resolved=47 errors=265 current=tool/src/org/antlr/v4/codegen/target/PHPTarget.java
[2026-04-14T17:31:44Z] [iter=5] HEARTBEAT target_type=call_site elapsed_min=18.5 files_done=35 resolved=50 errors=302 current=tool/src/org/antlr/v4/codegen/model/SemPred.java
[2026-04-14T17:32:25Z] [iter=5] HEARTBEAT target_type=call_site elapsed_min=19.1 files_done=36 resolved=50 errors=318 current=tool/src/org/antlr/v4/tool/ast/GrammarASTWithOptions.java
[2026-04-14T17:32:55Z] [iter=5] HEARTBEAT target_type=call_site elapsed_min=19.7 files_done=37 resolved=51 errors=330 current=runtime-testsuite/test/org/antlr/v4/test/runtime/RunOptions.java
[2026-04-14T17:34:19Z] [iter=5] HEARTBEAT target_type=call_site elapsed_min=21.1 files_done=40 resolved=54 errors=363 current=tool/src/org/antlr/v4/tool/ANTLRMessage.java
[2026-04-14T17:34:57Z] [iter=5] HEARTBEAT target_type=call_site elapsed_min=21.7 files_done=41 resolved=55 errors=378 current=runtime/Java/src/org/antlr/v4/runtime/tree/IterativeParseTreeWalker.java
[2026-04-14T17:35:30Z] [iter=5] HEARTBEAT target_type=call_site elapsed_min=22.2 files_done=42 resolved=55 errors=391 current=runtime-testsuite/test/org/antlr/v4/test/runtime/python3/Python3RuntimeTests.java
[2026-04-14T17:36:03Z] [iter=5] HEARTBEAT target_type=call_site elapsed_min=22.8 files_done=44 resolved=55 errors=393 current=tool/src/org/antlr/v4/codegen/model/VisitorFile.java
[2026-04-14T17:36:39Z] [iter=5] HEARTBEAT target_type=call_site elapsed_min=23.4 files_done=45 resolved=55 errors=407 current=runtime-testsuite/test/org/antlr/v4/test/runtime/RuntimeTestDescriptor.java
[2026-04-14T17:37:32Z] [iter=5] HEARTBEAT target_type=call_site elapsed_min=24.3 files_done=48 resolved=69 errors=428 current=tool/src/org/antlr/v4/tool/ast/RuleRefAST.java
[2026-04-14T17:38:41Z] [iter=5] HEARTBEAT target_type=call_site elapsed_min=25.4 files_done=50 resolved=69 errors=455 current=runtime-testsuite/test/org/antlr/v4/test/runtime/java/TestInterpreterDataReader.java
[2026-04-14T17:39:27Z] [iter=5] HEARTBEAT target_type=call_site elapsed_min=26.2 files_done=52 resolved=74 errors=473 current=runtime/Java/src/org/antlr/v4/runtime/atn/SingletonPredictionContext.java
[2026-04-14T17:41:55Z] [iter=5] HEARTBEAT target_type=call_site elapsed_min=28.7 files_done=54 resolved=86 errors=531 current=tool/src/org/antlr/v4/tool/ast/RangeAST.java
[2026-04-14T17:42:26Z] [iter=5] HEARTBEAT target_type=call_site elapsed_min=29.2 files_done=57 resolved=86 errors=543 current=runtime/Java/src/org/antlr/v4/runtime/atn/PredictionContextCache.java
[2026-04-14T17:42:56Z] [iter=5] HEARTBEAT target_type=call_site elapsed_min=29.7 files_done=61 resolved=86 errors=555 current=tool/src/org/antlr/v4/codegen/model/ThrowRecognitionException.java
[2026-04-14T17:43:40Z] [iter=5] HEARTBEAT target_type=call_site elapsed_min=30.4 files_done=64 resolved=87 errors=572 current=runtime/Java/src/org/antlr/v4/runtime/tree/xpath/XPathTokenElement.java
[2026-04-14T17:44:31Z] [iter=5] HEARTBEAT target_type=call_site elapsed_min=31.2 files_done=66 resolved=87 errors=592 current=runtime-testsuite/test/org/antlr/v4/test/runtime/python3/Python3Runner.java
[2026-04-14T17:45:18Z] [iter=5] HEARTBEAT target_type=call_site elapsed_min=32.0 files_done=69 resolved=87 errors=601 current=tool/src/org/antlr/v4/codegen/model/LL1Loop.java
[2026-04-14T17:46:02Z] [iter=5] HEARTBEAT target_type=call_site elapsed_min=32.8 files_done=71 resolved=87 errors=618 current=runtime-testsuite/test/org/antlr/v4/test/runtime/dart/DartRunner.java
[2026-04-14T17:47:38Z] [iter=5] HEARTBEAT target_type=call_site elapsed_min=34.4 files_done=73 resolved=87 errors=656 current=tool/src/org/antlr/v4/gui/TreeLayoutAdaptor.java
[2026-04-14T17:48:09Z] [iter=5] HEARTBEAT target_type=call_site elapsed_min=34.9 files_done=75 resolved=88 errors=668 current=runtime/Java/src/org/antlr/v4/runtime/atn/LexerChannelAction.java
[2026-04-14T17:48:57Z] [iter=5] HEARTBEAT target_type=call_site elapsed_min=35.7 files_done=77 resolved=89 errors=687 current=runtime/Java/src/org/antlr/v4/runtime/atn/Transition.java
[2026-04-14T17:49:44Z] [iter=5] HEARTBEAT target_type=call_site elapsed_min=36.5 files_done=80 resolved=111 errors=705 current=runtime/Java/src/org/antlr/v4/runtime/CommonTokenStream.java
[2026-04-14T17:50:17Z] [iter=5] HEARTBEAT target_type=call_site elapsed_min=37.0 files_done=81 resolved=111 errors=718 current=tool/src/org/antlr/v4/codegen/model/PlusBlock.java
[2026-04-14T17:50:55Z] [iter=5] HEARTBEAT target_type=call_site elapsed_min=37.7 files_done=85 resolved=113 errors=733 current=tool/src/org/antlr/v4/codegen/model/MatchSet.java
[2026-04-14T17:51:34Z] [iter=5] HEARTBEAT target_type=call_site elapsed_min=38.3 files_done=87 resolved=117 errors=748 current=runtime/Java/src/org/antlr/v4/runtime/atn/RangeTransition.java
[2026-04-14T17:52:38Z] [iter=5] HEARTBEAT target_type=call_site elapsed_min=39.4 files_done=92 resolved=119 errors=773 current=tool/src/org/antlr/v4/misc/FrequencySet.java
[2026-04-14T17:53:19Z] [iter=5] HEARTBEAT target_type=call_site elapsed_min=40.1 files_done=96 resolved=126 errors=789 current=tool/src/org/antlr/v4/parse/ToolANTLRParser.java
[2026-04-14T17:54:00Z] [iter=5] HEARTBEAT target_type=call_site elapsed_min=40.7 files_done=99 resolved=129 errors=805 current=runtime/Java/src/org/antlr/v4/runtime/tree/pattern/RuleTagToken.java
[2026-04-14T17:54:31Z] [iter=5] HEARTBEAT target_type=call_site elapsed_min=41.3 files_done=104 resolved=133 errors=817 current=tool/src/org/antlr/v4/tool/ast/GrammarASTErrorNode.java
[2026-04-14T17:55:09Z] [iter=5] HEARTBEAT target_type=call_site elapsed_min=41.9 files_done=108 resolved=133 errors=832 current=runtime/Java/src/org/antlr/v4/runtime/LexerInterpreter.java
[2026-04-14T17:55:55Z] [iter=5] HEARTBEAT target_type=call_site elapsed_min=42.7 files_done=112 resolved=133 errors=850 current=tool/src/org/antlr/v4/tool/ast/PredAST.java
[2026-04-14T17:56:26Z] [iter=5] HEARTBEAT target_type=call_site elapsed_min=43.2 files_done=118 resolved=135 errors=862 current=runtime-testsuite/test/org/antlr/v4/test/runtime/go/GoRuntimeTests.java
[2026-04-14T17:57:02Z] [iter=5] HEARTBEAT target_type=call_site elapsed_min=43.8 files_done=122 resolved=135 errors=876 current=tool-testsuite/test/org/antlr/v4/test/tool/TestActionSplitter.java
[2026-04-14T17:58:20Z] [iter=5] HEARTBEAT target_type=call_site elapsed_min=45.1 files_done=124 resolved=136 errors=891 current=tool/src/org/antlr/v4/codegen/model/decl/CodeBlock.java
[2026-04-14T17:59:03Z] [iter=5] HEARTBEAT target_type=call_site elapsed_min=45.8 files_done=126 resolved=137 errors=908 current=runtime/Java/src/org/antlr/v4/runtime/tree/xpath/XPathElement.java
[2026-04-14T17:59:35Z] [iter=5] HEARTBEAT target_type=call_site elapsed_min=46.3 files_done=136 resolved=142 errors=920 current=runtime/Java/src/org/antlr/v4/runtime/dfa/LexerDFASerializer.java
[2026-04-14T18:00:08Z] [iter=5] HEARTBEAT target_type=call_site elapsed_min=46.9 files_done=145 resolved=142 errors=933 current=tool/src/org/antlr/v4/tool/ast/AltAST.java
[2026-04-14T18:00:42Z] [iter=5] HEARTBEAT target_type=call_site elapsed_min=47.4 files_done=153 resolved=143 errors=946 current=runtime/Java/src/org/antlr/v4/runtime/atn/PrecedencePredicateTransition.java
[2026-04-14T18:01:13Z] [iter=5] HEARTBEAT target_type=call_site elapsed_min=47.9 files_done=162 resolved=145 errors=958 current=runtime/Java/src/org/antlr/v4/runtime/tree/xpath/XPathTokenAnywhereElement.java
[2026-04-14T18:02:40Z] [iter=5] HEARTBEAT target_type=call_site elapsed_min=49.4 files_done=167 resolved=155 errors=991 current=runtime/Cpp/runtime/src/UnbufferedCharStream.cpp
[2026-04-14T18:04:22Z] [iter=5] HEARTBEAT target_type=call_site elapsed_min=51.1 files_done=168 resolved=165 errors=1031 current=runtime/Cpp/runtime/src/BufferedTokenStream.cpp
[2026-04-14T18:07:17Z] [iter=5] HEARTBEAT target_type=call_site elapsed_min=54.0 files_done=169 resolved=166 errors=1100 current=runtime/Cpp/runtime/src/Parser.cpp
[2026-04-14T18:13:42Z] [iter=5] HEARTBEAT target_type=call_site elapsed_min=60.4 files_done=170 resolved=169 errors=1252 current=runtime/Cpp/runtime/src/Recognizer.cpp
[2026-04-14T18:14:48Z] [iter=5] HEARTBEAT target_type=call_site elapsed_min=61.5 files_done=171 resolved=175 errors=1278 current=runtime/Cpp/runtime/src/atn/LexerATNSimulator.cpp
[2026-04-14T18:16:28Z] [iter=5] HEARTBEAT target_type=call_site elapsed_min=63.2 files_done=174 resolved=193 errors=1317 current=runtime/Cpp/runtime/src/DefaultErrorStrategy.cpp
[2026-04-14T18:21:57Z] [iter=5] HEARTBEAT target_type=call_site elapsed_min=68.7 files_done=175 resolved=198 errors=1447 current=runtime/Cpp/runtime/src/atn/ATNDeserializer.cpp
[2026-04-14T18:22:30Z] [iter=5] HEARTBEAT target_type=call_site elapsed_min=69.2 files_done=177 resolved=211 errors=1460 current=runtime/Cpp/runtime/src/atn/SemanticContext.cpp
[2026-04-14T18:23:41Z] [iter=5] HEARTBEAT target_type=call_site elapsed_min=70.4 files_done=179 resolved=212 errors=1488 current=runtime/Cpp/runtime/src/TokenStreamRewriter.cpp
[2026-04-14T18:27:25Z] [iter=5] HEARTBEAT target_type=call_site elapsed_min=74.1 files_done=180 resolved=215 errors=1576 current=runtime/Cpp/runtime/src/misc/MurmurHash.h
[2026-04-14T18:28:08Z] [iter=5] HEARTBEAT target_type=call_site elapsed_min=74.9 files_done=181 resolved=215 errors=1593 current=runtime/Cpp/runtime/src/support/Arrays.h
[2026-04-14T18:28:48Z] [iter=5] HEARTBEAT target_type=call_site elapsed_min=75.5 files_done=182 resolved=215 errors=1609 current=runtime/Cpp/runtime/src/tree/Trees.cpp
[2026-04-14T18:29:39Z] [iter=5] HEARTBEAT target_type=call_site elapsed_min=76.4 files_done=184 resolved=215 errors=1629 current=runtime/Cpp/runtime/src/atn/ParseInfo.cpp
[2026-04-14T18:30:30Z] [iter=5] HEARTBEAT target_type=call_site elapsed_min=77.2 files_done=193 resolved=217 errors=1649 current=runtime/Cpp/runtime/src/atn/PlusBlockStartState.h
[2026-04-14T18:31:11Z] [iter=5] HEARTBEAT target_type=call_site elapsed_min=77.9 files_done=195 resolved=217 errors=1665 current=runtime/Cpp/runtime/src/NoViableAltException.cpp
[2026-04-14T18:32:05Z] [iter=5] HEARTBEAT target_type=call_site elapsed_min=78.8 files_done=198 resolved=217 errors=1686 current=runtime/Cpp/runtime/src/atn/SerializedATNView.h
[2026-04-14T18:32:58Z] [iter=5] HEARTBEAT target_type=call_site elapsed_min=79.7 files_done=199 resolved=225 errors=1707 current=runtime/Cpp/runtime/src/atn/LexerPopModeAction.cpp
[2026-04-14T18:35:41Z] [iter=5] HEARTBEAT target_type=call_site elapsed_min=82.4 files_done=204 resolved=225 errors=1771 current=runtime/Cpp/runtime/src/tree/pattern/ParseTreePatternMatcher.cpp
[2026-04-14T18:38:27Z] [iter=5] HEARTBEAT target_type=call_site elapsed_min=85.2 files_done=211 resolved=228 errors=1836 current=runtime/Cpp/runtime/src/CommonToken.cpp
[2026-04-14T18:39:50Z] [iter=5] HEARTBEAT target_type=call_site elapsed_min=86.6 files_done=212 resolved=230 errors=1869 current=runtime/Cpp/runtime/src/support/Utf8.cpp
[2026-04-14T18:43:23Z] [iter=5] HEARTBEAT target_type=call_site elapsed_min=90.1 files_done=213 resolved=232 errors=1953 current=runtime/Cpp/runtime/src/RuntimeMetaData.cpp
[2026-04-14T18:44:02Z] [iter=5] HEARTBEAT target_type=call_site elapsed_min=90.8 files_done=217 resolved=238 errors=1968 current=runtime/Cpp/runtime/src/RuleContext.cpp
[2026-04-14T18:44:43Z] [iter=5] HEARTBEAT target_type=call_site elapsed_min=91.4 files_done=218 resolved=238 errors=1984 current=runtime/Cpp/runtime/src/TokenStream.h
[2026-04-14T18:45:21Z] [iter=5] HEARTBEAT target_type=call_site elapsed_min=92.1 files_done=222 resolved=243 errors=1999 current=runtime/Cpp/runtime/src/tree/pattern/ParseTreePattern.cpp
[2026-04-14T18:45:52Z] [iter=5] HEARTBEAT target_type=call_site elapsed_min=92.6 files_done=225 resolved=243 errors=2011 current=runtime/Cpp/runtime/src/atn/LL1Analyzer.cpp
[2026-04-14T18:46:51Z] [iter=5] HEARTBEAT target_type=call_site elapsed_min=93.6 files_done=229 resolved=246 errors=2034 current=runtime/Cpp/runtime/src/Vocabulary.cpp
[2026-04-14T18:47:22Z] [iter=5] HEARTBEAT target_type=call_site elapsed_min=94.1 files_done=232 resolved=257 errors=2046 current=runtime/Cpp/runtime/src/atn/LexerTypeAction.cpp
[2026-04-14T18:47:58Z] [iter=5] HEARTBEAT target_type=call_site elapsed_min=94.7 files_done=235 resolved=261 errors=2060 current=runtime/Cpp/runtime/src/atn/NotSetTransition.cpp
[2026-04-14T18:48:31Z] [iter=5] HEARTBEAT target_type=call_site elapsed_min=95.3 files_done=244 resolved=274 errors=2073 current=runtime/Cpp/runtime/src/Vocabulary.h
[2026-04-14T18:49:03Z] [iter=5] HEARTBEAT target_type=call_site elapsed_min=95.8 files_done=254 resolved=275 errors=2085 current=runtime/Cpp/runtime/src/tree/xpath/XPathRuleElement.cpp
[2026-04-14T18:49:41Z] [iter=5] HEARTBEAT target_type=call_site elapsed_min=96.4 files_done=257 resolved=275 errors=2100 current=runtime/Cpp/runtime/src/tree/xpath/XPath.cpp
[2026-04-14T18:50:15Z] [iter=5] HEARTBEAT target_type=call_site elapsed_min=97.0 files_done=269 resolved=276 errors=2113 current=runtime/Cpp/runtime/src/LexerNoViableAltException.cpp
[2026-04-14T18:50:48Z] [iter=5] HEARTBEAT target_type=call_site elapsed_min=97.5 files_done=276 resolved=276 errors=2126 current=runtime/Cpp/runtime/src/atn/RuleTransition.cpp
[2026-04-14T18:51:22Z] [iter=5] HEARTBEAT target_type=call_site elapsed_min=98.1 files_done=285 resolved=277 errors=2139 current=runtime/Cpp/runtime/src/ParserRuleContext.h
[2026-04-14T18:51:52Z] [iter=5] HEARTBEAT target_type=call_site elapsed_min=98.6 files_done=288 resolved=277 errors=2151 current=runtime/Cpp/runtime/src/tree/xpath/XPathElement.h
[2026-04-14T18:52:28Z] [iter=5] HEARTBEAT target_type=call_site elapsed_min=99.2 files_done=295 resolved=277 errors=2165 current=runtime/Cpp/runtime/src/DiagnosticErrorListener.h
[2026-04-14T18:53:00Z] [iter=5] HEARTBEAT target_type=call_site elapsed_min=99.7 files_done=303 resolved=285 errors=2177 current=runtime/Cpp/runtime/src/Recognizer.h
[2026-04-14T18:53:35Z] [iter=5] HEARTBEAT target_type=call_site elapsed_min=100.3 files_done=313 resolved=287 errors=2190 current=runtime/Cpp/runtime/src/atn/WildcardTransition.h
[2026-04-14T18:54:06Z] [iter=5] HEARTBEAT target_type=call_site elapsed_min=100.8 files_done=324 resolved=287 errors=2202 current=runtime/Cpp/runtime/src/atn/RuleStopState.h
[2026-04-14T18:54:43Z] [iter=5] HEARTBEAT target_type=call_site elapsed_min=101.5 files_done=332 resolved=287 errors=2216 current=runtime/Cpp/runtime/src/NoViableAltException.h
[2026-04-14T18:55:24Z] [iter=5] HEARTBEAT target_type=call_site elapsed_min=102.1 files_done=338 resolved=287 errors=2232 current=runtime/Cpp/runtime/src/atn/ParseInfo.h
[2026-04-14T18:55:58Z] [iter=5] HEARTBEAT target_type=call_site elapsed_min=102.7 files_done=347 resolved=287 errors=2245 current=runtime/Cpp/runtime/src/atn/LexerSkipAction.cpp
[2026-04-14T18:56:29Z] [iter=5] HEARTBEAT target_type=call_site elapsed_min=103.2 files_done=359 resolved=287 errors=2257 current=runtime/Cpp/runtime/src/LexerNoViableAltException.h
[2026-04-14T18:57:00Z] [iter=5] HEARTBEAT target_type=call_site elapsed_min=103.7 files_done=367 resolved=289 errors=2269 current=runtime/Cpp/runtime/src/atn/ParserATNSimulator.h
[2026-04-14T18:57:32Z] [iter=5] HEARTBEAT target_type=call_site elapsed_min=104.3 files_done=379 resolved=290 errors=2281 current=runtime/Cpp/runtime/src/tree/pattern/TokenTagToken.cpp
[2026-04-14T18:58:09Z] [iter=5] HEARTBEAT target_type=call_site elapsed_min=104.9 files_done=392 resolved=291 errors=2295 current=runtime/Cpp/runtime/src/tree/Trees.h
[2026-04-14T18:58:41Z] [iter=5] HEARTBEAT target_type=call_site elapsed_min=105.4 files_done=402 resolved=292 errors=2307 current=runtime/Cpp/runtime/src/tree/xpath/XPathTokenAnywhereElement.cpp
[2026-04-14T19:03:46Z] [iter=5] HEARTBEAT target_type=call_site elapsed_min=110.5 files_done=410 resolved=324 errors=2426 current=runtime/Go/antlr/v4/comparators.go
[2026-04-14T19:05:30Z] [iter=5] HEARTBEAT target_type=call_site elapsed_min=112.2 files_done=411 resolved=324 errors=2467 current=runtime/Go/antlr/tree.go
[2026-04-14T19:06:33Z] [iter=5] HEARTBEAT target_type=call_site elapsed_min=113.3 files_done=412 resolved=328 errors=2492 current=runtime/Go/antlr/tokenstream_rewriter.go
[2026-04-14T19:10:51Z] [iter=5] HEARTBEAT target_type=call_site elapsed_min=117.6 files_done=413 resolved=348 errors=2594 current=runtime/Go/antlr/common_token_stream.go
[2026-04-14T19:13:28Z] [iter=5] HEARTBEAT target_type=call_site elapsed_min=120.2 files_done=414 resolved=377 errors=2656 current=runtime/Go/antlr/v4/common_token_stream_test.go
[2026-04-14T19:19:55Z] [iter=5] HEARTBEAT target_type=call_site elapsed_min=126.7 files_done=415 resolved=379 errors=2809 current=runtime/Go/antlr/v4/parser_atn_simulator.go
[2026-04-14T19:41:23Z] [iter=5] HEARTBEAT target_type=call_site elapsed_min=148.1 files_done=416 resolved=406 errors=3318 current=runtime/Go/antlr/v4/prediction_mode.go
[2026-04-14T19:43:14Z] [iter=5] HEARTBEAT target_type=call_site elapsed_min=150.0 files_done=417 resolved=411 errors=3362 current=runtime/Go/antlr/parser_atn_simulator.go
[2026-04-14T20:04:43Z] [iter=5] HEARTBEAT target_type=call_site elapsed_min=171.5 files_done=418 resolved=438 errors=3871 current=runtime/Go/antlr/v4/atn_config.go
[2026-04-14T20:07:15Z] [iter=5] HEARTBEAT target_type=call_site elapsed_min=174.0 files_done=419 resolved=440 errors=3931 current=runtime/Go/antlr/v4/lexer_action.go
[2026-04-14T20:09:30Z] [iter=5] HEARTBEAT target_type=call_site elapsed_min=176.2 files_done=420 resolved=451 errors=3984 current=runtime/Go/antlr/v4/error_strategy.go
[2026-04-14T20:15:37Z] [iter=5] HEARTBEAT target_type=call_site elapsed_min=182.4 files_done=421 resolved=457 errors=4129 current=runtime/Go/antlr/common_token_stream_test.go
[2026-04-14T20:22:05Z] [iter=5] HEARTBEAT target_type=call_site elapsed_min=188.8 files_done=422 resolved=459 errors=4282 current=runtime/Go/antlr/token.go
[2026-04-14T20:23:01Z] [iter=5] HEARTBEAT target_type=call_site elapsed_min=189.8 files_done=423 resolved=461 errors=4304 current=runtime/Go/antlr/utils_test.go
[2026-04-14T20:24:37Z] [iter=5] HEARTBEAT target_type=call_site elapsed_min=191.4 files_done=424 resolved=462 errors=4342 current=runtime/Go/antlr/lexer.go
[2026-04-14T20:26:39Z] [iter=5] HEARTBEAT target_type=call_site elapsed_min=193.4 files_done=425 resolved=473 errors=4390 current=runtime/Go/antlr/v4/transition.go
[2026-04-14T20:28:13Z] [iter=5] HEARTBEAT target_type=call_site elapsed_min=194.9 files_done=426 resolved=489 errors=4427 current=runtime/Go/antlr/parser.go
[2026-04-14T20:33:16Z] [iter=5] HEARTBEAT target_type=call_site elapsed_min=200.0 files_done=427 resolved=509 errors=4547 current=runtime/Go/antlr/v4/atn_deserializer.go
[2026-04-14T20:40:58Z] [iter=5] HEARTBEAT target_type=call_site elapsed_min=207.7 files_done=428 resolved=550 errors=4729 current=runtime/Go/antlr/atn_config_set.go
[2026-04-14T20:43:04Z] [iter=5] HEARTBEAT target_type=call_site elapsed_min=209.8 files_done=429 resolved=568 errors=4779 current=runtime/Go/antlr/v4/atn.go
[2026-04-14T20:44:18Z] [iter=5] HEARTBEAT target_type=call_site elapsed_min=211.0 files_done=430 resolved=576 errors=4808 current=runtime/Go/antlr/v4/dfa_serializer.go
[2026-04-14T20:45:09Z] [iter=5] HEARTBEAT target_type=call_site elapsed_min=211.9 files_done=431 resolved=586 errors=4828 current=runtime/Go/antlr/semantic_context.go
[2026-04-14T20:47:10Z] [iter=5] HEARTBEAT target_type=call_site elapsed_min=213.9 files_done=432 resolved=617 errors=4876 current=runtime/Go/antlr/dfa.go
[2026-04-14T20:48:21Z] [iter=5] HEARTBEAT target_type=call_site elapsed_min=215.1 files_done=433 resolved=623 errors=4904 current=runtime/Go/antlr/v4/token.go
[2026-04-14T20:49:17Z] [iter=5] HEARTBEAT target_type=call_site elapsed_min=216.0 files_done=434 resolved=625 errors=4926 current=runtime/Go/antlr/lexer_atn_simulator.go
[2026-04-14T20:56:25Z] [iter=5] HEARTBEAT target_type=call_site elapsed_min=223.2 files_done=435 resolved=635 errors=5095 current=runtime/Go/antlr/v4/tokenstream_rewriter_test.go
[2026-04-14T21:03:23Z] [iter=5] HEARTBEAT target_type=call_site elapsed_min=230.1 files_done=436 resolved=640 errors=5260 current=runtime/Go/antlr/lexer_action.go
[2026-04-14T21:05:38Z] [iter=5] HEARTBEAT target_type=call_site elapsed_min=232.4 files_done=437 resolved=651 errors=5313 current=runtime/Go/antlr/v4/parser.go
[2026-04-14T21:10:42Z] [iter=5] HEARTBEAT target_type=call_site elapsed_min=237.4 files_done=438 resolved=671 errors=5433 current=runtime/Go/antlr/atn_config.go
[2026-04-14T21:13:13Z] [iter=5] HEARTBEAT target_type=call_site elapsed_min=240.0 files_done=439 resolved=673 errors=5493 current=runtime/Go/antlr/error_strategy.go
[2026-04-14T21:13:39Z] [iter=5] CHECKPOINT TRIGGERED elapsed_min=240.4 files_completed=756 new_files_this_iter=439 mem_mb=1820 MB
[2026-04-14T21:13:39Z] [iter=5] Writing partial enrichment graph path=/home/runner/work/forx/forx/storage/aggregate/lsp/5bd7f9ea4822b231a93f8b34e8c91a2387a0e208.nq.gz triples=164745
[2026-04-14T21:13:42Z] [iter=5] Checkpoint written, exiting with code 7
[2026-04-14T21:13:42Z] [iter=5] PHASE END: enrich (checkpointed) elapsed_s=14423 elapsed_min=240.4 files_completed=756
