[2026-04-18T15:40:35Z] === ENRICH ITERATION 2 START | repo=antlr/antlr4 sha=bf0bbff4 ===
[2026-04-18T15:40:35Z] [iter=2] PHASE START: enrich repo=antlr/antlr4 sha=bf0bbff4 runlog=/home/runner/work/forx/forx/storage/aggregate/lsp/logs/bf0bbff4-enrich-iter-002.log output=/home/runner/work/forx/forx/storage/aggregate/lsp/bf0bbff4bff0c7fb33704ef7c4699314715efb2c.nq.gz
[2026-04-18T15:40:35Z] [iter=2] Step 1: Loading AST into disk-backed store mem_mb=77 MB
[2026-04-18T15:41:53Z] [iter=2] AST store loaded triples=7850094 load_secs=75 mem_mb=1066 MB
[2026-04-18T15:41:53Z] [iter=2] Step 2: Finding LSP targets mem_mb=1066 MB
[2026-04-18T15:42:19Z] [iter=2] LSP targets found call_sites=47732 imports=6025 extends=1018 implements=2 secs=26
[2026-04-18T15:42:21Z] [iter=2] Loaded checkpoint partial graph triples=43744
[2026-04-18T15:42:46Z] [iter=2] Step 2.7: Building position index (one-shot, shared across resolvers) mem_mb=1066 MB
[2026-04-18T15:43:32Z] [iter=2] Position index built positions=531308 nodes_with_types=643148 secs=46 mem_mb=1638 MB
[2026-04-18T15:43:32Z] [iter=2] Step 3: Starting LSP resolution mem_mb=1638 MB already_completed_types=[] already_completed_files=17
[2026-04-18T15:43:32Z] [iter=2] Resolving target type target_type=call_site count=47732
[2026-04-18T15:43:33Z] [iter=2] HEARTBEAT target_type=call_site elapsed_min=3.0 files_done=0 resolved=0 errors=0 current=runtime/Python2/src/antlr4/atn/ParserATNSimulator.py
[2026-04-18T15:54:37Z] [iter=2] HEARTBEAT target_type=call_site elapsed_min=14.0 files_done=1 resolved=111 errors=210 current=runtime/Python2/src/antlr4/InputStream.py
[2026-04-18T15:55:39Z] [iter=2] HEARTBEAT target_type=call_site elapsed_min=15.1 files_done=2 resolved=117 errors=229 current=runtime/Python3/src/antlr4/ListTokenSource.py
[2026-04-18T16:07:11Z] [iter=2] HEARTBEAT target_type=call_site elapsed_min=26.6 files_done=4 resolved=281 errors=448 current=runtime/Python2/src/antlr4/PredictionContext.py
[2026-04-18T16:10:21Z] [iter=2] HEARTBEAT target_type=call_site elapsed_min=29.8 files_done=5 resolved=353 errors=508 current=runtime/Python2/src/antlr4/LL1Analyzer.py
[2026-04-18T16:11:52Z] [iter=2] HEARTBEAT target_type=call_site elapsed_min=31.3 files_done=6 resolved=368 errors=537 current=runtime/Python3/tests/TestIntervalSet.py
[2026-04-18T16:15:04Z] [iter=2] HEARTBEAT target_type=call_site elapsed_min=34.5 files_done=7 resolved=393 errors=598 current=runtime/Python2/src/antlr4/IntervalSet.py
[2026-04-18T16:21:46Z] [iter=2] HEARTBEAT target_type=call_site elapsed_min=41.2 files_done=8 resolved=413 errors=725 current=runtime/Python3/src/antlr4/error/ErrorStrategy.py
[2026-04-18T16:26:25Z] [iter=2] HEARTBEAT target_type=call_site elapsed_min=45.8 files_done=9 resolved=424 errors=812 current=runtime/Python2/src/antlr4/TokenStreamRewriter.py
[2026-04-18T16:28:44Z] [iter=2] HEARTBEAT target_type=call_site elapsed_min=48.2 files_done=10 resolved=473 errors=856 current=runtime/Python3/src/antlr4/Parser.py
[2026-04-18T16:33:26Z] [iter=2] HEARTBEAT target_type=call_site elapsed_min=52.9 files_done=11 resolved=500 errors=945 current=runtime/Python2/src/antlr4/tree/Tree.py
[2026-04-18T16:34:42Z] [iter=2] HEARTBEAT target_type=call_site elapsed_min=54.1 files_done=12 resolved=505 errors=969 current=runtime/Python2/src/antlr4/atn/ATNDeserializer.py
[2026-04-18T16:41:47Z] [iter=2] HEARTBEAT target_type=call_site elapsed_min=61.2 files_done=13 resolved=577 errors=1103 current=runtime/Python2/src/antlr4/atn/PredictionMode.py
[2026-04-18T16:42:47Z] [iter=2] HEARTBEAT target_type=call_site elapsed_min=62.2 files_done=14 resolved=599 errors=1122 current=runtime/Python2/src/antlr4/atn/LexerActionExecutor.py
[2026-04-18T16:43:51Z] [iter=2] HEARTBEAT target_type=call_site elapsed_min=63.3 files_done=16 resolved=616 errors=1142 current=runtime/Python3/src/antlr4/atn/SemanticContext.py
[2026-04-18T16:45:32Z] [iter=2] HEARTBEAT target_type=call_site elapsed_min=64.9 files_done=17 resolved=651 errors=1174 current=runtime/Python2/src/antlr4/atn/LexerATNSimulator.py
[2026-04-18T16:49:39Z] [iter=2] HEARTBEAT target_type=call_site elapsed_min=69.1 files_done=18 resolved=692 errors=1252 current=runtime/Python3/src/antlr4/atn/ATNState.py
[2026-04-18T16:51:43Z] [iter=2] HEARTBEAT target_type=call_site elapsed_min=71.1 files_done=20 resolved=753 errors=1291 current=runtime/Python3/src/antlr4/_pygrun.py
[2026-04-18T16:53:02Z] [iter=2] HEARTBEAT target_type=call_site elapsed_min=72.5 files_done=21 resolved=799 errors=1316 current=runtime/Python3/src/antlr4/tree/Tree.py
[2026-04-18T16:54:18Z] [iter=2] HEARTBEAT target_type=call_site elapsed_min=73.7 files_done=22 resolved=806 errors=1340 current=runtime/Python2/src/antlr4/Lexer.py
[2026-04-18T16:56:12Z] [iter=2] HEARTBEAT target_type=call_site elapsed_min=75.6 files_done=23 resolved=816 errors=1376 current=runtime/Python2/src/antlr4/CodePoints.py
[2026-04-18T16:56:44Z] [iter=2] HEARTBEAT target_type=call_site elapsed_min=76.2 files_done=25 resolved=833 errors=1386 current=runtime/Python3/src/antlr4/BufferedTokenStream.py
[2026-04-18T16:58:41Z] [iter=2] HEARTBEAT target_type=call_site elapsed_min=78.1 files_done=26 resolved=864 errors=1423 current=runtime/Python2/tests/mocks/TestLexer.py
[2026-04-18T17:00:07Z] [iter=2] HEARTBEAT target_type=call_site elapsed_min=79.5 files_done=27 resolved=872 errors=1450 current=runtime/Python3/src/antlr4/atn/ATNConfig.py
[2026-04-18T17:00:51Z] [iter=2] HEARTBEAT target_type=call_site elapsed_min=80.3 files_done=28 resolved=891 errors=1464 current=runtime/Python3/src/antlr4/LL1Analyzer.py
[2026-04-18T17:02:20Z] [iter=2] HEARTBEAT target_type=call_site elapsed_min=81.7 files_done=29 resolved=907 errors=1492 current=runtime/Python2/src/antlr4/atn/LexerAction.py
[2026-04-18T17:02:51Z] [iter=2] HEARTBEAT target_type=call_site elapsed_min=82.3 files_done=30 resolved=939 errors=1502 current=runtime/Python3/src/antlr4/error/ErrorListener.py
[2026-04-18T17:03:32Z] [iter=2] HEARTBEAT target_type=call_site elapsed_min=83.0 files_done=32 resolved=954 errors=1515 current=scripts/deploy_to_website.py
[2026-04-18T17:04:27Z] [iter=2] HEARTBEAT target_type=call_site elapsed_min=83.9 files_done=33 resolved=983 errors=1532 current=runtime/Python3/src/antlr4/Token.py
[2026-04-18T17:05:45Z] [iter=2] HEARTBEAT target_type=call_site elapsed_min=85.2 files_done=34 resolved=993 errors=1557 current=runtime/Python3/src/antlr4/tree/TokenTagToken.py
[2026-04-18T17:09:38Z] [iter=2] HEARTBEAT target_type=call_site elapsed_min=89.0 files_done=36 resolved=1052 errors=1629 current=runtime/Python3/src/antlr4/tree/ParseTreePatternMatcher.py
[2026-04-18T17:13:22Z] [iter=2] HEARTBEAT target_type=call_site elapsed_min=92.8 files_done=37 resolved=1108 errors=1700 current=runtime/Python3/src/antlr4/xpath/XPath.py
[2026-04-18T17:15:13Z] [iter=2] HEARTBEAT target_type=call_site elapsed_min=94.6 files_done=38 resolved=1145 errors=1735 current=runtime/Python2/src/antlr4/error/ErrorStrategy.py
[2026-04-18T17:19:52Z] [iter=2] HEARTBEAT target_type=call_site elapsed_min=99.3 files_done=39 resolved=1154 errors=1823 current=runtime/Python3/src/antlr4/dfa/DFASerializer.py
[2026-04-18T17:20:30Z] [iter=2] HEARTBEAT target_type=call_site elapsed_min=99.9 files_done=40 resolved=1166 errors=1835 current=runtime/Python2/tests/run.py
[2026-04-18T17:21:31Z] [iter=2] HEARTBEAT target_type=call_site elapsed_min=100.9 files_done=43 resolved=1208 errors=1854 current=runtime/Python2/src/antlr4/Parser.py
[2026-04-18T17:26:09Z] [iter=2] HEARTBEAT target_type=call_site elapsed_min=105.6 files_done=44 resolved=1234 errors=1942 current=runtime/Python2/src/antlr4/ParserRuleContext.py
[2026-04-18T17:27:00Z] [iter=2] HEARTBEAT target_type=call_site elapsed_min=106.4 files_done=45 resolved=1246 errors=1958 current=runtime/Python3/src/antlr4/tree/Trees.py
[2026-04-18T17:28:54Z] [iter=2] HEARTBEAT target_type=call_site elapsed_min=108.3 files_done=46 resolved=1260 errors=1994 current=runtime/Python2/src/antlr4/error/DiagnosticErrorListener.py
[2026-04-18T17:30:45Z] [iter=2] HEARTBEAT target_type=call_site elapsed_min=110.2 files_done=47 resolved=1266 errors=2029 current=runtime/Python2/src/antlr4/atn/ATNState.py
[2026-04-18T17:32:26Z] [iter=2] HEARTBEAT target_type=call_site elapsed_min=111.8 files_done=49 resolved=1315 errors=2061 current=runtime/Python3/tests/expr/ExprLexer.py
[2026-04-18T17:33:45Z] [iter=2] HEARTBEAT target_type=call_site elapsed_min=113.2 files_done=51 resolved=1343 errors=2086 current=runtime/Python2/src/antlr4/tree/ParseTreeMatch.py
[2026-04-18T17:35:29Z] [iter=2] HEARTBEAT target_type=call_site elapsed_min=114.9 files_done=53 resolved=1369 errors=2119 current=runtime/Python3/src/antlr4/error/DiagnosticErrorListener.py
[2026-04-18T17:37:17Z] [iter=2] HEARTBEAT target_type=call_site elapsed_min=116.7 files_done=54 resolved=1379 errors=2153 current=runtime/Python3/tests/mocks/TestLexer.py
[2026-04-18T17:38:42Z] [iter=2] HEARTBEAT target_type=call_site elapsed_min=118.1 files_done=55 resolved=1387 errors=2180 current=runtime/Python3/src/antlr4/atn/PredictionMode.py
[2026-04-18T17:39:40Z] [iter=2] HEARTBEAT target_type=call_site elapsed_min=119.1 files_done=56 resolved=1414 errors=2198 current=runtime/Python2/src/antlr4/tree/Trees.py
[2026-04-18T17:41:34Z] [iter=2] HEARTBEAT target_type=call_site elapsed_min=121.0 files_done=57 resolved=1426 errors=2234 current=runtime/Python3/src/antlr4/FileStream.py
[2026-04-18T17:42:12Z] [iter=2] HEARTBEAT target_type=call_site elapsed_min=121.6 files_done=59 resolved=1468 errors=2246 current=runtime/Python2/src/antlr4/Recognizer.py
[2026-04-18T17:43:18Z] [iter=2] HEARTBEAT target_type=call_site elapsed_min=122.7 files_done=60 resolved=1478 errors=2267 current=runtime/Python2/src/antlr4/error/Errors.py
[2026-04-18T17:43:53Z] [iter=2] HEARTBEAT target_type=call_site elapsed_min=123.3 files_done=61 resolved=1495 errors=2278 current=runtime/Python2/src/antlr4/CommonTokenFactory.py
[2026-04-18T17:45:26Z] [iter=2] HEARTBEAT target_type=call_site elapsed_min=124.8 files_done=63 resolved=1498 errors=2307 current=runtime/Python2/src/antlr4/Utils.py
[2026-04-18T17:46:07Z] [iter=2] HEARTBEAT target_type=call_site elapsed_min=125.5 files_done=64 resolved=1500 errors=2320 current=runtime/Python2/src/antlr4/error/ErrorListener.py
[2026-04-18T17:48:23Z] [iter=2] HEARTBEAT target_type=call_site elapsed_min=127.8 files_done=66 resolved=1517 errors=2363 current=runtime/Python2/src/antlr4/atn/ATNConfigSet.py
[2026-04-18T17:49:58Z] [iter=2] HEARTBEAT target_type=call_site elapsed_min=129.4 files_done=67 resolved=1533 errors=2393 current=runtime/Python3/src/antlr4/Utils.py
[2026-04-18T17:50:33Z] [iter=2] HEARTBEAT target_type=call_site elapsed_min=130.0 files_done=68 resolved=1536 errors=2404 current=runtime/Python3/src/antlr4/Recognizer.py
[2026-04-18T17:51:39Z] [iter=2] HEARTBEAT target_type=call_site elapsed_min=131.1 files_done=69 resolved=1547 errors=2425 current=runtime/Python3/tests/TestRecognizer.py
[2026-04-18T17:52:20Z] [iter=2] HEARTBEAT target_type=call_site elapsed_min=131.8 files_done=71 resolved=1551 errors=2438 current=runtime/Python3/src/antlr4/atn/LexerATNSimulator.py
[2026-04-18T17:56:27Z] [iter=2] HEARTBEAT target_type=call_site elapsed_min=135.9 files_done=72 resolved=1592 errors=2516 current=runtime/Python3/src/antlr4/ParserRuleContext.py
[2026-04-18T17:57:18Z] [iter=2] HEARTBEAT target_type=call_site elapsed_min=136.7 files_done=73 resolved=1604 errors=2532 current=runtime/Python2/src/antlr4/atn/ATNConfig.py
[2026-04-18T17:58:02Z] [iter=2] HEARTBEAT target_type=call_site elapsed_min=137.4 files_done=74 resolved=1618 errors=2546 current=runtime/Python2/src/antlr4/dfa/DFA.py
[2026-04-18T17:58:37Z] [iter=2] HEARTBEAT target_type=call_site elapsed_min=138.0 files_done=75 resolved=1625 errors=2557 current=runtime/Python3/src/antlr4/atn/ATNDeserializationOptions.py
[2026-04-18T17:59:34Z] [iter=2] HEARTBEAT target_type=call_site elapsed_min=139.0 files_done=77 resolved=1634 errors=2575 current=runtime/Python3/tests/ctest.py
[2026-04-18T18:00:34Z] [iter=2] HEARTBEAT target_type=call_site elapsed_min=140.0 files_done=81 resolved=1666 errors=2594 current=runtime/Python2/src/antlr4/ListTokenSource.py
[2026-04-18T18:01:51Z] [iter=2] HEARTBEAT target_type=call_site elapsed_min=141.3 files_done=83 resolved=1688 errors=2618 current=runtime/Python3/src/antlr4/tree/ParseTreePattern.py
[2026-04-18T18:02:54Z] [iter=2] HEARTBEAT target_type=call_site elapsed_min=142.3 files_done=86 resolved=1694 errors=2638 current=runtime/Python3/src/antlr4/xpath/XPathLexer.py
[2026-04-18T18:03:26Z] [iter=2] HEARTBEAT target_type=call_site elapsed_min=142.8 files_done=87 resolved=1700 errors=2648 current=runtime/Python3/src/antlr4/atn/ATN.py
[2026-04-18T18:04:13Z] [iter=2] HEARTBEAT target_type=call_site elapsed_min=143.6 files_done=88 resolved=1706 errors=2663 current=runtime/Python3/src/antlr4/tree/ParseTreeMatch.py
[2026-04-18T18:05:08Z] [iter=2] HEARTBEAT target_type=call_site elapsed_min=144.5 files_done=90 resolved=1719 errors=2680 current=runtime/Python2/src/antlr4/tree/RuleTagToken.py
[2026-04-18T18:05:43Z] [iter=2] HEARTBEAT target_type=call_site elapsed_min=145.1 files_done=92 resolved=1727 errors=2691 current=runtime/Python3/src/antlr4/CommonTokenFactory.py
[2026-04-18T18:06:50Z] [iter=2] HEARTBEAT target_type=call_site elapsed_min=146.2 files_done=95 resolved=1740 errors=2712 current=runtime/Python3/src/antlr4/tree/RuleTagToken.py
[2026-04-18T18:07:25Z] [iter=2] HEARTBEAT target_type=call_site elapsed_min=146.8 files_done=98 resolved=1747 errors=2723 current=scripts/parse-extended-pictographic/parse.py
[2026-04-18T18:08:10Z] [iter=2] HEARTBEAT target_type=call_site elapsed_min=147.6 files_done=101 resolved=1755 errors=2737 current=runtime/Python3/tests/TestFileStream.py
[2026-04-18T18:35:36Z] [iter=2] HEARTBEAT target_type=call_site elapsed_min=175.0 files_done=108 resolved=1790 errors=3255 current=runtime/Go/antlr/dfa_state.go
[2026-04-18T18:36:20Z] [iter=2] HEARTBEAT target_type=call_site elapsed_min=175.8 files_done=109 resolved=1793 errors=3269 current=runtime/Go/antlr/parser.go
[2026-04-18T18:42:39Z] [iter=2] HEARTBEAT target_type=call_site elapsed_min=182.1 files_done=110 resolved=1813 errors=3389 current=runtime/Go/antlr/semantic_context.go
[2026-04-18T18:45:10Z] [iter=2] HEARTBEAT target_type=call_site elapsed_min=184.6 files_done=111 resolved=1844 errors=3437 current=runtime/Go/antlr/v4/tokenstream_rewriter_test.go
[2026-04-18T18:53:48Z] [iter=2] HEARTBEAT target_type=call_site elapsed_min=193.2 files_done=112 resolved=1849 errors=3602 current=runtime/Go/antlr/v4/diagnostic_error_listener.go
[2026-04-18T18:55:10Z] [iter=2] HEARTBEAT target_type=call_site elapsed_min=194.6 files_done=113 resolved=1851 errors=3628 current=runtime/Go/antlr/v4/tokenstream_rewriter.go
[2026-04-18T19:00:31Z] [iter=2] HEARTBEAT target_type=call_site elapsed_min=199.9 files_done=114 resolved=1871 errors=3730 current=runtime/Go/antlr/v4/semantic_context.go
[2026-04-18T19:03:02Z] [iter=2] HEARTBEAT target_type=call_site elapsed_min=202.4 files_done=115 resolved=1902 errors=3778 current=runtime/Go/antlr/v4/trees.go
[2026-04-18T19:05:01Z] [iter=2] HEARTBEAT target_type=call_site elapsed_min=204.4 files_done=116 resolved=1910 errors=3816 current=runtime/Go/antlr/parser_atn_simulator.go
[2026-04-18T19:31:58Z] [iter=2] HEARTBEAT target_type=call_site elapsed_min=231.4 files_done=117 resolved=1938 errors=4330 current=runtime/Go/antlr/v4/atnconfigset_test.go
[2026-04-18T19:36:34Z] [iter=2] HEARTBEAT target_type=call_site elapsed_min=236.0 files_done=118 resolved=1939 errors=4418 current=runtime/Go/antlr/utils_test.go
[2026-04-18T19:38:34Z] [iter=2] HEARTBEAT target_type=call_site elapsed_min=238.0 files_done=119 resolved=1940 errors=4456 current=runtime/Go/antlr/error_strategy.go
[2026-04-18T19:41:05Z] [iter=2] CHECKPOINT TRIGGERED elapsed_min=240.5 files_completed=136 new_files_this_iter=119 mem_mb=1668 MB
[2026-04-18T19:41:05Z] [iter=2] Writing partial enrichment graph path=/home/runner/work/forx/forx/storage/aggregate/lsp/bf0bbff4bff0c7fb33704ef7c4699314715efb2c.nq.gz triples=78195
[2026-04-18T19:41:07Z] [iter=2] Checkpoint written, exiting with code 7
[2026-04-18T19:41:07Z] [iter=2] PHASE END: enrich (checkpointed) elapsed_s=14430 elapsed_min=240.5 files_completed=136
