[2026-04-18T01:07:58Z] === ENRICH ITERATION 5 START | repo=antlr/antlr4 sha=c7567ba9 ===
[2026-04-18T01:07:58Z] [iter=5] PHASE START: enrich repo=antlr/antlr4 sha=c7567ba9 runlog=/home/runner/work/forx/forx/storage/aggregate/lsp/logs/c7567ba9-enrich-iter-005.log output=/home/runner/work/forx/forx/storage/aggregate/lsp/c7567ba9bb40c361dda60e60e2bc932a16d2adf8.nq.gz
[2026-04-18T01:07:58Z] [iter=5] Step 1: Loading AST into disk-backed store mem_mb=77 MB
[2026-04-18T01:09:11Z] [iter=5] AST store loaded triples=7455915 load_secs=70 mem_mb=1041 MB
[2026-04-18T01:09:11Z] [iter=5] Step 2: Finding LSP targets mem_mb=1041 MB
[2026-04-18T01:09:37Z] [iter=5] LSP targets found call_sites=45450 imports=6428 extends=1157 implements=0 secs=26
[2026-04-18T01:09:44Z] [iter=5] Loaded checkpoint partial graph triples=143700
[2026-04-18T01:10:08Z] [iter=5] Step 2.7: Building position index (one-shot, shared across resolvers) mem_mb=1041 MB
[2026-04-18T01:10:55Z] [iter=5] Position index built positions=505350 nodes_with_types=613214 secs=48 mem_mb=1695 MB
[2026-04-18T01:10:55Z] [iter=5] Step 3: Starting LSP resolution mem_mb=1695 MB already_completed_types=[] already_completed_files=381
[2026-04-18T01:10:55Z] [iter=5] Resolving target type target_type=call_site count=45450
[2026-04-18T01:11:20Z] [iter=5] HEARTBEAT target_type=call_site elapsed_min=3.4 files_done=0 resolved=0 errors=45450 current=tool/src/org/antlr/v4/codegen/model/Lexer.java
[2026-04-18T01:12:01Z] [iter=5] HEARTBEAT target_type=call_site elapsed_min=4.0 files_done=1 resolved=0 errors=45461 current=runtime/Java/src/org/antlr/v4/runtime/atn/PredictionMode.java
[2026-04-18T01:13:56Z] [iter=5] HEARTBEAT target_type=call_site elapsed_min=6.0 files_done=2 resolved=0 errors=45499 current=runtime-testsuite/test/org/antlr/v4/test/runtime/swift/TestParseTrees.java
[2026-04-18T01:15:30Z] [iter=5] HEARTBEAT target_type=call_site elapsed_min=7.5 files_done=4 resolved=3 errors=45530 current=runtime/Java/src/org/antlr/v4/runtime/misc/Array2DHashSet.java
[2026-04-18T01:18:24Z] [iter=5] HEARTBEAT target_type=call_site elapsed_min=10.4 files_done=5 resolved=9 errors=45587 current=runtime/Java/src/org/antlr/v4/runtime/misc/MultiMap.java
[2026-04-18T01:21:04Z] [iter=5] HEARTBEAT target_type=call_site elapsed_min=13.1 files_done=7 resolved=28 errors=45640 current=tool/src/org/antlr/v4/codegen/model/InvokeRule.java
[2026-04-18T01:22:26Z] [iter=5] HEARTBEAT target_type=call_site elapsed_min=14.5 files_done=8 resolved=28 errors=45667 current=tool/src/org/antlr/v4/codegen/DefaultOutputModelFactory.java
[2026-04-18T01:23:02Z] [iter=5] HEARTBEAT target_type=call_site elapsed_min=15.1 files_done=9 resolved=29 errors=45679 current=runtime/Java/src/org/antlr/v4/runtime/atn/ATNSimulator.java
[2026-04-18T01:25:36Z] [iter=5] HEARTBEAT target_type=call_site elapsed_min=17.6 files_done=11 resolved=35 errors=45730 current=runtime/Java/src/org/antlr/v4/runtime/tree/xpath/XPathLexer.java
[2026-04-18T01:27:22Z] [iter=5] HEARTBEAT target_type=call_site elapsed_min=19.4 files_done=12 resolved=38 errors=45765 current=runtime-testsuite/test/org/antlr/v4/test/runtime/java/TestLeftRecursion.java
[2026-04-18T01:28:17Z] [iter=5] HEARTBEAT target_type=call_site elapsed_min=20.3 files_done=14 resolved=38 errors=45783 current=tool/src/org/antlr/v4/codegen/model/MatchToken.java
[2026-04-18T01:29:17Z] [iter=5] HEARTBEAT target_type=call_site elapsed_min=21.3 files_done=16 resolved=38 errors=45803 current=tool/src/org/antlr/v4/gui/TestRig.java
[2026-04-18T01:31:36Z] [iter=5] HEARTBEAT target_type=call_site elapsed_min=23.6 files_done=17 resolved=54 errors=45849 current=runtime/Java/src/org/antlr/v4/runtime/atn/ATNConfig.java
[2026-04-18T01:32:49Z] [iter=5] HEARTBEAT target_type=call_site elapsed_min=24.8 files_done=18 resolved=54 errors=45873 current=runtime/Java/src/org/antlr/v4/runtime/atn/LL1Analyzer.java
[2026-04-18T01:34:58Z] [iter=5] HEARTBEAT target_type=call_site elapsed_min=27.0 files_done=19 resolved=54 errors=45916 current=tool-testsuite/test/org/antlr/v4/test/tool/TestToolSyntaxErrors.java
[2026-04-18T01:37:19Z] [iter=5] HEARTBEAT target_type=call_site elapsed_min=29.4 files_done=20 resolved=55 errors=45963 current=tool/src/org/antlr/v4/semantics/SymbolCollector.java
[2026-04-18T01:38:58Z] [iter=5] HEARTBEAT target_type=call_site elapsed_min=31.0 files_done=21 resolved=55 errors=45996 current=tool/src/org/antlr/v4/codegen/OutputModelWalker.java
[2026-04-18T01:40:35Z] [iter=5] HEARTBEAT target_type=call_site elapsed_min=32.6 files_done=22 resolved=56 errors=46028 current=runtime/Java/src/org/antlr/v4/runtime/atn/LexerMoreAction.java
[2026-04-18T01:42:40Z] [iter=5] HEARTBEAT target_type=call_site elapsed_min=34.7 files_done=24 resolved=57 errors=46070 current=runtime-testsuite/test/org/antlr/v4/test/runtime/TestOutputReading.java
[2026-04-18T01:43:29Z] [iter=5] HEARTBEAT target_type=call_site elapsed_min=35.5 files_done=26 resolved=58 errors=46086 current=runtime/Java/src/org/antlr/v4/runtime/misc/OrderedHashSet.java
[2026-04-18T01:44:02Z] [iter=5] HEARTBEAT target_type=call_site elapsed_min=36.1 files_done=27 resolved=64 errors=46097 current=tool/src/org/antlr/v4/codegen/target/Python3Target.java
[2026-04-18T01:44:35Z] [iter=5] HEARTBEAT target_type=call_site elapsed_min=36.6 files_done=28 resolved=67 errors=46108 current=runtime-testsuite/test/org/antlr/v4/test/runtime/java/TestIntegerList.java
[2026-04-18T01:45:26Z] [iter=5] HEARTBEAT target_type=call_site elapsed_min=37.5 files_done=29 resolved=72 errors=46125 current=runtime/Java/src/org/antlr/v4/runtime/CommonTokenStream.java
[2026-04-18T01:46:05Z] [iter=5] HEARTBEAT target_type=call_site elapsed_min=38.1 files_done=30 resolved=72 errors=46138 current=tool/src/org/antlr/v4/tool/LeftRecursiveRule.java
[2026-04-18T01:47:27Z] [iter=5] HEARTBEAT target_type=call_site elapsed_min=39.5 files_done=31 resolved=72 errors=46165 current=runtime/Java/src/org/antlr/v4/runtime/CodePointCharStream.java
[2026-04-18T01:48:21Z] [iter=5] HEARTBEAT target_type=call_site elapsed_min=40.4 files_done=32 resolved=81 errors=46183 current=runtime-testsuite/test/org/antlr/v4/test/runtime/TestContext.java
[2026-04-18T01:49:16Z] [iter=5] HEARTBEAT target_type=call_site elapsed_min=41.3 files_done=34 resolved=93 errors=46201 current=tool/src/org/antlr/v4/codegen/model/LeftRecursiveRuleFunction.java
[2026-04-18T01:49:58Z] [iter=5] HEARTBEAT target_type=call_site elapsed_min=42.0 files_done=35 resolved=93 errors=46215 current=runtime-testsuite/test/org/antlr/v4/test/runtime/java/TestInterpreterDataReader.java
[2026-04-18T01:51:37Z] [iter=5] HEARTBEAT target_type=call_site elapsed_min=43.7 files_done=36 resolved=102 errors=46248 current=runtime-testsuite/test/org/antlr/v4/test/runtime/python3/TestSemPredEvalLexer.java
[2026-04-18T01:55:53Z] [iter=5] HEARTBEAT target_type=call_site elapsed_min=47.9 files_done=39 resolved=103 errors=46333 current=antlr4-maven-plugin/src/main/java/org/antlr/mojo/antlr4/Antlr4ErrorLog.java
[2026-04-18T01:56:56Z] [iter=5] HEARTBEAT target_type=call_site elapsed_min=49.0 files_done=40 resolved=103 errors=46354 current=runtime-testsuite/test/org/antlr/v4/test/runtime/php/TestCompositeParsers.java
[2026-04-18T01:57:48Z] [iter=5] HEARTBEAT target_type=call_site elapsed_min=49.8 files_done=43 resolved=103 errors=46371 current=runtime/Java/src/org/antlr/v4/runtime/misc/Utils.java
[2026-04-18T01:59:57Z] [iter=5] HEARTBEAT target_type=call_site elapsed_min=52.0 files_done=44 resolved=104 errors=46414 current=tool/src/org/antlr/v4/codegen/model/decl/ContextGetterDecl.java
[2026-04-18T02:02:12Z] [iter=5] HEARTBEAT target_type=call_site elapsed_min=54.2 files_done=46 resolved=111 errors=46459 current=tool/src/org/antlr/v4/codegen/CodeGenPipeline.java
[2026-04-18T02:05:10Z] [iter=5] HEARTBEAT target_type=call_site elapsed_min=57.2 files_done=47 resolved=111 errors=46518 current=runtime/Java/src/org/antlr/v4/runtime/CommonTokenFactory.java
[2026-04-18T02:07:20Z] [iter=5] HEARTBEAT target_type=call_site elapsed_min=59.4 files_done=49 resolved=119 errors=46561 current=runtime/Java/src/org/antlr/v4/runtime/dfa/DFA.java
[2026-04-18T02:09:21Z] [iter=5] HEARTBEAT target_type=call_site elapsed_min=61.4 files_done=51 resolved=129 errors=46601 current=runtime/Java/src/org/antlr/v4/runtime/atn/LexerTypeAction.java
[2026-04-18T02:10:27Z] [iter=5] HEARTBEAT target_type=call_site elapsed_min=62.5 files_done=53 resolved=144 errors=46623 current=tool/src/org/antlr/v4/gui/TreePostScriptGenerator.java
[2026-04-18T02:12:33Z] [iter=5] HEARTBEAT target_type=call_site elapsed_min=64.6 files_done=54 resolved=144 errors=46665 current=tool/src/org/antlr/v4/tool/GrammarSyntaxMessage.java
[2026-04-18T02:14:52Z] [iter=5] HEARTBEAT target_type=call_site elapsed_min=66.9 files_done=56 resolved=145 errors=46711 current=tool/src/org/antlr/v4/misc/CharSupport.java
[2026-04-18T02:16:55Z] [iter=5] HEARTBEAT target_type=call_site elapsed_min=69.0 files_done=57 resolved=154 errors=46752 current=tool/src/org/antlr/v4/codegen/target/CSharpTarget.java
[2026-04-18T02:17:37Z] [iter=5] HEARTBEAT target_type=call_site elapsed_min=69.7 files_done=58 resolved=164 errors=46766 current=runtime/Java/src/org/antlr/v4/runtime/UnbufferedTokenStream.java
[2026-04-18T02:18:59Z] [iter=5] HEARTBEAT target_type=call_site elapsed_min=71.0 files_done=59 resolved=167 errors=46793 current=runtime-testsuite/test/org/antlr/v4/test/runtime/python3/BasePython3Test.java
[2026-04-18T02:19:41Z] [iter=5] HEARTBEAT target_type=call_site elapsed_min=71.7 files_done=60 resolved=168 errors=46807 current=runtime/Java/src/org/antlr/v4/runtime/ProxyErrorListener.java
[2026-04-18T02:20:14Z] [iter=5] HEARTBEAT target_type=call_site elapsed_min=72.3 files_done=62 resolved=169 errors=46818 current=runtime/Java/src/org/antlr/v4/runtime/DiagnosticErrorListener.java
[2026-04-18T02:21:12Z] [iter=5] HEARTBEAT target_type=call_site elapsed_min=73.2 files_done=63 resolved=175 errors=46837 current=tool/src/org/antlr/v4/tool/ast/GrammarRootAST.java
[2026-04-18T02:22:00Z] [iter=5] HEARTBEAT target_type=call_site elapsed_min=74.0 files_done=65 resolved=178 errors=46853 current=tool-testsuite/test/org/antlr/v4/test/tool/TestTokenPositionOptions.java
[2026-04-18T02:22:57Z] [iter=5] HEARTBEAT target_type=call_site elapsed_min=75.0 files_done=66 resolved=184 errors=46872 current=tool/src/org/antlr/v4/tool/ast/GrammarASTWithOptions.java
[2026-04-18T02:23:34Z] [iter=5] HEARTBEAT target_type=call_site elapsed_min=75.6 files_done=67 resolved=185 errors=46884 current=runtime-testsuite/test/org/antlr/v4/test/runtime/php/TestParseTrees.java
[2026-04-18T02:24:07Z] [iter=5] HEARTBEAT target_type=call_site elapsed_min=76.1 files_done=70 resolved=186 errors=46895 current=tool/src/org/antlr/v4/codegen/model/decl/StructDecl.java
[2026-04-18T02:25:19Z] [iter=5] HEARTBEAT target_type=call_site elapsed_min=77.4 files_done=71 resolved=186 errors=46919 current=runtime-testsuite/test/org/antlr/v4/test/runtime/javascript/TestSemPredEvalParser.java
[2026-04-18T02:27:05Z] [iter=5] HEARTBEAT target_type=call_site elapsed_min=79.1 files_done=74 resolved=192 errors=46954 current=tool/src/org/antlr/v4/gui/SystemFontMetrics.java
[2026-04-18T02:27:41Z] [iter=5] HEARTBEAT target_type=call_site elapsed_min=79.7 files_done=80 resolved=202 errors=46966 current=tool/src/org/antlr/v4/parse/ToolANTLRParser.java
[2026-04-18T02:28:33Z] [iter=5] HEARTBEAT target_type=call_site elapsed_min=80.6 files_done=82 resolved=204 errors=46983 current=tool/src/org/antlr/v4/codegen/target/PHPTarget.java
[2026-04-18T02:29:07Z] [iter=5] HEARTBEAT target_type=call_site elapsed_min=81.1 files_done=83 resolved=208 errors=46994 current=tool/src/org/antlr/v4/codegen/model/ThrowRecognitionException.java
[2026-04-18T02:30:37Z] [iter=5] HEARTBEAT target_type=call_site elapsed_min=82.7 files_done=86 resolved=210 errors=47024 current=runtime-testsuite/test/org/antlr/v4/test/runtime/go/TestLexerExec.java
[2026-04-18T02:32:05Z] [iter=5] HEARTBEAT target_type=call_site elapsed_min=84.1 files_done=88 resolved=210 errors=47053 current=tool/src/org/antlr/v4/codegen/model/TestSetInline.java
[2026-04-18T02:32:44Z] [iter=5] HEARTBEAT target_type=call_site elapsed_min=84.8 files_done=89 resolved=210 errors=47066 current=runtime/Java/src/org/antlr/v4/runtime/RecognitionException.java
[2026-04-18T02:33:50Z] [iter=5] HEARTBEAT target_type=call_site elapsed_min=85.9 files_done=91 resolved=210 errors=47088 current=runtime-testsuite/test/org/antlr/v4/test/runtime/go/TestSemPredEvalLexer.java
[2026-04-18T02:34:35Z] [iter=5] HEARTBEAT target_type=call_site elapsed_min=86.6 files_done=95 resolved=210 errors=47103 current=runtime/Java/src/org/antlr/v4/runtime/CommonToken.java
[2026-04-18T02:35:50Z] [iter=5] HEARTBEAT target_type=call_site elapsed_min=87.9 files_done=96 resolved=211 errors=47128 current=tool-testsuite/test/org/antlr/v4/test/tool/TestXPath.java
[2026-04-18T02:37:15Z] [iter=5] HEARTBEAT target_type=call_site elapsed_min=89.3 files_done=97 resolved=221 errors=47156 current=runtime-testsuite/test/org/antlr/v4/test/runtime/java/TestCompositeLexers.java
[2026-04-18T02:38:33Z] [iter=5] HEARTBEAT target_type=call_site elapsed_min=90.6 files_done=99 resolved=221 errors=47182 current=tool/src/org/antlr/v4/codegen/model/ExceptionClause.java
[2026-04-18T02:39:15Z] [iter=5] HEARTBEAT target_type=call_site elapsed_min=91.3 files_done=101 resolved=222 errors=47196 current=tool-testsuite/test/org/antlr/v4/test/tool/InterpreterTreeTextProvider.java
[2026-04-18T02:40:31Z] [iter=5] HEARTBEAT target_type=call_site elapsed_min=92.6 files_done=103 resolved=226 errors=47221 current=runtime/Java/src/org/antlr/v4/runtime/tree/pattern/ParseTreeMatch.java
[2026-04-18T02:41:20Z] [iter=5] HEARTBEAT target_type=call_site elapsed_min=93.4 files_done=106 resolved=228 errors=47237 current=tool/src/org/antlr/v4/codegen/model/LexerFile.java
[2026-04-18T02:42:17Z] [iter=5] HEARTBEAT target_type=call_site elapsed_min=94.3 files_done=108 resolved=228 errors=47256 current=runtime-testsuite/test/org/antlr/v4/test/runtime/javascript/TestParserExec.java
[2026-04-18T02:43:00Z] [iter=5] HEARTBEAT target_type=call_site elapsed_min=95.0 files_done=111 resolved=228 errors=47270 current=tool/src/org/antlr/v4/tool/DefaultToolListener.java
[2026-04-18T02:43:30Z] [iter=5] HEARTBEAT target_type=call_site elapsed_min=95.5 files_done=112 resolved=231 errors=47280 current=tool/src/org/antlr/v4/codegen/model/Action.java
[2026-04-18T02:45:51Z] [iter=5] HEARTBEAT target_type=call_site elapsed_min=97.9 files_done=114 resolved=232 errors=47327 current=tool/src/org/antlr/v4/automata/ATNVisitor.java
[2026-04-18T02:47:06Z] [iter=5] HEARTBEAT target_type=call_site elapsed_min=99.1 files_done=116 resolved=233 errors=47352 current=runtime-testsuite/test/org/antlr/v4/test/runtime/UniversalRuntimeTestDescriptor.java
[2026-04-18T02:47:40Z] [iter=5] HEARTBEAT target_type=call_site elapsed_min=99.7 files_done=118 resolved=235 errors=47363 current=runtime-testsuite/test/org/antlr/v4/test/runtime/python2/TestLeftRecursion.java
[2026-04-18T02:48:31Z] [iter=5] HEARTBEAT target_type=call_site elapsed_min=100.5 files_done=121 resolved=242 errors=47380 current=runtime/Java/src/org/antlr/v4/runtime/atn/PrecedencePredicateTransition.java
[2026-04-18T02:49:13Z] [iter=5] HEARTBEAT target_type=call_site elapsed_min=101.3 files_done=124 resolved=245 errors=47394 current=runtime/Java/src/org/antlr/v4/runtime/atn/Transition.java
[2026-04-18T02:51:18Z] [iter=5] HEARTBEAT target_type=call_site elapsed_min=103.3 files_done=127 resolved=276 errors=47435 current=runtime-testsuite/test/org/antlr/v4/test/runtime/cpp/TestSemPredEvalParser.java
[2026-04-18T02:51:55Z] [iter=5] HEARTBEAT target_type=call_site elapsed_min=103.9 files_done=129 resolved=276 errors=47447 current=runtime-testsuite/test/org/antlr/v4/test/runtime/swift/TestParserErrors.java
[2026-04-18T02:52:43Z] [iter=5] HEARTBEAT target_type=call_site elapsed_min=104.8 files_done=131 resolved=276 errors=47463 current=runtime-testsuite/test/org/antlr/v4/test/runtime/dart/TestParseTrees.java
[2026-04-18T02:53:47Z] [iter=5] HEARTBEAT target_type=call_site elapsed_min=105.8 files_done=137 resolved=277 errors=47484 current=tool/src/org/antlr/v4/codegen/model/MatchSet.java
[2026-04-18T02:54:26Z] [iter=5] HEARTBEAT target_type=call_site elapsed_min=106.5 files_done=139 resolved=277 errors=47497 current=runtime/Java/src/org/antlr/v4/runtime/RuntimeMetaData.java
[2026-04-18T02:55:06Z] [iter=5] HEARTBEAT target_type=call_site elapsed_min=107.1 files_done=140 resolved=281 errors=47510 current=runtime-testsuite/test/org/antlr/v4/test/runtime/swift/TestLexerErrors.java
[2026-04-18T02:56:45Z] [iter=5] HEARTBEAT target_type=call_site elapsed_min=108.8 files_done=143 resolved=284 errors=47543 current=tool/src/org/antlr/v4/misc/MutableInt.java
[2026-04-18T02:57:15Z] [iter=5] HEARTBEAT target_type=call_site elapsed_min=109.3 files_done=147 resolved=290 errors=47553 current=runtime-testsuite/test/org/antlr/v4/test/runtime/php/TestCompositeLexers.java
[2026-04-18T02:58:03Z] [iter=5] HEARTBEAT target_type=call_site elapsed_min=110.1 files_done=151 resolved=290 errors=47569 current=runtime-testsuite/test/org/antlr/v4/test/runtime/python2/TestParserExec.java
[2026-04-18T02:58:34Z] [iter=5] HEARTBEAT target_type=call_site elapsed_min=110.6 files_done=153 resolved=291 errors=47579 current=runtime/Java/src/org/antlr/v4/runtime/LexerInterpreter.java
[2026-04-18T02:59:04Z] [iter=5] HEARTBEAT target_type=call_site elapsed_min=111.1 files_done=155 resolved=291 errors=47589 current=runtime-testsuite/test/org/antlr/v4/test/runtime/go/TestSets.java
[2026-04-18T02:59:41Z] [iter=5] HEARTBEAT target_type=call_site elapsed_min=111.7 files_done=160 resolved=296 errors=47601 current=runtime/Java/src/org/antlr/v4/runtime/InputMismatchException.java
[2026-04-18T03:00:41Z] [iter=5] HEARTBEAT target_type=call_site elapsed_min=112.7 files_done=162 resolved=297 errors=47621 current=runtime-testsuite/test/org/antlr/v4/test/runtime/javascript/TestPerformance.java
[2026-04-18T03:01:17Z] [iter=5] HEARTBEAT target_type=call_site elapsed_min=113.3 files_done=165 resolved=299 errors=47633 current=tool/src/org/antlr/v4/parse/GrammarASTAdaptor.java
[2026-04-18T03:01:50Z] [iter=5] HEARTBEAT target_type=call_site elapsed_min=113.9 files_done=171 resolved=309 errors=47644 current=runtime-testsuite/test/org/antlr/v4/test/runtime/RuntimeTestUtils.java
[2026-04-18T03:02:45Z] [iter=5] HEARTBEAT target_type=call_site elapsed_min=114.8 files_done=172 resolved=311 errors=47662 current=runtime-testsuite/test/org/antlr/v4/test/runtime/python3/TestSets.java
[2026-04-18T03:03:22Z] [iter=5] HEARTBEAT target_type=call_site elapsed_min=115.4 files_done=177 resolved=315 errors=47674 current=tool/src/org/antlr/v4/parse/ToolANTLRLexer.java
[2026-04-18T03:04:04Z] [iter=5] HEARTBEAT target_type=call_site elapsed_min=116.1 files_done=179 resolved=315 errors=47688 current=tool/src/org/antlr/v4/codegen/model/LL1AltBlock.java
[2026-04-18T03:04:58Z] [iter=5] HEARTBEAT target_type=call_site elapsed_min=117.0 files_done=181 resolved=325 errors=47706 current=runtime-testsuite/test/org/antlr/v4/test/runtime/go/TestLexerErrors.java
[2026-04-18T03:06:04Z] [iter=5] HEARTBEAT target_type=call_site elapsed_min=118.1 files_done=186 resolved=327 errors=47728 current=runtime-testsuite/test/org/antlr/v4/test/runtime/java/TestCompositeParsers.java
[2026-04-18T03:06:34Z] [iter=5] HEARTBEAT target_type=call_site elapsed_min=118.6 files_done=195 resolved=328 errors=47738 current=tool/src/org/antlr/v4/tool/ast/AltAST.java
[2026-04-18T03:07:07Z] [iter=5] HEARTBEAT target_type=call_site elapsed_min=119.2 files_done=198 resolved=330 errors=47749 current=runtime-testsuite/test/org/antlr/v4/test/runtime/php/TestLeftRecursion.java
[2026-04-18T03:07:38Z] [iter=5] HEARTBEAT target_type=call_site elapsed_min=119.7 files_done=202 resolved=336 errors=47759 current=antlr4-maven-plugin/src/main/java/org/antlr/mojo/antlr4/MojoUtils.java
[2026-04-18T03:08:10Z] [iter=5] HEARTBEAT target_type=call_site elapsed_min=120.2 files_done=203 resolved=337 errors=47770 current=runtime-testsuite/test/org/antlr/v4/test/runtime/php/TestListeners.java
[2026-04-18T03:09:14Z] [iter=5] HEARTBEAT target_type=call_site elapsed_min=121.3 files_done=208 resolved=344 errors=47791 current=runtime/Java/src/org/antlr/v4/runtime/tree/IterativeParseTreeWalker.java
[2026-04-18T03:09:53Z] [iter=5] HEARTBEAT target_type=call_site elapsed_min=121.9 files_done=209 resolved=344 errors=47804 current=runtime/Java/src/org/antlr/v4/runtime/misc/IntegerStack.java
[2026-04-18T03:10:29Z] [iter=5] HEARTBEAT target_type=call_site elapsed_min=122.5 files_done=214 resolved=346 errors=47816 current=tool/src/org/antlr/v4/codegen/model/LL1Loop.java
[2026-04-18T03:10:59Z] [iter=5] HEARTBEAT target_type=call_site elapsed_min=123.0 files_done=221 resolved=346 errors=47826 current=runtime-testsuite/test/org/antlr/v4/test/runtime/python2/TestSets.java
[2026-04-18T03:11:48Z] [iter=5] HEARTBEAT target_type=call_site elapsed_min=123.8 files_done=224 resolved=347 errors=47842 current=tool/src/org/antlr/v4/codegen/model/decl/AltLabelStructDecl.java
[2026-04-18T03:12:18Z] [iter=5] HEARTBEAT target_type=call_site elapsed_min=124.3 files_done=225 resolved=347 errors=47852 current=runtime/Java/src/org/antlr/v4/runtime/atn/ATNDeserializationOptions.java
[2026-04-18T03:13:15Z] [iter=5] HEARTBEAT target_type=call_site elapsed_min=125.3 files_done=229 resolved=348 errors=47871 current=tool/src/org/antlr/v4/tool/ast/StarBlockAST.java
[2026-04-18T03:13:48Z] [iter=5] HEARTBEAT target_type=call_site elapsed_min=125.8 files_done=232 resolved=349 errors=47882 current=runtime-testsuite/test/org/antlr/v4/test/runtime/go/TestParserErrors.java
[2026-04-18T03:14:24Z] [iter=5] HEARTBEAT target_type=call_site elapsed_min=126.4 files_done=238 resolved=350 errors=47894 current=runtime/Java/src/org/antlr/v4/runtime/tree/ErrorNodeImpl.java
[2026-04-18T03:15:00Z] [iter=5] HEARTBEAT target_type=call_site elapsed_min=127.0 files_done=241 resolved=352 errors=47906 current=runtime-testsuite/test/org/antlr/v4/test/runtime/php/TestFullContextParsing.java
[2026-04-18T03:15:31Z] [iter=5] HEARTBEAT target_type=call_site elapsed_min=127.6 files_done=248 resolved=356 errors=47916 current=runtime-testsuite/test/org/antlr/v4/test/runtime/swift/TestListeners.java
[2026-04-18T03:16:13Z] [iter=5] HEARTBEAT target_type=call_site elapsed_min=128.3 files_done=252 resolved=357 errors=47930 current=runtime-testsuite/test/org/antlr/v4/test/runtime/csharp/TestCompositeLexers.java
[2026-04-18T03:16:44Z] [iter=5] HEARTBEAT target_type=call_site elapsed_min=128.8 files_done=263 resolved=360 errors=47940 current=runtime/Java/src/org/antlr/v4/runtime/atn/LexerPopModeAction.java
[2026-04-18T03:17:14Z] [iter=5] HEARTBEAT target_type=call_site elapsed_min=129.3 files_done=268 resolved=360 errors=47950 current=runtime-testsuite/test/org/antlr/v4/test/runtime/go/TestCompositeParsers.java
[2026-04-18T03:17:48Z] [iter=5] HEARTBEAT target_type=call_site elapsed_min=129.8 files_done=274 resolved=360 errors=47961 current=runtime-testsuite/test/org/antlr/v4/test/runtime/swift/TestPerformance.java
[2026-04-18T03:18:18Z] [iter=5] HEARTBEAT target_type=call_site elapsed_min=130.3 files_done=283 resolved=360 errors=47971 current=runtime/Java/src/org/antlr/v4/runtime/atn/NotSetTransition.java
[2026-04-18T03:18:48Z] [iter=5] HEARTBEAT target_type=call_site elapsed_min=130.8 files_done=292 resolved=360 errors=47981 current=runtime-testsuite/test/org/antlr/v4/test/runtime/dart/TestParserErrors.java
[2026-04-18T03:19:19Z] [iter=5] HEARTBEAT target_type=call_site elapsed_min=131.3 files_done=302 resolved=360 errors=47991 current=tool/src/org/antlr/v4/codegen/model/LL1PlusBlockSingleAlt.java
[2026-04-18T03:19:49Z] [iter=5] HEARTBEAT target_type=call_site elapsed_min=131.9 files_done=308 resolved=360 errors=48001 current=runtime-testsuite/test/org/antlr/v4/test/runtime/go/TestCompositeLexers.java
[2026-04-18T03:20:19Z] [iter=5] HEARTBEAT target_type=call_site elapsed_min=132.4 files_done=314 resolved=360 errors=48011 current=runtime-testsuite/test/org/antlr/v4/test/runtime/php/TestSemPredEvalParser.java
[2026-04-18T03:20:50Z] [iter=5] HEARTBEAT target_type=call_site elapsed_min=132.9 files_done=323 resolved=360 errors=48021 current=runtime/Java/src/org/antlr/v4/runtime/tree/xpath/XPathElement.java
[2026-04-18T03:21:21Z] [iter=5] HEARTBEAT target_type=call_site elapsed_min=133.4 files_done=336 resolved=364 errors=48031 current=tool/src/org/antlr/v4/tool/ast/TerminalAST.java
[2026-04-18T03:24:10Z] [iter=5] HEARTBEAT target_type=call_site elapsed_min=136.2 files_done=339 resolved=364 errors=48086 current=runtime/Cpp/runtime/src/atn/SemanticContext.cpp
[2026-04-18T03:24:50Z] [iter=5] HEARTBEAT target_type=call_site elapsed_min=136.9 files_done=342 resolved=365 errors=48099 current=runtime/Cpp/runtime/src/atn/ATNDeserializer.cpp
[2026-04-18T03:32:52Z] [iter=5] HEARTBEAT target_type=call_site elapsed_min=144.9 files_done=346 resolved=374 errors=48258 current=runtime/Cpp/runtime/src/DefaultErrorStrategy.cpp
[2026-04-18T03:39:23Z] [iter=5] HEARTBEAT target_type=call_site elapsed_min=151.4 files_done=347 resolved=379 errors=48388 current=runtime/Cpp/runtime/src/atn/ParserATNSimulator.cpp
[2026-04-18T03:40:23Z] [iter=5] HEARTBEAT target_type=call_site elapsed_min=152.4 files_done=348 resolved=379 errors=48408 current=runtime/Cpp/runtime/src/atn/LexerATNSimulator.cpp
[2026-04-18T03:43:54Z] [iter=5] HEARTBEAT target_type=call_site elapsed_min=155.9 files_done=350 resolved=383 errors=48478 current=runtime/Cpp/runtime/src/UnbufferedTokenStream.cpp
[2026-04-18T03:45:25Z] [iter=5] HEARTBEAT target_type=call_site elapsed_min=157.5 files_done=351 resolved=393 errors=48508 current=runtime/Cpp/runtime/src/misc/Interval.h
[2026-04-18T03:45:59Z] [iter=5] HEARTBEAT target_type=call_site elapsed_min=158.0 files_done=354 resolved=393 errors=48519 current=runtime/Cpp/runtime/src/atn/SerializedATNView.h
[2026-04-18T03:47:03Z] [iter=5] HEARTBEAT target_type=call_site elapsed_min=159.1 files_done=355 resolved=401 errors=48540 current=runtime/Cpp/runtime/src/atn/SetTransition.cpp
[2026-04-18T03:47:51Z] [iter=5] HEARTBEAT target_type=call_site elapsed_min=159.9 files_done=359 resolved=401 errors=48556 current=runtime/Cpp/runtime/src/support/Utf8.cpp
[2026-04-18T03:52:04Z] [iter=5] HEARTBEAT target_type=call_site elapsed_min=164.1 files_done=360 resolved=403 errors=48640 current=runtime/Cpp/runtime/src/atn/PredictionContextMergeCache.cpp
[2026-04-18T03:56:42Z] [iter=5] HEARTBEAT target_type=call_site elapsed_min=168.7 files_done=363 resolved=416 errors=48732 current=runtime/Cpp/runtime/src/ANTLRInputStream.cpp
[2026-04-18T03:58:36Z] [iter=5] HEARTBEAT target_type=call_site elapsed_min=170.6 files_done=364 resolved=432 errors=48770 current=runtime/Cpp/runtime/src/tree/xpath/XPathTokenAnywhereElement.h
[2026-04-18T04:00:40Z] [iter=5] HEARTBEAT target_type=call_site elapsed_min=172.7 files_done=367 resolved=442 errors=48811 current=runtime/Cpp/runtime/src/atn/LL1Analyzer.cpp
[2026-04-18T04:01:19Z] [iter=5] HEARTBEAT target_type=call_site elapsed_min=173.4 files_done=374 resolved=442 errors=48824 current=runtime/Cpp/runtime/src/atn/PrecedencePredicateTransition.cpp
[2026-04-18T04:02:38Z] [iter=5] HEARTBEAT target_type=call_site elapsed_min=174.7 files_done=380 resolved=448 errors=48850 current=runtime/Cpp/runtime/src/ParserRuleContext.cpp
[2026-04-18T04:03:24Z] [iter=5] HEARTBEAT target_type=call_site elapsed_min=175.4 files_done=381 resolved=452 errors=48865 current=runtime/Cpp/runtime/src/tree/xpath/XPathLexer.cpp
[2026-04-18T04:03:57Z] [iter=5] HEARTBEAT target_type=call_site elapsed_min=176.0 files_done=384 resolved=452 errors=48876 current=runtime/Cpp/runtime/src/misc/InterpreterDataReader.cpp
[2026-04-18T04:05:19Z] [iter=5] HEARTBEAT target_type=call_site elapsed_min=177.3 files_done=387 resolved=462 errors=48903 current=runtime/Cpp/runtime/src/atn/SemanticContext.h
[2026-04-18T04:08:50Z] [iter=5] HEARTBEAT target_type=call_site elapsed_min=180.9 files_done=389 resolved=464 errors=48973 current=runtime/Cpp/runtime/src/atn/BasicState.h
[2026-04-18T04:09:44Z] [iter=5] HEARTBEAT target_type=call_site elapsed_min=181.8 files_done=391 resolved=464 errors=48991 current=runtime/Cpp/runtime/src/Exceptions.h
[2026-04-18T04:10:14Z] [iter=5] HEARTBEAT target_type=call_site elapsed_min=182.3 files_done=392 resolved=464 errors=49001 current=runtime/Cpp/runtime/src/LexerInterpreter.cpp
[2026-04-18T04:10:48Z] [iter=5] HEARTBEAT target_type=call_site elapsed_min=182.8 files_done=398 resolved=464 errors=49012 current=runtime/Cpp/runtime/tests/Utf8Test.cpp
[2026-04-18T04:11:18Z] [iter=5] HEARTBEAT target_type=call_site elapsed_min=183.3 files_done=403 resolved=471 errors=49022 current=runtime/Cpp/runtime/src/atn/ATNConfigSet.cpp
[2026-04-18T04:11:58Z] [iter=5] HEARTBEAT target_type=call_site elapsed_min=184.0 files_done=407 resolved=482 errors=49035 current=runtime/Cpp/runtime/src/atn/SetTransition.h
[2026-04-18T04:13:01Z] [iter=5] HEARTBEAT target_type=call_site elapsed_min=185.0 files_done=410 resolved=482 errors=49056 current=runtime/Cpp/runtime/src/RuntimeMetaData.cpp
[2026-04-18T04:13:31Z] [iter=5] HEARTBEAT target_type=call_site elapsed_min=185.6 files_done=412 resolved=484 errors=49066 current=runtime/Cpp/runtime/src/misc/Predicate.h
[2026-04-18T04:15:38Z] [iter=5] HEARTBEAT target_type=call_site elapsed_min=187.7 files_done=428 resolved=486 errors=49108 current=runtime/Cpp/runtime/src/atn/Transition.cpp
[2026-04-18T04:16:29Z] [iter=5] HEARTBEAT target_type=call_site elapsed_min=188.5 files_done=433 resolved=486 errors=49125 current=runtime/Cpp/runtime/src/misc/Interval.cpp
[2026-04-18T04:17:13Z] [iter=5] HEARTBEAT target_type=call_site elapsed_min=189.2 files_done=437 resolved=488 errors=49139 current=runtime/Cpp/runtime/src/tree/Trees.h
[2026-04-18T04:18:01Z] [iter=5] HEARTBEAT target_type=call_site elapsed_min=190.1 files_done=441 resolved=492 errors=49155 current=runtime/Cpp/runtime/src/atn/PredictionContext.h
[2026-04-18T04:18:33Z] [iter=5] HEARTBEAT target_type=call_site elapsed_min=190.6 files_done=450 resolved=493 errors=49165 current=runtime/Cpp/runtime/src/atn/PredictionContextCache.cpp
[2026-04-18T04:19:09Z] [iter=5] HEARTBEAT target_type=call_site elapsed_min=191.2 files_done=454 resolved=493 errors=49177 current=runtime/Cpp/runtime/src/tree/ErrorNodeImpl.cpp
[2026-04-18T04:19:52Z] [iter=5] HEARTBEAT target_type=call_site elapsed_min=191.9 files_done=457 resolved=493 errors=49191 current=runtime/Cpp/runtime/src/tree/pattern/RuleTagToken.cpp
[2026-04-18T04:20:36Z] [iter=5] HEARTBEAT target_type=call_site elapsed_min=192.6 files_done=466 resolved=493 errors=49205 current=runtime/Cpp/runtime/src/tree/AbstractParseTreeVisitor.h
[2026-04-18T04:21:09Z] [iter=5] HEARTBEAT target_type=call_site elapsed_min=193.2 files_done=467 resolved=493 errors=49216 current=runtime/Cpp/runtime/src/atn/ActionTransition.cpp
[2026-04-18T04:21:44Z] [iter=5] HEARTBEAT target_type=call_site elapsed_min=193.8 files_done=477 resolved=496 errors=49227 current=runtime/Cpp/runtime/src/atn/BlockStartState.h
[2026-04-18T04:22:22Z] [iter=5] HEARTBEAT target_type=call_site elapsed_min=194.4 files_done=483 resolved=496 errors=49239 current=runtime/Cpp/runtime/src/atn/EpsilonTransition.h
[2026-04-18T04:23:02Z] [iter=5] HEARTBEAT target_type=call_site elapsed_min=195.1 files_done=491 resolved=497 errors=49252 current=runtime/Cpp/runtime/src/atn/ATNConfig.h
[2026-04-18T04:23:33Z] [iter=5] CHECKPOINT TRIGGERED elapsed_min=195.6 files_completed=881 new_files_this_iter=500 mem_mb=1718 MB
[2026-04-18T04:23:33Z] [iter=5] Writing partial enrichment graph path=/home/runner/work/forx/forx/storage/aggregate/lsp/c7567ba9bb40c361dda60e60e2bc932a16d2adf8.nq.gz triples=168448
[2026-04-18T04:23:37Z] [iter=5] Checkpoint written, exiting with code 7
[2026-04-18T04:23:37Z] [iter=5] PHASE END: enrich (checkpointed) elapsed_s=11735 elapsed_min=195.6 files_completed=881
