[2026-04-17T12:48:35Z] === ENRICH ITERATION 2 START | repo=antlr/antlr4 sha=c7567ba9 ===
[2026-04-17T12:48:35Z] [iter=2] PHASE START: enrich repo=antlr/antlr4 sha=c7567ba9 runlog=/home/runner/work/forx/forx/storage/aggregate/lsp/logs/c7567ba9-enrich-iter-002.log output=/home/runner/work/forx/forx/storage/aggregate/lsp/c7567ba9bb40c361dda60e60e2bc932a16d2adf8.nq.gz
[2026-04-17T12:48:35Z] [iter=2] Step 1: Loading AST into disk-backed store mem_mb=77 MB
[2026-04-17T12:49:50Z] [iter=2] AST store loaded triples=7455915 load_secs=73 mem_mb=1071 MB
[2026-04-17T12:49:50Z] [iter=2] Step 2: Finding LSP targets mem_mb=1071 MB
[2026-04-17T12:50:17Z] [iter=2] LSP targets found call_sites=45450 imports=6428 extends=1157 implements=0 secs=26
[2026-04-17T12:50:19Z] [iter=2] Loaded checkpoint partial graph triples=49221
[2026-04-17T12:50:44Z] [iter=2] Step 2.7: Building position index (one-shot, shared across resolvers) mem_mb=1071 MB
[2026-04-17T12:51:29Z] [iter=2] Position index built positions=505350 nodes_with_types=613214 secs=45 mem_mb=1571 MB
[2026-04-17T12:51:29Z] [iter=2] Step 3: Starting LSP resolution mem_mb=1571 MB already_completed_types=[] already_completed_files=25
[2026-04-17T12:51:29Z] [iter=2] Resolving target type target_type=call_site count=45450
[2026-04-17T12:51:30Z] [iter=2] HEARTBEAT target_type=call_site elapsed_min=2.9 files_done=0 resolved=0 errors=0 current=runtime/Python3/tests/parser/clexer.py
[2026-04-17T13:20:30Z] [iter=2] HEARTBEAT target_type=call_site elapsed_min=31.9 files_done=1 resolved=3 errors=589 current=runtime/Python3/src/antlr4/atn/PredictionMode.py
[2026-04-17T13:21:24Z] [iter=2] HEARTBEAT target_type=call_site elapsed_min=32.8 files_done=2 resolved=30 errors=607 current=runtime/Python2/src/antlr4/ParserInterpreter.py
[2026-04-17T13:23:16Z] [iter=2] HEARTBEAT target_type=call_site elapsed_min=34.7 files_done=3 resolved=41 errors=645 current=runtime/Python3/src/antlr4/atn/ATNDeserializer.py
[2026-04-17T13:29:48Z] [iter=2] HEARTBEAT target_type=call_site elapsed_min=41.2 files_done=4 resolved=114 errors=777 current=runtime/Python3/src/antlr4/atn/ATNConfig.py
[2026-04-17T13:30:30Z] [iter=2] HEARTBEAT target_type=call_site elapsed_min=41.9 files_done=5 resolved=133 errors=791 current=runtime/Python3/src/antlr4/tree/Tree.py
[2026-04-17T13:31:43Z] [iter=2] HEARTBEAT target_type=call_site elapsed_min=43.1 files_done=6 resolved=140 errors=815 current=runtime/Python3/src/antlr4/IntervalSet.py
[2026-04-17T13:32:51Z] [iter=2] HEARTBEAT target_type=call_site elapsed_min=44.3 files_done=7 resolved=165 errors=838 current=runtime/Python3/tests/expr/ExprParser.py
[2026-04-17T13:42:30Z] [iter=2] HEARTBEAT target_type=call_site elapsed_min=53.9 files_done=8 resolved=239 errors=1034 current=runtime/Python2/src/antlr4/atn/LexerATNSimulator.py
[2026-04-17T13:46:21Z] [iter=2] HEARTBEAT target_type=call_site elapsed_min=57.8 files_done=9 resolved=280 errors=1112 current=runtime/Python2/src/antlr4/Lexer.py
[2026-04-17T13:48:07Z] [iter=2] HEARTBEAT target_type=call_site elapsed_min=59.5 files_done=10 resolved=290 errors=1148 current=runtime/Python2/src/antlr4/Parser.py
[2026-04-17T13:52:28Z] [iter=2] HEARTBEAT target_type=call_site elapsed_min=63.9 files_done=11 resolved=316 errors=1236 current=runtime/Python3/src/antlr4/ListTokenSource.py
[2026-04-17T13:53:19Z] [iter=2] HEARTBEAT target_type=call_site elapsed_min=64.7 files_done=13 resolved=336 errors=1253 current=runtime/Python2/src/antlr4/atn/PredictionMode.py
[2026-04-17T13:54:15Z] [iter=2] HEARTBEAT target_type=call_site elapsed_min=65.7 files_done=14 resolved=358 errors=1272 current=runtime/Python3/src/antlr4/Lexer.py
[2026-04-17T13:56:02Z] [iter=2] HEARTBEAT target_type=call_site elapsed_min=67.4 files_done=15 resolved=368 errors=1308 current=runtime/Python3/src/antlr4/atn/SemanticContext.py
[2026-04-17T13:57:36Z] [iter=2] HEARTBEAT target_type=call_site elapsed_min=69.0 files_done=16 resolved=402 errors=1340 current=runtime/Python3/src/antlr4/error/ErrorStrategy.py
[2026-04-17T14:01:52Z] [iter=2] HEARTBEAT target_type=call_site elapsed_min=73.3 files_done=17 resolved=413 errors=1427 current=runtime/Python3/src/antlr4/ParserRuleContext.py
[2026-04-17T14:02:39Z] [iter=2] HEARTBEAT target_type=call_site elapsed_min=74.1 files_done=18 resolved=425 errors=1443 current=runtime/Python3/src/antlr4/xpath/XPathLexer.py
[2026-04-17T14:05:19Z] [iter=2] HEARTBEAT target_type=call_site elapsed_min=76.7 files_done=20 resolved=481 errors=1497 current=runtime/Python3/src/antlr4/RuleContext.py
[2026-04-17T14:06:09Z] [iter=2] HEARTBEAT target_type=call_site elapsed_min=77.6 files_done=21 resolved=488 errors=1514 current=runtime/Swift/boot.py
[2026-04-17T14:07:12Z] [iter=2] HEARTBEAT target_type=call_site elapsed_min=78.6 files_done=22 resolved=526 errors=1535 current=runtime/Python2/src/antlr4/atn/ATNState.py
[2026-04-17T14:09:07Z] [iter=2] HEARTBEAT target_type=call_site elapsed_min=80.5 files_done=24 resolved=587 errors=1574 current=runtime/Python3/tests/mocks/TestLexer.py
[2026-04-17T14:10:27Z] [iter=2] HEARTBEAT target_type=call_site elapsed_min=81.9 files_done=25 resolved=595 errors=1601 current=runtime/Python3/src/antlr4/error/DiagnosticErrorListener.py
[2026-04-17T14:12:08Z] [iter=2] HEARTBEAT target_type=call_site elapsed_min=83.5 files_done=26 resolved=605 errors=1635 current=runtime/Python2/src/antlr4/atn/ATNSimulator.py
[2026-04-17T14:12:49Z] [iter=2] HEARTBEAT target_type=call_site elapsed_min=84.2 files_done=28 resolved=615 errors=1649 current=runtime/Python2/src/antlr4/atn/LexerActionExecutor.py
[2026-04-17T14:14:57Z] [iter=2] HEARTBEAT target_type=call_site elapsed_min=86.4 files_done=30 resolved=661 errors=1692 current=runtime/Python3/src/antlr4/tree/ParseTreeMatch.py
[2026-04-17T14:17:10Z] [iter=2] HEARTBEAT target_type=call_site elapsed_min=88.6 files_done=32 resolved=682 errors=1737 current=runtime/Python2/src/antlr4/error/ErrorStrategy.py
[2026-04-17T14:21:36Z] [iter=2] HEARTBEAT target_type=call_site elapsed_min=93.0 files_done=33 resolved=691 errors=1826 current=scripts/parse-extended-pictographic/parse.py
[2026-04-17T14:22:29Z] [iter=2] HEARTBEAT target_type=call_site elapsed_min=93.9 files_done=35 resolved=708 errors=1844 current=runtime/Python3/src/antlr4/atn/LexerATNSimulator.py
[2026-04-17T14:26:22Z] [iter=2] HEARTBEAT target_type=call_site elapsed_min=97.8 files_done=36 resolved=749 errors=1922 current=runtime/Python2/src/antlr4/atn/LexerAction.py
[2026-04-17T14:26:53Z] [iter=2] HEARTBEAT target_type=call_site elapsed_min=98.3 files_done=37 resolved=781 errors=1932 current=runtime/Python2/src/antlr4/atn/ATN.py
[2026-04-17T14:27:38Z] [iter=2] HEARTBEAT target_type=call_site elapsed_min=99.1 files_done=38 resolved=787 errors=1947 current=runtime/Python2/src/antlr4/PredictionContext.py
[2026-04-17T14:30:36Z] [iter=2] HEARTBEAT target_type=call_site elapsed_min=102.0 files_done=39 resolved=843 errors=2007 current=runtime/Python3/tests/xpathtest.py
[2026-04-17T14:31:26Z] [iter=2] HEARTBEAT target_type=call_site elapsed_min=102.9 files_done=41 resolved=882 errors=2024 current=runtime/Python3/src/antlr4/tree/Trees.py
[2026-04-17T14:33:14Z] [iter=2] HEARTBEAT target_type=call_site elapsed_min=104.6 files_done=42 resolved=896 errors=2060 current=runtime/Python2/src/antlr4/atn/Transition.py
[2026-04-17T14:33:49Z] [iter=2] HEARTBEAT target_type=call_site elapsed_min=105.2 files_done=43 resolved=928 errors=2072 current=runtime/Python2/src/antlr4/tree/Tree.py
[2026-04-17T14:35:01Z] [iter=2] HEARTBEAT target_type=call_site elapsed_min=106.4 files_done=44 resolved=933 errors=2096 current=runtime/Python3/src/antlr4/atn/ATNConfigSet.py
[2026-04-17T14:36:30Z] [iter=2] HEARTBEAT target_type=call_site elapsed_min=107.9 files_done=45 resolved=951 errors=2126 current=runtime/Python3/tests/run.py
[2026-04-17T14:37:47Z] [iter=2] HEARTBEAT target_type=call_site elapsed_min=109.2 files_done=48 resolved=1006 errors=2152 current=runtime/Python2/src/antlr4/Utils.py
[2026-04-17T14:38:25Z] [iter=2] HEARTBEAT target_type=call_site elapsed_min=109.8 files_done=49 resolved=1008 errors=2165 current=runtime/Python2/src/antlr4/atn/ATNConfig.py
[2026-04-17T14:39:06Z] [iter=2] HEARTBEAT target_type=call_site elapsed_min=110.5 files_done=50 resolved=1022 errors=2179 current=runtime/Python2/src/antlr4/atn/ATNConfigSet.py
[2026-04-17T14:40:35Z] [iter=2] HEARTBEAT target_type=call_site elapsed_min=112.0 files_done=51 resolved=1036 errors=2209 current=runtime/Python2/src/antlr4/RuleContext.py
[2026-04-17T14:41:25Z] [iter=2] HEARTBEAT target_type=call_site elapsed_min=112.8 files_done=52 resolved=1041 errors=2226 current=runtime/Python3/src/antlr4/Utils.py
[2026-04-17T14:41:58Z] [iter=2] HEARTBEAT target_type=call_site elapsed_min=113.4 files_done=53 resolved=1044 errors=2237 current=runtime/Python3/src/antlr4/LL1Analyzer.py
[2026-04-17T14:43:20Z] [iter=2] HEARTBEAT target_type=call_site elapsed_min=114.8 files_done=54 resolved=1060 errors=2265 current=runtime/Python3/src/antlr4/ParserInterpreter.py
[2026-04-17T14:45:12Z] [iter=2] HEARTBEAT target_type=call_site elapsed_min=116.6 files_done=55 resolved=1071 errors=2303 current=runtime/Python2/tests/mocks/TestLexer.py
[2026-04-17T14:46:32Z] [iter=2] HEARTBEAT target_type=call_site elapsed_min=118.0 files_done=56 resolved=1079 errors=2330 current=scripts/deploy.py
[2026-04-17T14:47:20Z] [iter=2] HEARTBEAT target_type=call_site elapsed_min=118.7 files_done=57 resolved=1105 errors=2346 current=runtime/Python2/src/antlr4/atn/SemanticContext.py
[2026-04-17T14:48:55Z] [iter=2] HEARTBEAT target_type=call_site elapsed_min=120.3 files_done=58 resolved=1136 errors=2378 current=runtime/Python2/src/antlr4/ParserRuleContext.py
[2026-04-17T14:49:42Z] [iter=2] HEARTBEAT target_type=call_site elapsed_min=121.1 files_done=59 resolved=1148 errors=2394 current=runtime/Python2/src/antlr4/tree/ParseTreeMatch.py
[2026-04-17T14:50:18Z] [iter=2] HEARTBEAT target_type=call_site elapsed_min=121.7 files_done=61 resolved=1157 errors=2406 current=runtime/Python3/src/antlr4/CommonTokenStream.py
[2026-04-17T14:51:08Z] [iter=2] HEARTBEAT target_type=call_site elapsed_min=122.6 files_done=63 resolved=1199 errors=2423 current=runtime/Python3/src/antlr4/error/Errors.py
[2026-04-17T14:52:02Z] [iter=2] HEARTBEAT target_type=call_site elapsed_min=123.4 files_done=65 resolved=1226 errors=2441 current=runtime/Python2/src/antlr4/Token.py
[2026-04-17T14:53:16Z] [iter=2] HEARTBEAT target_type=call_site elapsed_min=124.7 files_done=66 resolved=1229 errors=2466 current=runtime/Python3/src/antlr4/atn/LexerActionExecutor.py
[2026-04-17T14:53:52Z] [iter=2] HEARTBEAT target_type=call_site elapsed_min=125.3 files_done=68 resolved=1238 errors=2478 current=scripts/github_release_notes.py
[2026-04-17T14:54:28Z] [iter=2] HEARTBEAT target_type=call_site elapsed_min=125.9 files_done=70 resolved=1257 errors=2490 current=runtime/Python2/src/antlr4/InputStream.py
[2026-04-17T14:55:25Z] [iter=2] HEARTBEAT target_type=call_site elapsed_min=126.8 files_done=71 resolved=1263 errors=2509 current=runtime/Python2/src/antlr4/error/Errors.py
[2026-04-17T14:55:57Z] [iter=2] HEARTBEAT target_type=call_site elapsed_min=127.4 files_done=72 resolved=1280 errors=2520 current=runtime/Python3/src/antlr4/tree/ParseTreePattern.py
[2026-04-17T14:56:54Z] [iter=2] HEARTBEAT target_type=call_site elapsed_min=128.3 files_done=74 resolved=1282 errors=2539 current=runtime/Python2/src/antlr4/ListTokenSource.py
[2026-04-17T14:57:26Z] [iter=2] HEARTBEAT target_type=call_site elapsed_min=128.9 files_done=77 resolved=1301 errors=2550 current=runtime/Python2/src/antlr4/error/ErrorListener.py
[2026-04-17T14:58:40Z] [iter=2] HEARTBEAT target_type=call_site elapsed_min=130.1 files_done=80 resolved=1319 errors=2575 current=runtime/Python3/tests/TestRecognizer.py
[2026-04-17T14:59:11Z] [iter=2] HEARTBEAT target_type=call_site elapsed_min=130.6 files_done=84 resolved=1327 errors=2585 current=runtime/Python2/src/antlr4/atn/ATNDeserializationOptions.py
[2026-04-17T14:59:49Z] [iter=2] HEARTBEAT target_type=call_site elapsed_min=131.2 files_done=90 resolved=1348 errors=2598 current=runtime/Python2/src/antlr4/tree/RuleTagToken.py
[2026-04-17T15:00:31Z] [iter=2] HEARTBEAT target_type=call_site elapsed_min=131.9 files_done=97 resolved=1368 errors=2612 current=runtime/Python2/setup.py
[2026-04-17T15:01:08Z] [iter=2] HEARTBEAT target_type=call_site elapsed_min=132.5 files_done=100 resolved=1370 errors=2624 current=runtime/JavaScript/spec/IntervalSetSpec.js
[2026-04-17T15:02:57Z] [iter=2] HEARTBEAT target_type=call_site elapsed_min=134.4 files_done=101 resolved=1370 errors=2661 current=runtime/JavaScript/src/antlr4/misc/HashCode.js
[2026-04-17T15:04:29Z] [iter=2] HEARTBEAT target_type=call_site elapsed_min=135.9 files_done=103 resolved=1372 errors=2692 current=runtime/JavaScript/src/antlr4/tree/ParseTreeWalker.js
[2026-04-17T15:05:10Z] [iter=2] HEARTBEAT target_type=call_site elapsed_min=136.6 files_done=104 resolved=1372 errors=2706 current=runtime/JavaScript/src/antlr4/action/LexerCustomAction.js
[2026-04-17T15:08:31Z] [iter=2] HEARTBEAT target_type=call_site elapsed_min=139.9 files_done=106 resolved=1385 errors=2774 current=runtime/JavaScript/src/antlr4/atn/ParserATNSimulator.js
[2026-04-17T15:18:09Z] [iter=2] HEARTBEAT target_type=call_site elapsed_min=149.6 files_done=107 resolved=1426 errors=2969 current=runtime/JavaScript/src/antlr4/tree/Trees.js
[2026-04-17T15:19:47Z] [iter=2] HEARTBEAT target_type=call_site elapsed_min=151.2 files_done=108 resolved=1426 errors=3002 current=runtime/JavaScript/src/antlr4/polyfills/codepointat.js
[2026-04-17T15:20:29Z] [iter=2] HEARTBEAT target_type=call_site elapsed_min=151.9 files_done=110 resolved=1429 errors=3016 current=runtime/JavaScript/src/antlr4/atn/ATNDeserializer.js
[2026-04-17T15:25:55Z] [iter=2] HEARTBEAT target_type=call_site elapsed_min=157.3 files_done=111 resolved=1429 errors=3126 current=runtime/JavaScript/src/antlr4/tree/ParseTreeVisitor.js
[2026-04-17T15:30:21Z] [iter=2] HEARTBEAT target_type=call_site elapsed_min=161.8 files_done=113 resolved=1431 errors=3216 current=runtime/JavaScript/src/antlr4/atn/SemanticContext.js
[2026-04-17T15:32:43Z] [iter=2] HEARTBEAT target_type=call_site elapsed_min=164.1 files_done=114 resolved=1433 errors=3264 current=runtime/JavaScript/src/antlr4/context/ArrayPredictionContext.js
[2026-04-17T15:37:36Z] [iter=2] HEARTBEAT target_type=call_site elapsed_min=169.0 files_done=116 resolved=1435 errors=3363 current=runtime/JavaScript/src/antlr4/misc/IntervalSet.js
[2026-04-17T15:39:34Z] [iter=2] HEARTBEAT target_type=call_site elapsed_min=171.0 files_done=117 resolved=1440 errors=3403 current=runtime/JavaScript/src/antlr4/atn/ATNConfigSet.js
[2026-04-17T15:40:30Z] [iter=2] HEARTBEAT target_type=call_site elapsed_min=171.9 files_done=118 resolved=1441 errors=3422 current=runtime/JavaScript/src/antlr4/dfa/DFAState.js
[2026-04-17T15:41:15Z] [iter=2] HEARTBEAT target_type=call_site elapsed_min=172.7 files_done=121 resolved=1446 errors=3437 current=runtime/JavaScript/src/antlr4/context/PredictionContextUtils.js
[2026-04-17T15:43:45Z] [iter=2] HEARTBEAT target_type=call_site elapsed_min=175.2 files_done=122 resolved=1446 errors=3488 current=runtime/JavaScript/src/antlr4/atn/LexerATNConfig.js
[2026-04-17T15:45:49Z] [iter=2] HEARTBEAT target_type=call_site elapsed_min=177.2 files_done=125 resolved=1446 errors=3530 current=runtime/JavaScript/src/antlr4/atn/ATNConfig.js
[2026-04-17T15:46:29Z] [iter=2] HEARTBEAT target_type=call_site elapsed_min=177.9 files_done=126 resolved=1446 errors=3543 current=runtime/JavaScript/src/antlr4/utils/equalArrays.js
[2026-04-17T15:47:19Z] [iter=2] HEARTBEAT target_type=call_site elapsed_min=178.7 files_done=128 resolved=1455 errors=3560 current=runtime/JavaScript/src/antlr4/action/LexerMoreAction.js
[2026-04-17T15:49:17Z] [iter=2] HEARTBEAT target_type=call_site elapsed_min=180.7 files_done=130 resolved=1458 errors=3599 current=runtime/JavaScript/src/antlr4/error/ProxyErrorListener.js
[2026-04-17T15:50:07Z] [iter=2] HEARTBEAT target_type=call_site elapsed_min=181.5 files_done=132 resolved=1458 errors=3616 current=runtime/JavaScript/src/antlr4/Recognizer.js
[2026-04-17T15:50:43Z] [iter=2] HEARTBEAT target_type=call_site elapsed_min=182.1 files_done=133 resolved=1461 errors=3628 current=runtime/JavaScript/src/antlr4/CommonToken.js
[2026-04-17T15:51:24Z] [iter=2] HEARTBEAT target_type=call_site elapsed_min=182.8 files_done=136 resolved=1463 errors=3642 current=runtime/JavaScript/src/antlr4/misc/BitSet.js
[2026-04-17T15:52:00Z] [iter=2] HEARTBEAT target_type=call_site elapsed_min=183.4 files_done=138 resolved=1467 errors=3654 current=runtime/JavaScript/src/antlr4/atn/LL1Analyzer.js
[2026-04-17T15:53:30Z] [iter=2] HEARTBEAT target_type=call_site elapsed_min=184.9 files_done=139 resolved=1467 errors=3684 current=runtime/JavaScript/src/antlr4/tree/RuleNode.js
[2026-04-17T15:54:05Z] [iter=2] HEARTBEAT target_type=call_site elapsed_min=185.5 files_done=142 resolved=1467 errors=3696 current=runtime/JavaScript/src/antlr4/error/DiagnosticErrorListener.js
[2026-04-17T15:54:56Z] [iter=2] HEARTBEAT target_type=call_site elapsed_min=186.4 files_done=143 resolved=1467 errors=3713 current=runtime/JavaScript/src/antlr4/utils/escapeWhitespace.js
[2026-04-17T15:55:29Z] [iter=2] HEARTBEAT target_type=call_site elapsed_min=186.9 files_done=146 resolved=1467 errors=3724 current=runtime/JavaScript/src/antlr4/CommonTokenFactory.js
[2026-04-17T15:56:02Z] [iter=2] HEARTBEAT target_type=call_site elapsed_min=187.4 files_done=152 resolved=1471 errors=3735 current=runtime/JavaScript/src/antlr4/error/InputMismatchException.js
[2026-04-17T15:56:58Z] [iter=2] HEARTBEAT target_type=call_site elapsed_min=188.4 files_done=154 resolved=1471 errors=3754 current=runtime/JavaScript/src/antlr4/atn/PrecedencePredicate.js
[2026-04-17T15:57:34Z] [iter=2] HEARTBEAT target_type=call_site elapsed_min=189.0 files_done=158 resolved=1474 errors=3766 current=runtime/JavaScript/src/antlr4/misc/HashSet.js
[2026-04-17T15:58:04Z] [iter=2] HEARTBEAT target_type=call_site elapsed_min=189.5 files_done=159 resolved=1481 errors=3776 current=runtime/JavaScript/src/antlr4/state/StarBlockStartState.js
[2026-04-17T15:58:48Z] [iter=2] HEARTBEAT target_type=call_site elapsed_min=190.2 files_done=163 resolved=1481 errors=3791 current=runtime/JavaScript/src/antlr4/transition/NotSetTransition.js
[2026-04-17T15:59:24Z] [iter=2] HEARTBEAT target_type=call_site elapsed_min=190.8 files_done=165 resolved=1481 errors=3803 current=runtime/JavaScript/src/antlr4/action/LexerIndexedCustomAction.js
[2026-04-17T16:00:03Z] [iter=2] HEARTBEAT target_type=call_site elapsed_min=191.5 files_done=169 resolved=1484 errors=3816 current=runtime/JavaScript/src/antlr4/state/PlusBlockStartState.js
[2026-04-17T16:00:38Z] [iter=2] HEARTBEAT target_type=call_site elapsed_min=192.1 files_done=176 resolved=1485 errors=3828 current=runtime/JavaScript/src/antlr4/misc/Interval.js
[2026-04-17T16:01:11Z] [iter=2] HEARTBEAT target_type=call_site elapsed_min=192.6 files_done=180 resolved=1485 errors=3839 current=runtime/JavaScript/src/antlr4/error/ParseCancellationException.js
[2026-04-17T16:01:41Z] [iter=2] HEARTBEAT target_type=call_site elapsed_min=193.1 files_done=186 resolved=1487 errors=3849 current=runtime/JavaScript/src/antlr4/error/NoViableAltException.js
[2026-04-17T16:02:17Z] [iter=2] HEARTBEAT target_type=call_site elapsed_min=193.7 files_done=194 resolved=1487 errors=3861 current=runtime/JavaScript/src/antlr4/context/PredictionContext.js
[2026-04-17T16:02:51Z] [iter=2] HEARTBEAT target_type=call_site elapsed_min=194.3 files_done=201 resolved=1489 errors=3872 current=runtime/JavaScript/src/antlr4/state/DecisionState.js
[2026-04-17T16:03:41Z] [iter=2] HEARTBEAT target_type=call_site elapsed_min=195.1 files_done=212 resolved=1490 errors=49332 current=tool/src/org/antlr/v4/codegen/ActionTranslator.java
[2026-04-17T16:10:30Z] [iter=2] HEARTBEAT target_type=call_site elapsed_min=201.9 files_done=213 resolved=1490 errors=49464 current=tool/src/org/antlr/v4/semantics/BasicSemanticChecks.java
[2026-04-17T16:19:38Z] [iter=2] HEARTBEAT target_type=call_site elapsed_min=211.1 files_done=214 resolved=1498 errors=49648 current=runtime-testsuite/test/org/antlr/v4/test/runtime/java/api/perf/TimeLexerSpeed.java
[2026-04-17T16:24:39Z] [iter=2] HEARTBEAT target_type=call_site elapsed_min=216.1 files_done=215 resolved=1549 errors=49748 current=runtime/Java/src/org/antlr/v4/runtime/atn/ParserATNSimulator.java
[2026-04-17T16:37:48Z] [iter=2] HEARTBEAT target_type=call_site elapsed_min=229.2 files_done=216 resolved=1589 errors=50013 current=runtime-testsuite/test/org/antlr/v4/test/runtime/dart/BaseDartTest.java
[2026-04-17T16:43:23Z] [iter=2] HEARTBEAT target_type=call_site elapsed_min=234.8 files_done=217 resolved=1606 errors=50126 current=tool/src/org/antlr/v4/misc/Utils.java
[2026-04-17T16:45:23Z] [iter=2] HEARTBEAT target_type=call_site elapsed_min=236.8 files_done=218 resolved=1613 errors=50166 current=runtime/Java/src/org/antlr/v4/runtime/atn/PredictionContext.java
[2026-04-17T16:48:42Z] [iter=2] CHECKPOINT TRIGGERED elapsed_min=240.1 files_completed=243 new_files_this_iter=218 mem_mb=1602 MB
[2026-04-17T16:48:42Z] [iter=2] Writing partial enrichment graph path=/home/runner/work/forx/forx/storage/aggregate/lsp/c7567ba9bb40c361dda60e60e2bc932a16d2adf8.nq.gz triples=82840
[2026-04-17T16:48:44Z] [iter=2] Checkpoint written, exiting with code 7
[2026-04-17T16:48:44Z] [iter=2] PHASE END: enrich (checkpointed) elapsed_s=14407 elapsed_min=240.1 files_completed=243
