[2026-04-16T01:22:10Z] === ENRICH ITERATION 6 START | repo=antlr/antlr4 sha=d23f010a ===
[2026-04-16T01:22:10Z] [iter=6] PHASE START: enrich repo=antlr/antlr4 sha=d23f010a runlog=/home/runner/work/forx/forx/storage/aggregate/lsp/logs/d23f010a-enrich-iter-006.log output=/home/runner/work/forx/forx/storage/aggregate/lsp/d23f010a3642a650076caea5a03b586cba37d7a0.nq.gz
[2026-04-16T01:22:10Z] [iter=6] Step 1: Loading AST into disk-backed store mem_mb=77 MB
[2026-04-16T01:23:26Z] [iter=6] AST store loaded triples=7787626 load_secs=73 mem_mb=1073 MB
[2026-04-16T01:23:26Z] [iter=6] Step 2: Finding LSP targets mem_mb=1073 MB
[2026-04-16T01:23:52Z] [iter=6] LSP targets found call_sites=47444 imports=5854 extends=992 implements=0 secs=26
[2026-04-16T01:23:59Z] [iter=6] Loaded checkpoint partial graph triples=157912
[2026-04-16T01:24:24Z] [iter=6] Step 2.7: Building position index (one-shot, shared across resolvers) mem_mb=1073 MB
[2026-04-16T01:25:08Z] [iter=6] Position index built positions=526833 nodes_with_types=637989 secs=45 mem_mb=1863 MB
[2026-04-16T01:25:08Z] [iter=6] Step 3: Starting LSP resolution mem_mb=1863 MB already_completed_types=[] already_completed_files=372
[2026-04-16T01:25:08Z] [iter=6] Resolving target type target_type=call_site count=47444
[2026-04-16T01:25:32Z] [iter=6] HEARTBEAT target_type=call_site elapsed_min=3.4 files_done=0 resolved=0 errors=0 current=tool-testsuite/test/org/antlr/v4/test/tool/TestGraphNodes.java
[2026-04-16T01:45:36Z] [iter=6] HEARTBEAT target_type=call_site elapsed_min=23.4 files_done=1 resolved=34 errors=385 current=runtime/Java/src/org/antlr/v4/runtime/atn/ATNState.java
[2026-04-16T01:46:35Z] [iter=6] HEARTBEAT target_type=call_site elapsed_min=24.4 files_done=2 resolved=39 errors=403 current=tool/src/org/antlr/v4/codegen/target/Python2Target.java
[2026-04-16T01:47:07Z] [iter=6] HEARTBEAT target_type=call_site elapsed_min=24.9 files_done=3 resolved=40 errors=413 current=runtime/Java/src/org/antlr/v4/runtime/misc/FlexibleHashMap.java
[2026-04-16T01:49:33Z] [iter=6] HEARTBEAT target_type=call_site elapsed_min=27.4 files_done=4 resolved=44 errors=460 current=tool/src/org/antlr/v4/tool/ast/GrammarASTWithOptions.java
[2026-04-16T01:50:10Z] [iter=6] HEARTBEAT target_type=call_site elapsed_min=28.0 files_done=5 resolved=45 errors=472 current=tool-testsuite/test/org/antlr/v4/test/tool/TestActionTranslation.java
[2026-04-16T01:53:14Z] [iter=6] HEARTBEAT target_type=call_site elapsed_min=31.1 files_done=6 resolved=46 errors=531 current=runtime/Java/src/org/antlr/v4/runtime/atn/LexerMoreAction.java
[2026-04-16T02:00:56Z] [iter=6] HEARTBEAT target_type=call_site elapsed_min=38.8 files_done=8 resolved=46 errors=680 current=tool-testsuite/test/org/antlr/v4/test/tool/TestLookaheadTrees.java
[2026-04-16T02:01:52Z] [iter=6] HEARTBEAT target_type=call_site elapsed_min=39.7 files_done=9 resolved=48 errors=698 current=runtime/Java/src/org/antlr/v4/runtime/tree/xpath/XPathRuleElement.java
[2026-04-16T02:03:30Z] [iter=6] HEARTBEAT target_type=call_site elapsed_min=41.3 files_done=11 resolved=65 errors=714 current=tool-testsuite/test/org/antlr/v4/test/tool/TestUnicodeEscapes.java
[2026-04-16T02:04:10Z] [iter=6] HEARTBEAT target_type=call_site elapsed_min=42.0 files_done=12 resolved=66 errors=727 current=runtime/Java/src/org/antlr/v4/runtime/atn/LexerATNConfig.java
[2026-04-16T02:04:50Z] [iter=6] HEARTBEAT target_type=call_site elapsed_min=42.7 files_done=13 resolved=66 errors=740 current=tool/src/org/antlr/v4/tool/Alternative.java
[2026-04-16T02:06:14Z] [iter=6] HEARTBEAT target_type=call_site elapsed_min=44.1 files_done=14 resolved=66 errors=767 current=runtime/Java/src/org/antlr/v4/runtime/BufferedTokenStream.java
[2026-04-16T02:12:08Z] [iter=6] HEARTBEAT target_type=call_site elapsed_min=50.0 files_done=15 resolved=66 errors=870 current=tool/src/org/antlr/v4/codegen/model/VisitorFile.java
[2026-04-16T02:12:51Z] [iter=6] HEARTBEAT target_type=call_site elapsed_min=50.7 files_done=16 resolved=66 errors=884 current=runtime/Java/src/org/antlr/v4/runtime/ANTLRInputStream.java
[2026-04-16T02:13:44Z] [iter=6] HEARTBEAT target_type=call_site elapsed_min=51.6 files_done=18 resolved=68 errors=901 current=antlr4-maven-plugin/src/main/java/org/antlr/mojo/antlr4/MojoUtils.java
[2026-04-16T02:14:18Z] [iter=6] HEARTBEAT target_type=call_site elapsed_min=52.1 files_done=19 resolved=69 errors=912 current=runtime/Java/src/org/antlr/v4/runtime/atn/LexerModeAction.java
[2026-04-16T02:15:04Z] [iter=6] HEARTBEAT target_type=call_site elapsed_min=52.9 files_done=21 resolved=72 errors=927 current=runtime/Java/src/org/antlr/v4/runtime/dfa/LexerDFASerializer.java
[2026-04-16T02:18:26Z] [iter=6] HEARTBEAT target_type=call_site elapsed_min=56.3 files_done=23 resolved=75 errors=992 current=tool/src/org/antlr/v4/semantics/SymbolCollector.java
[2026-04-16T02:20:08Z] [iter=6] HEARTBEAT target_type=call_site elapsed_min=58.0 files_done=24 resolved=75 errors=1025 current=runtime/Java/src/org/antlr/v4/runtime/tree/TerminalNodeImpl.java
[2026-04-16T02:20:38Z] [iter=6] HEARTBEAT target_type=call_site elapsed_min=58.5 files_done=27 resolved=75 errors=1035 current=tool-testsuite/test/org/antlr/v4/test/tool/TestEscapeSequenceParsing.java
[2026-04-16T02:21:41Z] [iter=6] HEARTBEAT target_type=call_site elapsed_min=59.5 files_done=28 resolved=92 errors=1055 current=tool/src/org/antlr/v4/codegen/model/Lexer.java
[2026-04-16T02:22:15Z] [iter=6] HEARTBEAT target_type=call_site elapsed_min=60.1 files_done=29 resolved=92 errors=1066 current=runtime/Java/src/org/antlr/v4/runtime/atn/Transition.java
[2026-04-16T02:24:01Z] [iter=6] HEARTBEAT target_type=call_site elapsed_min=61.8 files_done=32 resolved=107 errors=1100 current=tool/src/org/antlr/v4/codegen/model/RuleActionFunction.java
[2026-04-16T02:24:41Z] [iter=6] HEARTBEAT target_type=call_site elapsed_min=62.5 files_done=34 resolved=110 errors=1113 current=runtime/Java/src/org/antlr/v4/runtime/tree/pattern/ParseTreeMatch.java
[2026-04-16T02:25:46Z] [iter=6] HEARTBEAT target_type=call_site elapsed_min=63.6 files_done=36 resolved=113 errors=1134 current=runtime-testsuite/test/org/antlr/v4/test/runtime/states/JavaCompiledState.java
[2026-04-16T02:26:37Z] [iter=6] HEARTBEAT target_type=call_site elapsed_min=64.5 files_done=39 resolved=113 errors=1144 current=runtime/Java/src/org/antlr/v4/runtime/UnbufferedCharStream.java
[2026-04-16T02:27:42Z] [iter=6] HEARTBEAT target_type=call_site elapsed_min=65.5 files_done=40 resolved=120 errors=1165 current=runtime/Java/src/org/antlr/v4/runtime/atn/LL1Analyzer.java
[2026-04-16T02:29:55Z] [iter=6] HEARTBEAT target_type=call_site elapsed_min=67.8 files_done=41 resolved=120 errors=1208 current=runtime-testsuite/test/org/antlr/v4/test/runtime/go/GoRunner.java
[2026-04-16T02:30:29Z] [iter=6] HEARTBEAT target_type=call_site elapsed_min=68.3 files_done=44 resolved=120 errors=1219 current=runtime/Java/src/org/antlr/v4/runtime/dfa/DFA.java
[2026-04-16T02:31:40Z] [iter=6] HEARTBEAT target_type=call_site elapsed_min=69.5 files_done=46 resolved=122 errors=1242 current=tool/src/org/antlr/v4/gui/Trees.java
[2026-04-16T02:33:13Z] [iter=6] HEARTBEAT target_type=call_site elapsed_min=71.0 files_done=47 resolved=125 errors=1272 current=tool-testsuite/test/org/antlr/v4/test/tool/TestXPath.java
[2026-04-16T02:34:14Z] [iter=6] HEARTBEAT target_type=call_site elapsed_min=72.1 files_done=48 resolved=128 errors=1292 current=tool/src/org/antlr/v4/codegen/target/DartTarget.java
[2026-04-16T02:36:24Z] [iter=6] HEARTBEAT target_type=call_site elapsed_min=74.2 files_done=51 resolved=135 errors=1334 current=tool/src/org/antlr/v4/codegen/target/Python3Target.java
[2026-04-16T02:36:55Z] [iter=6] HEARTBEAT target_type=call_site elapsed_min=74.7 files_done=52 resolved=136 errors=1344 current=runtime/Java/src/org/antlr/v4/runtime/CommonTokenFactory.java
[2026-04-16T02:37:32Z] [iter=6] HEARTBEAT target_type=call_site elapsed_min=75.4 files_done=54 resolved=137 errors=1356 current=runtime/Java/src/org/antlr/v4/runtime/atn/RangeTransition.java
[2026-04-16T02:38:15Z] [iter=6] HEARTBEAT target_type=call_site elapsed_min=76.1 files_done=56 resolved=139 errors=1370 current=runtime/Java/src/org/antlr/v4/runtime/tree/pattern/ParseTreePattern.java
[2026-04-16T02:38:46Z] [iter=6] HEARTBEAT target_type=call_site elapsed_min=76.6 files_done=58 resolved=144 errors=1380 current=tool-testsuite/test/org/antlr/v4/test/tool/TestToolSyntaxErrors.java
[2026-04-16T02:41:08Z] [iter=6] HEARTBEAT target_type=call_site elapsed_min=79.0 files_done=59 resolved=145 errors=1426 current=runtime/Java/src/org/antlr/v4/runtime/atn/PredictionMode.java
[2026-04-16T02:43:05Z] [iter=6] HEARTBEAT target_type=call_site elapsed_min=80.9 files_done=60 resolved=145 errors=1464 current=runtime-testsuite/test/org/antlr/v4/test/runtime/javascript/NodeRunner.java
[2026-04-16T02:43:46Z] [iter=6] HEARTBEAT target_type=call_site elapsed_min=81.6 files_done=63 resolved=145 errors=1477 current=tool/src/org/antlr/v4/misc/MutableInt.java
[2026-04-16T02:44:42Z] [iter=6] HEARTBEAT target_type=call_site elapsed_min=82.5 files_done=66 resolved=152 errors=1495 current=tool-testsuite/test/org/antlr/v4/test/tool/TestLexerActions.java
[2026-04-16T02:45:25Z] [iter=6] HEARTBEAT target_type=call_site elapsed_min=83.2 files_done=67 resolved=166 errors=1509 current=tool-testsuite/test/org/antlr/v4/test/tool/TestParserExec.java
[2026-04-16T02:46:02Z] [iter=6] HEARTBEAT target_type=call_site elapsed_min=83.9 files_done=69 resolved=176 errors=1521 current=tool/src/org/antlr/v4/misc/Graph.java
[2026-04-16T02:46:55Z] [iter=6] HEARTBEAT target_type=call_site elapsed_min=84.7 files_done=70 resolved=176 errors=1538 current=runtime-testsuite/test/org/antlr/v4/test/runtime/java/TestIntegerList.java
[2026-04-16T02:48:52Z] [iter=6] HEARTBEAT target_type=call_site elapsed_min=86.7 files_done=73 resolved=177 errors=1576 current=runtime-testsuite/test/org/antlr/v4/test/runtime/StreamReader.java
[2026-04-16T02:49:43Z] [iter=6] HEARTBEAT target_type=call_site elapsed_min=87.6 files_done=77 resolved=186 errors=1592 current=tool-testsuite/test/org/antlr/v4/test/tool/TestGrammarParserInterpreter.java
[2026-04-16T02:50:40Z] [iter=6] HEARTBEAT target_type=call_site elapsed_min=88.5 files_done=78 resolved=187 errors=1610 current=tool/src/org/antlr/v4/codegen/DefaultOutputModelFactory.java
[2026-04-16T02:51:18Z] [iter=6] HEARTBEAT target_type=call_site elapsed_min=89.1 files_done=79 resolved=188 errors=1622 current=antlr4-maven-plugin/src/main/java/org/antlr/mojo/antlr4/Antlr4ErrorLog.java
[2026-04-16T02:52:23Z] [iter=6] HEARTBEAT target_type=call_site elapsed_min=90.2 files_done=80 resolved=188 errors=1643 current=tool/src/org/antlr/v4/misc/OrderedHashMap.java
[2026-04-16T02:53:16Z] [iter=6] HEARTBEAT target_type=call_site elapsed_min=91.1 files_done=82 resolved=192 errors=1660 current=tool/src/org/antlr/v4/tool/ast/GrammarRootAST.java
[2026-04-16T02:55:01Z] [iter=6] HEARTBEAT target_type=call_site elapsed_min=92.9 files_done=84 resolved=197 errors=1694 current=tool/src/org/antlr/v4/codegen/model/Choice.java
[2026-04-16T02:55:48Z] [iter=6] HEARTBEAT target_type=call_site elapsed_min=93.6 files_done=85 resolved=197 errors=1709 current=runtime/Java/src/org/antlr/v4/runtime/tree/xpath/XPathTokenElement.java
[2026-04-16T02:56:19Z] [iter=6] HEARTBEAT target_type=call_site elapsed_min=94.1 files_done=88 resolved=202 errors=1719 current=runtime/Java/src/org/antlr/v4/runtime/RecognitionException.java
[2026-04-16T02:57:45Z] [iter=6] HEARTBEAT target_type=call_site elapsed_min=95.6 files_done=90 resolved=205 errors=1747 current=tool/src/org/antlr/v4/codegen/model/decl/ContextGetterDecl.java
[2026-04-16T02:58:26Z] [iter=6] HEARTBEAT target_type=call_site elapsed_min=96.3 files_done=92 resolved=205 errors=1760 current=tool/src/org/antlr/v4/codegen/model/SemPred.java
[2026-04-16T02:59:15Z] [iter=6] HEARTBEAT target_type=call_site elapsed_min=97.1 files_done=93 resolved=205 errors=1776 current=tool/src/org/antlr/v4/codegen/model/SerializedJavaATN.java
[2026-04-16T03:00:22Z] [iter=6] HEARTBEAT target_type=call_site elapsed_min=98.2 files_done=95 resolved=206 errors=1787 current=runtime-testsuite/test/org/antlr/v4/test/runtime/python2/Python2Runner.java
[2026-04-16T03:01:14Z] [iter=6] HEARTBEAT target_type=call_site elapsed_min=99.1 files_done=98 resolved=208 errors=1804 current=runtime/Java/src/org/antlr/v4/runtime/tree/IterativeParseTreeWalker.java
[2026-04-16T03:02:30Z] [iter=6] HEARTBEAT target_type=call_site elapsed_min=100.3 files_done=99 resolved=208 errors=1817 current=runtime/Java/src/org/antlr/v4/runtime/atn/ParseInfo.java
[2026-04-16T03:03:25Z] [iter=6] HEARTBEAT target_type=call_site elapsed_min=101.2 files_done=100 resolved=208 errors=1828 current=runtime/Java/src/org/antlr/v4/runtime/misc/MultiMap.java
[2026-04-16T03:05:14Z] [iter=6] HEARTBEAT target_type=call_site elapsed_min=103.1 files_done=105 resolved=217 errors=1863 current=tool-testsuite/test/org/antlr/v4/test/tool/MockIntTokenStream.java
[2026-04-16T03:06:06Z] [iter=6] HEARTBEAT target_type=call_site elapsed_min=103.9 files_done=107 resolved=218 errors=1880 current=runtime/Java/src/org/antlr/v4/runtime/RuntimeMetaData.java
[2026-04-16T03:06:47Z] [iter=6] HEARTBEAT target_type=call_site elapsed_min=104.6 files_done=108 resolved=222 errors=1893 current=runtime/Java/src/org/antlr/v4/runtime/VocabularyImpl.java
[2026-04-16T03:07:19Z] [iter=6] HEARTBEAT target_type=call_site elapsed_min=105.2 files_done=109 resolved=228 errors=1897 current=tool/src/org/antlr/v4/tool/ast/StarBlockAST.java
[2026-04-16T03:08:06Z] [iter=6] HEARTBEAT target_type=call_site elapsed_min=105.9 files_done=113 resolved=241 errors=1912 current=runtime-testsuite/test/org/antlr/v4/test/runtime/RuntimeTestDescriptor.java
[2026-04-16T03:09:51Z] [iter=6] HEARTBEAT target_type=call_site elapsed_min=107.7 files_done=117 resolved=244 errors=1946 current=runtime/Java/src/org/antlr/v4/runtime/atn/CodePointTransitions.java
[2026-04-16T03:10:25Z] [iter=6] HEARTBEAT target_type=call_site elapsed_min=108.3 files_done=119 resolved=244 errors=1957 current=tool-testsuite/test/org/antlr/v4/test/tool/TestAttributeChecks.java
[2026-04-16T03:11:09Z] [iter=6] HEARTBEAT target_type=call_site elapsed_min=109.0 files_done=120 resolved=244 errors=1971 current=tool/src/org/antlr/v4/codegen/model/LL1OptionalBlockSingleAlt.java
[2026-04-16T03:11:46Z] [iter=6] HEARTBEAT target_type=call_site elapsed_min=109.6 files_done=122 resolved=244 errors=1983 current=tool/src/org/antlr/v4/codegen/model/ParserFile.java
[2026-04-16T03:12:42Z] [iter=6] HEARTBEAT target_type=call_site elapsed_min=110.5 files_done=124 resolved=246 errors=2001 current=tool/src/org/antlr/v4/codegen/model/Loop.java
[2026-04-16T03:13:32Z] [iter=6] HEARTBEAT target_type=call_site elapsed_min=111.4 files_done=128 resolved=247 errors=2017 current=runtime/Java/src/org/antlr/v4/runtime/tree/pattern/TagChunk.java
[2026-04-16T03:14:15Z] [iter=6] HEARTBEAT target_type=call_site elapsed_min=112.1 files_done=130 resolved=247 errors=2031 current=runtime/Java/src/org/antlr/v4/runtime/atn/ATNDeserializationOptions.java
[2026-04-16T03:15:08Z] [iter=6] HEARTBEAT target_type=call_site elapsed_min=113.0 files_done=135 resolved=250 errors=2048 current=runtime/Java/src/org/antlr/v4/runtime/InputMismatchException.java
[2026-04-16T03:15:52Z] [iter=6] HEARTBEAT target_type=call_site elapsed_min=113.7 files_done=137 resolved=250 errors=2062 current=runtime/Java/src/org/antlr/v4/runtime/atn/SetTransition.java
[2026-04-16T03:16:38Z] [iter=6] HEARTBEAT target_type=call_site elapsed_min=114.5 files_done=144 resolved=250 errors=2077 current=tool/src/org/antlr/v4/automata/RangeBorderCharactersData.java
[2026-04-16T03:17:16Z] [iter=6] HEARTBEAT target_type=call_site elapsed_min=115.1 files_done=147 resolved=255 errors=2089 current=runtime-testsuite/test/org/antlr/v4/test/runtime/states/GeneratedState.java
[2026-04-16T03:17:53Z] [iter=6] HEARTBEAT target_type=call_site elapsed_min=115.7 files_done=152 resolved=262 errors=2101 current=runtime/Java/src/org/antlr/v4/runtime/atn/EmptyPredictionContext.java
[2026-04-16T03:18:37Z] [iter=6] HEARTBEAT target_type=call_site elapsed_min=116.5 files_done=158 resolved=265 errors=2115 current=tool/src/org/antlr/v4/tool/GrammarSyntaxMessage.java
[2026-04-16T03:19:15Z] [iter=6] HEARTBEAT target_type=call_site elapsed_min=117.1 files_done=161 resolved=266 errors=2127 current=tool-testsuite/test/org/antlr/v4/test/tool/InterpreterTreeTextProvider.java
[2026-04-16T03:19:49Z] [iter=6] HEARTBEAT target_type=call_site elapsed_min=117.7 files_done=168 resolved=270 errors=2138 current=runtime/Java/src/org/antlr/v4/runtime/tree/xpath/XPathWildcardElement.java
[2026-04-16T03:20:21Z] [iter=6] HEARTBEAT target_type=call_site elapsed_min=118.2 files_done=172 resolved=271 errors=2148 current=tool/src/org/antlr/v4/codegen/target/JavaTarget.java
[2026-04-16T03:21:06Z] [iter=6] HEARTBEAT target_type=call_site elapsed_min=118.9 files_done=173 resolved=272 errors=2148 current=runtime/Java/src/org/antlr/v4/runtime/ProxyErrorListener.java
[2026-04-16T03:21:53Z] [iter=6] HEARTBEAT target_type=call_site elapsed_min=119.7 files_done=180 resolved=278 errors=2163 current=runtime/Java/src/org/antlr/v4/runtime/atn/NotSetTransition.java
[2026-04-16T03:22:31Z] [iter=6] HEARTBEAT target_type=call_site elapsed_min=120.3 files_done=190 resolved=278 errors=2175 current=runtime/Java/src/org/antlr/v4/runtime/BailErrorStrategy.java
[2026-04-16T03:23:05Z] [iter=6] HEARTBEAT target_type=call_site elapsed_min=120.9 files_done=197 resolved=278 errors=2186 current=runtime-testsuite/test/org/antlr/v4/test/runtime/java/JavaRuntimeTests.java
[2026-04-16T03:25:26Z] [iter=6] HEARTBEAT target_type=call_site elapsed_min=123.3 files_done=212 resolved=282 errors=49675 current=runtime/JavaScript/src/antlr4/atn/ATNDeserializer.js
[2026-04-16T03:31:07Z] [iter=6] HEARTBEAT target_type=call_site elapsed_min=129.0 files_done=213 resolved=282 errors=49785 current=runtime/JavaScript/src/antlr4/atn/ATNConfig.js
[2026-04-16T03:31:47Z] [iter=6] HEARTBEAT target_type=call_site elapsed_min=129.6 files_done=214 resolved=282 errors=49798 current=runtime/JavaScript/src/antlr4/atn/SemanticContext.js
[2026-04-16T03:34:15Z] [iter=6] HEARTBEAT target_type=call_site elapsed_min=132.1 files_done=215 resolved=284 errors=49846 current=runtime/JavaScript/src/antlr4/atn/ParserATNSimulator.js
[2026-04-16T03:44:15Z] [iter=6] HEARTBEAT target_type=call_site elapsed_min=142.1 files_done=216 resolved=325 errors=50041 current=runtime/JavaScript/src/antlr4/InputStream.js
[2026-04-16T03:46:33Z] [iter=6] HEARTBEAT target_type=call_site elapsed_min=144.4 files_done=218 resolved=332 errors=50086 current=runtime/JavaScript/src/antlr4/error/DefaultErrorStrategy.js
[2026-04-16T03:51:14Z] [iter=6] HEARTBEAT target_type=call_site elapsed_min=149.1 files_done=219 resolved=334 errors=50177 current=runtime/JavaScript/src/antlr4/error/DiagnosticErrorListener.js
[2026-04-16T03:52:07Z] [iter=6] HEARTBEAT target_type=call_site elapsed_min=149.9 files_done=220 resolved=334 errors=50194 current=runtime/JavaScript/src/antlr4/Parser.js
[2026-04-16T03:56:32Z] [iter=6] HEARTBEAT target_type=call_site elapsed_min=154.4 files_done=221 resolved=335 errors=50280 current=runtime/JavaScript/src/antlr4/error/RecognitionException.js
[2026-04-16T03:57:15Z] [iter=6] HEARTBEAT target_type=call_site elapsed_min=155.1 files_done=225 resolved=340 errors=50294 current=runtime/JavaScript/src/antlr4/tree/Trees.js
[2026-04-16T03:58:57Z] [iter=6] HEARTBEAT target_type=call_site elapsed_min=156.8 files_done=226 resolved=340 errors=50327 current=runtime/JavaScript/src/antlr4/transition/PrecedencePredicateTransition.js
[2026-04-16T03:59:28Z] [iter=6] HEARTBEAT target_type=call_site elapsed_min=157.3 files_done=228 resolved=340 errors=50337 current=runtime/JavaScript/src/antlr4/misc/HashSet.js
[2026-04-16T03:59:59Z] [iter=6] HEARTBEAT target_type=call_site elapsed_min=157.8 files_done=229 resolved=347 errors=50347 current=runtime/JavaScript/src/antlr4/transition/WildcardTransition.js
[2026-04-16T04:01:06Z] [iter=6] HEARTBEAT target_type=call_site elapsed_min=158.9 files_done=232 resolved=354 errors=50369 current=runtime/JavaScript/src/antlr4/atn/LexerATNSimulator.js
[2026-04-16T04:04:27Z] [iter=6] HEARTBEAT target_type=call_site elapsed_min=162.3 files_done=233 resolved=367 errors=50434 current=runtime/JavaScript/src/antlr4/tree/ErrorNodeImpl.js
[2026-04-16T04:06:43Z] [iter=6] HEARTBEAT target_type=call_site elapsed_min=164.5 files_done=236 resolved=367 errors=50478 current=runtime/JavaScript/src/antlr4/context/PredictionContextUtils.js
[2026-04-16T04:09:20Z] [iter=6] HEARTBEAT target_type=call_site elapsed_min=167.2 files_done=237 resolved=367 errors=50529 current=runtime/JavaScript/src/antlr4/tree/ParseTreeWalker.js
[2026-04-16T04:10:03Z] [iter=6] HEARTBEAT target_type=call_site elapsed_min=167.9 files_done=238 resolved=367 errors=50543 current=runtime/JavaScript/src/antlr4/atn/LL1Analyzer.js
[2026-04-16T04:11:38Z] [iter=6] HEARTBEAT target_type=call_site elapsed_min=169.5 files_done=239 resolved=367 errors=50573 current=runtime/JavaScript/src/antlr4/atn/PredictionMode.js
[2026-04-16T04:13:00Z] [iter=6] HEARTBEAT target_type=call_site elapsed_min=170.8 files_done=240 resolved=367 errors=50598 current=runtime/JavaScript/spec/IntervalSetSpec.js
[2026-04-16T04:14:54Z] [iter=6] HEARTBEAT target_type=call_site elapsed_min=172.7 files_done=241 resolved=367 errors=50635 current=runtime/JavaScript/src/antlr4/misc/BitSet.js
[2026-04-16T04:15:25Z] [iter=6] HEARTBEAT target_type=call_site elapsed_min=173.3 files_done=243 resolved=371 errors=50645 current=runtime/JavaScript/src/antlr4/dfa/LexerDFASerializer.js
[2026-04-16T04:16:39Z] [iter=6] HEARTBEAT target_type=call_site elapsed_min=174.5 files_done=246 resolved=373 errors=50669 current=runtime/JavaScript/src/antlr4/utils/stringHashCode.js
[2026-04-16T04:17:32Z] [iter=6] HEARTBEAT target_type=call_site elapsed_min=175.4 files_done=249 resolved=379 errors=50686 current=runtime/JavaScript/src/antlr4/CommonTokenFactory.js
[2026-04-16T04:18:18Z] [iter=6] HEARTBEAT target_type=call_site elapsed_min=176.1 files_done=252 resolved=379 errors=50701 current=runtime/JavaScript/src/antlr4/context/ParserRuleContext.js
[2026-04-16T04:19:14Z] [iter=6] HEARTBEAT target_type=call_site elapsed_min=177.1 files_done=254 resolved=379 errors=50719 current=runtime/JavaScript/src/antlr4/error/NoViableAltException.js
[2026-04-16T04:20:19Z] [iter=6] HEARTBEAT target_type=call_site elapsed_min=178.1 files_done=258 resolved=382 errors=50740 current=runtime/JavaScript/src/antlr4/error/ConsoleErrorListener.js
[2026-04-16T04:21:11Z] [iter=6] HEARTBEAT target_type=call_site elapsed_min=179.0 files_done=262 resolved=387 errors=50757 current=runtime/JavaScript/src/antlr4/atn/ATN.js
[2026-04-16T04:22:01Z] [iter=6] HEARTBEAT target_type=call_site elapsed_min=179.8 files_done=263 resolved=387 errors=50773 current=runtime/JavaScript/src/antlr4/transition/ActionTransition.js
[2026-04-16T04:22:35Z] [iter=6] HEARTBEAT target_type=call_site elapsed_min=180.4 files_done=267 resolved=387 errors=50784 current=runtime/JavaScript/src/antlr4/state/RuleStartState.js
[2026-04-16T04:23:08Z] [iter=6] HEARTBEAT target_type=call_site elapsed_min=181.0 files_done=270 resolved=387 errors=50795 current=runtime/JavaScript/src/antlr4/transition/RangeTransition.js
[2026-04-16T04:23:42Z] [iter=6] HEARTBEAT target_type=call_site elapsed_min=181.5 files_done=273 resolved=389 errors=50806 current=runtime/JavaScript/src/antlr4/polyfills/fromcodepoint.js
[2026-04-16T04:24:23Z] [iter=6] HEARTBEAT target_type=call_site elapsed_min=182.2 files_done=276 resolved=392 errors=50819 current=runtime/JavaScript/src/antlr4/utils/escapeWhitespace.js
[2026-04-16T04:24:53Z] [iter=6] HEARTBEAT target_type=call_site elapsed_min=182.7 files_done=278 resolved=394 errors=50829 current=runtime/JavaScript/src/antlr4/tree/ParseTreeVisitor.js
[2026-04-16T04:25:27Z] [iter=6] HEARTBEAT target_type=call_site elapsed_min=183.3 files_done=281 resolved=395 errors=50840 current=runtime/JavaScript/src/antlr4/transition/PredicateTransition.js
[2026-04-16T04:26:04Z] [iter=6] HEARTBEAT target_type=call_site elapsed_min=183.9 files_done=289 resolved=396 errors=50852 current=runtime/JavaScript/src/antlr4/context/ArrayPredictionContext.js
[2026-04-16T04:26:41Z] [iter=6] HEARTBEAT target_type=call_site elapsed_min=184.5 files_done=292 resolved=396 errors=50864 current=runtime/JavaScript/src/antlr4/transition/RuleTransition.js
[2026-04-16T04:27:19Z] [iter=6] HEARTBEAT target_type=call_site elapsed_min=185.1 files_done=298 resolved=398 errors=50876 current=runtime/JavaScript/src/antlr4/error/BailErrorStrategy.js
[2026-04-16T04:27:50Z] [iter=6] HEARTBEAT target_type=call_site elapsed_min=185.7 files_done=309 resolved=400 errors=50886 current=runtime/JavaScript/src/antlr4/action/LexerMoreAction.js
[2026-04-16T04:28:20Z] [iter=6] HEARTBEAT target_type=call_site elapsed_min=186.2 files_done=315 resolved=400 errors=50896 current=runtime/JavaScript/src/antlr4/state/BasicState.js
[2026-04-16T04:28:51Z] [iter=6] HEARTBEAT target_type=call_site elapsed_min=186.7 files_done=323 resolved=400 errors=50906 current=runtime/JavaScript/src/antlr4/action/LexerTypeAction.js
[2026-04-16T04:29:21Z] [iter=6] HEARTBEAT target_type=call_site elapsed_min=187.2 files_done=414 resolved=400 errors=50908 current=runtime/CSharp/src/Atn/ConflictInfo.cs
[2026-04-16T04:33:44Z] [iter=6] HEARTBEAT target_type=call_site elapsed_min=191.6 files_done=436 resolved=402 errors=50992 current=runtime/Cpp/runtime/src/atn/BlockStartState.h
[2026-04-16T04:36:52Z] [iter=6] HEARTBEAT target_type=call_site elapsed_min=194.7 files_done=439 resolved=405 errors=51053 current=runtime/Cpp/runtime/src/tree/ParseTreeWalker.cpp
[2026-04-16T04:45:05Z] [iter=6] HEARTBEAT target_type=call_site elapsed_min=202.9 files_done=442 resolved=408 errors=51213 current=runtime/Cpp/runtime/src/atn/ProfilingATNSimulator.cpp
[2026-04-16T04:46:20Z] [iter=6] HEARTBEAT target_type=call_site elapsed_min=204.2 files_done=445 resolved=414 errors=51237 current=runtime/Cpp/runtime/src/atn/PlusBlockStartState.h
[2026-04-16T04:47:22Z] [iter=6] HEARTBEAT target_type=call_site elapsed_min=205.2 files_done=449 resolved=414 errors=51257 current=runtime/Cpp/runtime/src/atn/ATNDeserializer.cpp
[2026-04-16T04:50:24Z] [iter=6] HEARTBEAT target_type=call_site elapsed_min=208.2 files_done=452 resolved=420 errors=51316 current=runtime/Cpp/runtime/src/CommonTokenFactory.cpp
[2026-04-16T04:50:55Z] [iter=6] HEARTBEAT target_type=call_site elapsed_min=208.8 files_done=456 resolved=420 errors=51326 current=runtime/Cpp/runtime/src/UnbufferedTokenStream.cpp
[2026-04-16T04:52:28Z] [iter=6] HEARTBEAT target_type=call_site elapsed_min=210.3 files_done=457 resolved=430 errors=51356 current=runtime/Cpp/runtime/src/CommonToken.cpp
[2026-04-16T04:54:10Z] [iter=6] HEARTBEAT target_type=call_site elapsed_min=212.0 files_done=458 resolved=432 errors=51389 current=runtime/Cpp/runtime/src/TokenStreamRewriter.cpp
[2026-04-16T04:58:41Z] [iter=6] HEARTBEAT target_type=call_site elapsed_min=216.5 files_done=459 resolved=435 errors=51477 current=runtime/Cpp/runtime/src/atn/LexerSkipAction.h
[2026-04-16T05:05:33Z] [iter=6] HEARTBEAT target_type=call_site elapsed_min=223.4 files_done=461 resolved=440 errors=51611 current=runtime/Cpp/runtime/src/atn/PredictionContext.cpp
[2026-04-16T05:06:04Z] [iter=6] HEARTBEAT target_type=call_site elapsed_min=223.9 files_done=463 resolved=447 errors=51621 current=runtime/Cpp/runtime/src/atn/SerializedATNView.h
[2026-04-16T05:07:09Z] [iter=6] HEARTBEAT target_type=call_site elapsed_min=225.0 files_done=464 resolved=455 errors=51642 current=runtime/Cpp/runtime/src/atn/LexerCustomAction.cpp
[2026-04-16T05:09:06Z] [iter=6] HEARTBEAT target_type=call_site elapsed_min=226.9 files_done=466 resolved=471 errors=51680 current=runtime/Cpp/runtime/src/misc/MurmurHash.h
[2026-04-16T05:09:58Z] [iter=6] HEARTBEAT target_type=call_site elapsed_min=227.8 files_done=467 resolved=471 errors=51697 current=runtime/Cpp/runtime/src/atn/SemanticContext.cpp
[2026-04-16T05:13:56Z] [iter=6] HEARTBEAT target_type=call_site elapsed_min=231.8 files_done=470 resolved=473 errors=51774 current=runtime/Cpp/runtime/src/atn/ATNConfigSet.cpp
[2026-04-16T05:14:35Z] [iter=6] HEARTBEAT target_type=call_site elapsed_min=232.4 files_done=479 resolved=476 errors=51786 current=runtime/Cpp/runtime/src/atn/WildcardTransition.h
[2026-04-16T05:15:12Z] [iter=6] HEARTBEAT target_type=call_site elapsed_min=233.0 files_done=486 resolved=476 errors=51798 current=runtime/Cpp/runtime/src/atn/PredictionContextMergeCache.cpp
[2026-04-16T05:15:53Z] [iter=6] HEARTBEAT target_type=call_site elapsed_min=233.7 files_done=492 resolved=482 errors=51811 current=runtime/Cpp/runtime/src/Recognizer.cpp
[2026-04-16T05:17:13Z] [iter=6] HEARTBEAT target_type=call_site elapsed_min=235.1 files_done=493 resolved=488 errors=51837 current=runtime/Cpp/runtime/src/atn/LexerIndexedCustomAction.cpp
[2026-04-16T05:18:12Z] [iter=6] HEARTBEAT target_type=call_site elapsed_min=236.0 files_done=497 resolved=491 errors=51856 current=runtime/Cpp/runtime/src/support/CPPUtils.cpp
[2026-04-16T05:18:28Z] [iter=6] CHECKPOINT TRIGGERED elapsed_min=236.3 files_completed=872 new_files_this_iter=500 mem_mb=1863 MB
[2026-04-16T05:18:28Z] [iter=6] Writing partial enrichment graph path=/home/runner/work/forx/forx/storage/aggregate/lsp/d23f010a3642a650076caea5a03b586cba37d7a0.nq.gz triples=187238
[2026-04-16T05:18:32Z] [iter=6] Checkpoint written, exiting with code 7
[2026-04-16T05:18:32Z] [iter=6] PHASE END: enrich (checkpointed) elapsed_s=14178 elapsed_min=236.3 files_completed=872
